<?xml version="1.0" encoding="UTF-8"?>
<!-- Generated by org.testng.reporters.JUnitReportReporter -->
<testsuite hostname="ShopRedesign04" name="com.tcs.BsiShopRedesign.sprint7.UnregisteredUserCheckout" tests="1" failures="0" timestamp="13 Nov 2018 17:09:44 GMT" time="77.542" errors="0">
  <testcase name="CheckLoginAlertOnChekout" time="77.542" classname="com.tcs.BsiShopRedesign.sprint7.UnregisteredUserCheckout"/>
</testsuite> <!-- com.tcs.BsiShopRedesign.sprint7.UnregisteredUserCheckout -->
