<?xml version="1.0" encoding="UTF-8"?>
<!-- Generated by org.testng.reporters.JUnitReportReporter -->
<testsuite hostname="ShopRedesign04" name="com.tcs.BsiShopRedesign.sprint4_5.AddInvoiceToBasketFromMemTab" tests="2" failures="0" timestamp="14 Nov 2018 16:57:36 GMT" time="33.358" errors="0">
  <testcase name="signInMember" time="11.949" classname="com.tcs.BsiShopRedesign.sprint4_5.AddInvoiceToBasketFromMemTab"/>
  <testcase name="AddInvoiceToBasket" time="21.409" classname="com.tcs.BsiShopRedesign.sprint4_5.AddInvoiceToBasketFromMemTab"/>
</testsuite> <!-- com.tcs.BsiShopRedesign.sprint4_5.AddInvoiceToBasketFromMemTab -->
