<?xml version="1.0" encoding="UTF-8"?>
<!-- Generated by org.testng.reporters.JUnitReportReporter -->
<testsuite hostname="ShopRedesign04" name="com.tcs.BsiShopRedesign.sprint9.VerifyOrderDetailsWithCMS" tests="2" failures="0" timestamp="5 Dec 2018 20:56:36 GMT" time="180.833" errors="0">
  <testcase name="signIn" time="17.264" classname="com.tcs.BsiShopRedesign.sprint9.VerifyOrderDetailsWithCMS"/>
  <testcase name="applyPromoCode" time="163.569" classname="com.tcs.BsiShopRedesign.sprint9.VerifyOrderDetailsWithCMS"/>
</testsuite> <!-- com.tcs.BsiShopRedesign.sprint9.VerifyOrderDetailsWithCMS -->
