<?xml version="1.0" encoding="UTF-8"?>
<!-- Generated by org.testng.reporters.JUnitReportReporter -->
<testsuite hostname="ShopRedesign04" name="com.tcs.BsiShopRedesign.sprint9.VerifyForgotPassword" tests="1" failures="0" timestamp="10 Jan 2019 19:44:20 GMT" time="13.268" errors="0">
  <testcase name="validateCheckoutNonUKDetailsHardCopy" time="13.268" classname="com.tcs.BsiShopRedesign.sprint9.VerifyForgotPassword"/>
</testsuite> <!-- com.tcs.BsiShopRedesign.sprint9.VerifyForgotPassword -->
