<?xml version="1.0" encoding="UTF-8"?>
<!-- Generated by org.testng.reporters.JUnitReportReporter -->
<testsuite hostname="ShopRedesign04" name="com.tcs.BsiShopRedesign.sprint9.VerifyRecentlyViewedProducts" tests="1" failures="0" timestamp="27 Oct 2018 14:40:45 GMT" time="97.955" errors="0">
  <testcase name="blankSearch" time="97.955" classname="com.tcs.BsiShopRedesign.sprint9.VerifyRecentlyViewedProducts"/>
</testsuite> <!-- com.tcs.BsiShopRedesign.sprint9.VerifyRecentlyViewedProducts -->
