<?xml version="1.0" encoding="UTF-8"?>
<!-- Generated by org.testng.reporters.JUnitReportReporter -->
<testsuite hostname="ShopRedesign04" name="com.tcs.BsiShopRedesign.sprint2.RegisterSubscriptions" tests="3" failures="0" timestamp="3 Sep 2018 16:43:37 GMT" time="118.862" errors="0">
  <testcase name="regCNQuote" time="43.569" classname="com.tcs.BsiShopRedesign.sprint2.RegisterSubscriptions"/>
  <testcase name="regBSOLQuote" time="39.398" classname="com.tcs.BsiShopRedesign.sprint2.RegisterSubscriptions"/>
  <testcase name="regEurocodes" time="35.895" classname="com.tcs.BsiShopRedesign.sprint2.RegisterSubscriptions"/>
</testsuite> <!-- com.tcs.BsiShopRedesign.sprint2.RegisterSubscriptions -->
