<?xml version="1.0" encoding="UTF-8"?>
<!-- Generated by org.testng.reporters.JUnitReportReporter -->
<testsuite hostname="ShopRedesign04" name="com.tcs.BsiShopRedesign.cms.ResetPassword" tests="2" failures="0" timestamp="15 Nov 2018 16:13:58 GMT" time="42.318" errors="0">
  <testcase name="signInCms" time="9.853" classname="com.tcs.BsiShopRedesign.cms.ResetPassword"/>
  <testcase name="verifyCmsDetails" time="32.465" classname="com.tcs.BsiShopRedesign.cms.ResetPassword"/>
</testsuite> <!-- com.tcs.BsiShopRedesign.cms.ResetPassword -->
