<?xml version="1.0" encoding="UTF-8"?>
<!-- Generated by org.testng.reporters.JUnitReportReporter -->
<testsuite hostname="ShopRedesign04" name="com.tcs.BsiShopRedesign.sprint1.MyProfileTenAddresses" tests="5" failures="0" timestamp="5 Dec 2018 20:56:36 GMT" time="701.678" errors="0">
  <testcase name="signIn" time="59.475" classname="com.tcs.BsiShopRedesign.sprint1.MyProfileTenAddresses"/>
  <testcase name="addTenDeliveryAddress" time="199.483" classname="com.tcs.BsiShopRedesign.sprint1.MyProfileTenAddresses"/>
  <testcase name="deleteTenBillingAddress" time="76.890" classname="com.tcs.BsiShopRedesign.sprint1.MyProfileTenAddresses"/>
  <testcase name="deleteTenDeliveryAddress" time="121.987" classname="com.tcs.BsiShopRedesign.sprint1.MyProfileTenAddresses"/>
  <testcase name="addTenBillingAddress" time="243.843" classname="com.tcs.BsiShopRedesign.sprint1.MyProfileTenAddresses"/>
</testsuite> <!-- com.tcs.BsiShopRedesign.sprint1.MyProfileTenAddresses -->
