<?xml version="1.0" encoding="UTF-8"?>
<!-- Generated by org.testng.reporters.JUnitReportReporter -->
<testsuite hostname="ShopRedesign02" name="com.tcs.BsiShopRedesign.sprint7.EditCheckoutAddress" tests="2" failures="0" timestamp="8 Jun 2018 07:14:50 GMT" time="94.328" errors="0">
  <testcase name="signIn" time="19.820" classname="com.tcs.BsiShopRedesign.sprint7.EditCheckoutAddress"/>
  <testcase name="editBillingAddress" time="74.508" classname="com.tcs.BsiShopRedesign.sprint7.EditCheckoutAddress"/>
</testsuite> <!-- com.tcs.BsiShopRedesign.sprint7.EditCheckoutAddress -->
