<?xml version="1.0" encoding="UTF-8"?>
<!-- Generated by org.testng.reporters.JUnitReportReporter -->
<testsuite hostname="ShopRedesign04" name="com.tcs.BsiShopRedesign.sprint8.RenewMembership" tests="2" failures="0" timestamp="11 Sep 2018 17:21:26 GMT" time="63.476" errors="0">
  <testcase name="addRenewMembershipToBasket" time="55.041" classname="com.tcs.BsiShopRedesign.sprint8.RenewMembership"/>
  <testcase name="signInMember" time="8.435" classname="com.tcs.BsiShopRedesign.sprint8.RenewMembership"/>
</testsuite> <!-- com.tcs.BsiShopRedesign.sprint8.RenewMembership -->
