<?xml version="1.0" encoding="UTF-8"?>
<!-- Generated by org.testng.reporters.JUnitReportReporter -->
<testsuite hostname="ShopRedesign04" name="com.tcs.BsiShopRedesign.sprint2.EssentialsProductAndEventRemoveBasket" tests="2" failures="0" timestamp="7 Dec 2018 17:55:50 GMT" time="128.632" errors="0">
  <testcase name="BookPaidEventAndStandardProduct" time="112.163" classname="com.tcs.BsiShopRedesign.sprint2.EssentialsProductAndEventRemoveBasket"/>
  <testcase name="signIn" time="16.469" classname="com.tcs.BsiShopRedesign.sprint2.EssentialsProductAndEventRemoveBasket"/>
</testsuite> <!-- com.tcs.BsiShopRedesign.sprint2.EssentialsProductAndEventRemoveBasket -->
