<?xml version="1.0" encoding="UTF-8"?>
<!-- Generated by org.testng.reporters.JUnitReportReporter -->
<testsuite hostname="ShopRedesign04" name="com.tcs.BsiShopRedesign.sprint2.StandardProductAndEventRemoveBasket" tests="2" failures="0" timestamp="6 Sep 2018 17:03:03 GMT" time="160.278" errors="0">
  <testcase name="signIn" time="15.545" classname="com.tcs.BsiShopRedesign.sprint2.StandardProductAndEventRemoveBasket"/>
  <testcase name="BookPaidEventAndStandardProduct" time="144.733" classname="com.tcs.BsiShopRedesign.sprint2.StandardProductAndEventRemoveBasket"/>
</testsuite> <!-- com.tcs.BsiShopRedesign.sprint2.StandardProductAndEventRemoveBasket -->
