<?xml version="1.0" encoding="UTF-8"?>
<!-- Generated by org.testng.reporters.JUnitReportReporter -->
<testsuite hostname="ShopRedesign04" name="com.tcs.BsiShopRedesign.sprint2.StandardProductAndEventRemoveBasket" tests="2" failures="0" timestamp="15 Nov 2018 16:13:58 GMT" time="135.972" errors="0">
  <testcase name="BookPaidEventAndStandardProduct" time="115.439" classname="com.tcs.BsiShopRedesign.sprint2.StandardProductAndEventRemoveBasket"/>
  <testcase name="signIn" time="20.533" classname="com.tcs.BsiShopRedesign.sprint2.StandardProductAndEventRemoveBasket"/>
</testsuite> <!-- com.tcs.BsiShopRedesign.sprint2.StandardProductAndEventRemoveBasket -->
