<?xml version="1.0" encoding="UTF-8"?>
<!-- Generated by org.testng.reporters.JUnitReportReporter -->
<testsuite hostname="ShopRedesign04" name="com.tcs.BsiShopRedesign.sprint1.MyProfileTenAddresses" tests="5" failures="0" timestamp="13 Nov 2018 17:09:44 GMT" time="784.043" errors="0">
  <testcase name="deleteTenDeliveryAddress" time="114.462" classname="com.tcs.BsiShopRedesign.sprint1.MyProfileTenAddresses"/>
  <testcase name="deleteTenBillingAddress" time="71.476" classname="com.tcs.BsiShopRedesign.sprint1.MyProfileTenAddresses"/>
  <testcase name="addTenDeliveryAddress" time="192.605" classname="com.tcs.BsiShopRedesign.sprint1.MyProfileTenAddresses"/>
  <testcase name="addTenBillingAddress" time="237.951" classname="com.tcs.BsiShopRedesign.sprint1.MyProfileTenAddresses"/>
  <testcase name="signIn" time="167.549" classname="com.tcs.BsiShopRedesign.sprint1.MyProfileTenAddresses"/>
</testsuite> <!-- com.tcs.BsiShopRedesign.sprint1.MyProfileTenAddresses -->
