<?xml version="1.0" encoding="UTF-8"?>
<!-- Generated by org.testng.reporters.JUnitReportReporter -->
<testsuite hostname="ShopRedesign04" name="com.tcs.BsiShopRedesign.sprint9.VerifyIncorrectPaymentDetails" tests="2" failures="0" timestamp="7 Dec 2018 17:55:50 GMT" time="173.320" errors="0">
  <testcase name="signInMember" time="9.609" classname="com.tcs.BsiShopRedesign.sprint9.VerifyIncorrectPaymentDetails"/>
  <testcase name="verifyIncorrectCardPayment" time="163.711" classname="com.tcs.BsiShopRedesign.sprint9.VerifyIncorrectPaymentDetails"/>
</testsuite> <!-- com.tcs.BsiShopRedesign.sprint9.VerifyIncorrectPaymentDetails -->
