<?xml version="1.0" encoding="UTF-8"?>
<!-- Generated by org.testng.reporters.JUnitReportReporter -->
<testsuite hostname="ShopRedesign04" name="com.tcs.BsiShopRedesign.sprint2.CheckWarningMsgAddtoBasket" tests="1" failures="0" timestamp="11 Oct 2018 14:53:38 GMT" time="35.143" errors="0">
  <testcase name="checkWarningMsgPDF" time="35.143" classname="com.tcs.BsiShopRedesign.sprint2.CheckWarningMsgAddtoBasket"/>
</testsuite> <!-- com.tcs.BsiShopRedesign.sprint2.CheckWarningMsgAddtoBasket -->
