<?xml version="1.0" encoding="UTF-8"?>
<!-- Generated by org.testng.reporters.JUnitReportReporter -->
<testsuite hostname="ShopRedesign04" name="com.tcs.BsiShopRedesign.sprint7.EditCheckoutBillingAddress" tests="2" failures="0" timestamp="14 Nov 2018 12:30:51 GMT" time="98.006" errors="0">
  <testcase name="editBillingAddress" time="80.751" classname="com.tcs.BsiShopRedesign.sprint7.EditCheckoutBillingAddress"/>
  <testcase name="signIn" time="17.255" classname="com.tcs.BsiShopRedesign.sprint7.EditCheckoutBillingAddress"/>
</testsuite> <!-- com.tcs.BsiShopRedesign.sprint7.EditCheckoutBillingAddress -->
