<?xml version="1.0" encoding="UTF-8"?>
<!-- Generated by org.testng.reporters.JUnitReportReporter -->
<testsuite hostname="ShopRedesign04" name="com.tcs.BsiShopRedesign.sprint3.AddPDFToBasketTwiceFromSearchList" tests="1" failures="0" timestamp="13 Nov 2018 17:09:44 GMT" time="51.780" errors="0">
  <testcase name="addToBasketSearchList" time="51.780" classname="com.tcs.BsiShopRedesign.sprint3.AddPDFToBasketTwiceFromSearchList"/>
</testsuite> <!-- com.tcs.BsiShopRedesign.sprint3.AddPDFToBasketTwiceFromSearchList -->
