<?xml version="1.0" encoding="UTF-8"?>
<!-- Generated by org.testng.reporters.JUnitReportReporter -->
<testsuite hostname="ShopRedesign04" name="com.tcs.BsiShopRedesign.sprint2.RegisterMUNLCode" tests="1" failures="0" timestamp="13 Nov 2018 17:09:44 GMT" time="100.106" errors="0">
  <testcase name="registerMUNL" time="100.106" classname="com.tcs.BsiShopRedesign.sprint2.RegisterMUNLCode"/>
</testsuite> <!-- com.tcs.BsiShopRedesign.sprint2.RegisterMUNLCode -->
