<?xml version="1.0" encoding="UTF-8"?>
<!-- Generated by org.testng.reporters.JUnitReportReporter -->
<testsuite hostname="ShopRedesign04" name="com.tcs.BsiShopRedesign.sprint9.VerifyDifferentProductType" tests="3" failures="0" timestamp="13 Nov 2018 17:09:44 GMT" time="34.338" errors="0">
  <testcase name="verifyDCProduct" time="11.788" classname="com.tcs.BsiShopRedesign.sprint9.VerifyDifferentProductType"/>
  <testcase name="verifyNewsFeed" time="14.061" classname="com.tcs.BsiShopRedesign.sprint9.VerifyDifferentProductType"/>
  <testcase name="verifyPAS2030ProductDetails" time="8.489" classname="com.tcs.BsiShopRedesign.sprint9.VerifyDifferentProductType"/>
</testsuite> <!-- com.tcs.BsiShopRedesign.sprint9.VerifyDifferentProductType -->
