<?xml version="1.0" encoding="UTF-8"?>
<!-- Generated by org.testng.reporters.JUnitReportReporter -->
<testsuite hostname="ShopRedesign04" name="com.tcs.BsiShopRedesign.sprint8.EditOrderDetailsFromCheckout" tests="2" failures="0" timestamp="20 Dec 2018 18:44:51 GMT" time="261.890" errors="0">
  <testcase name="verifyHardCopyDeliveryDetails" time="245.594" classname="com.tcs.BsiShopRedesign.sprint8.EditOrderDetailsFromCheckout"/>
  <testcase name="signIn" time="16.296" classname="com.tcs.BsiShopRedesign.sprint8.EditOrderDetailsFromCheckout"/>
</testsuite> <!-- com.tcs.BsiShopRedesign.sprint8.EditOrderDetailsFromCheckout -->
