<?xml version="1.0" encoding="UTF-8"?>
<!-- Generated by org.testng.reporters.JUnitReportReporter -->
<testsuite hostname="ShopRedesign04" name="com.tcs.BsiShopRedesign.sprint7.EditCheckoutBillingAddress" tests="2" failures="0" timestamp="28 Jan 2019 18:33:18 GMT" time="112.555" errors="0">
  <testcase name="signIn" time="16.367" classname="com.tcs.BsiShopRedesign.sprint7.EditCheckoutBillingAddress"/>
  <testcase name="editBillingAddress" time="96.188" classname="com.tcs.BsiShopRedesign.sprint7.EditCheckoutBillingAddress"/>
</testsuite> <!-- com.tcs.BsiShopRedesign.sprint7.EditCheckoutBillingAddress -->
