<?xml version="1.0" encoding="UTF-8"?>
<!-- Generated by org.testng.reporters.JUnitReportReporter -->
<testsuite hostname="ShopRedesign04" name="com.tcs.BsiShopRedesign.cms.ResetPassword" tests="2" failures="0" timestamp="10 Jan 2019 19:44:20 GMT" time="69.387" errors="0">
  <testcase name="signInCms" time="37.008" classname="com.tcs.BsiShopRedesign.cms.ResetPassword"/>
  <testcase name="verifyCmsDetails" time="32.379" classname="com.tcs.BsiShopRedesign.cms.ResetPassword"/>
</testsuite> <!-- com.tcs.BsiShopRedesign.cms.ResetPassword -->
