<?xml version="1.0" encoding="UTF-8"?>
<!-- Generated by org.testng.reporters.JUnitReportReporter -->
<testsuite hostname="ShopRedesign04" name="com.tcs.BsiShopRedesign.sprint9.VerifyOrderDetailsWithCMS" tests="2" failures="0" timestamp="7 Dec 2018 17:55:50 GMT" time="76.997" errors="0">
  <testcase name="signIn" time="16.738" classname="com.tcs.BsiShopRedesign.sprint9.VerifyOrderDetailsWithCMS"/>
  <testcase name="applyPromoCode" time="60.259" classname="com.tcs.BsiShopRedesign.sprint9.VerifyOrderDetailsWithCMS"/>
</testsuite> <!-- com.tcs.BsiShopRedesign.sprint9.VerifyOrderDetailsWithCMS -->
