<?xml version="1.0" encoding="UTF-8"?>
<!-- Generated by org.testng.reporters.JUnitReportReporter -->
<testsuite hostname="ShopRedesign04" name="com.tcs.BsiShopRedesign.cms.ViewCMSPage" tests="2" failures="0" timestamp="10 Dec 2018 16:37:48 GMT" time="16.402" errors="0">
  <testcase name="verifyCmsDetails" time="8.434" classname="com.tcs.BsiShopRedesign.cms.ViewCMSPage"/>
  <testcase name="signInCms" time="7.968" classname="com.tcs.BsiShopRedesign.cms.ViewCMSPage"/>
</testsuite> <!-- com.tcs.BsiShopRedesign.cms.ViewCMSPage -->
