<?xml version="1.0" encoding="UTF-8"?>
<!-- Generated by org.testng.reporters.JUnitReportReporter -->
<testsuite hostname="ShopRedesign04" name="com.tcs.BsiShopRedesign.sprint1.MyProfile" tests="10" failures="0" timestamp="5 Sep 2018 08:48:26 GMT" time="188.149" errors="0">
  <testcase name="makeDefaultBillingAddress" time="5.976" classname="com.tcs.BsiShopRedesign.sprint1.MyProfile"/>
  <testcase name="resetPassword" time="26.121" classname="com.tcs.BsiShopRedesign.sprint1.MyProfile"/>
  <testcase name="editDeliveryAddress" time="23.777" classname="com.tcs.BsiShopRedesign.sprint1.MyProfile"/>
  <testcase name="addNewBillingAddress" time="30.306" classname="com.tcs.BsiShopRedesign.sprint1.MyProfile"/>
  <testcase name="editBillingAddress" time="25.645" classname="com.tcs.BsiShopRedesign.sprint1.MyProfile"/>
  <testcase name="deleteBillingAddress" time="11.369" classname="com.tcs.BsiShopRedesign.sprint1.MyProfile"/>
  <testcase name="deleteDeliveryAddress" time="11.576" classname="com.tcs.BsiShopRedesign.sprint1.MyProfile"/>
  <testcase name="makeDefaultDeliveryAddress" time="5.715" classname="com.tcs.BsiShopRedesign.sprint1.MyProfile"/>
  <testcase name="signIn" time="23.806" classname="com.tcs.BsiShopRedesign.sprint1.MyProfile"/>
  <testcase name="addDeliveryAddress" time="23.858" classname="com.tcs.BsiShopRedesign.sprint1.MyProfile"/>
</testsuite> <!-- com.tcs.BsiShopRedesign.sprint1.MyProfile -->
