<?xml version="1.0" encoding="UTF-8"?>
<!-- Generated by org.testng.reporters.JUnitReportReporter -->
<testsuite hostname="ShopRedesign04" name="com.tcs.BsiShopRedesign.sprint8.VerifyMembershipManagement" tests="3" failures="0" timestamp="18 Jul 2018 10:17:04 GMT" time="176.934" errors="0">
  <testcase name="applyMemberAccount" time="100.476" classname="com.tcs.BsiShopRedesign.sprint8.VerifyMembershipManagement"/>
  <testcase name="membershipBandNineAbove" time="56.347" classname="com.tcs.BsiShopRedesign.sprint8.VerifyMembershipManagement"/>
  <testcase name="signIn" time="20.111" classname="com.tcs.BsiShopRedesign.sprint8.VerifyMembershipManagement"/>
</testsuite> <!-- com.tcs.BsiShopRedesign.sprint8.VerifyMembershipManagement -->
