<?xml version="1.0" encoding="UTF-8"?>
<!-- Generated by org.testng.reporters.JUnitReportReporter -->
<testsuite hostname="ShopRedesign04" name="com.tcs.BsiShopRedesign.cms.VerifyCmsDetails" tests="2" failures="0" timestamp="15 Nov 2018 16:13:58 GMT" time="203.687" errors="0">
  <testcase name="signInCms" time="10.749" classname="com.tcs.BsiShopRedesign.cms.VerifyCmsDetails"/>
  <testcase name="verifyCmsDetails" time="192.938" classname="com.tcs.BsiShopRedesign.cms.VerifyCmsDetails"/>
</testsuite> <!-- com.tcs.BsiShopRedesign.cms.VerifyCmsDetails -->
