<?xml version="1.0" encoding="UTF-8"?>
<!-- Generated by org.testng.reporters.JUnitReportReporter -->
<testsuite hostname="ShopRedesign04" name="com.tcs.BsiShopRedesign.sprint8.SoftCopyDownloads" tests="3" failures="0" timestamp="10 Dec 2018 16:37:48 GMT" time="208.599" errors="0">
  <testcase name="downloadSoftCopyfromOrderCofirmationPage" time="145.594" classname="com.tcs.BsiShopRedesign.sprint8.SoftCopyDownloads"/>
  <testcase name="downloadSoftCopyfromOrderHistoryPage" time="45.082" classname="com.tcs.BsiShopRedesign.sprint8.SoftCopyDownloads"/>
  <testcase name="signIn" time="17.923" classname="com.tcs.BsiShopRedesign.sprint8.SoftCopyDownloads"/>
</testsuite> <!-- com.tcs.BsiShopRedesign.sprint8.SoftCopyDownloads -->
