<?xml version="1.0" encoding="UTF-8"?>
<!-- Generated by org.testng.reporters.JUnitReportReporter -->
<testsuite hostname="ShopRedesign04" name="com.tcs.BsiShopRedesign.cms.ViewCMSPage" tests="2" failures="0" timestamp="10 Jan 2019 19:44:20 GMT" time="48.635" errors="0">
  <testcase name="signInCms" time="36.932" classname="com.tcs.BsiShopRedesign.cms.ViewCMSPage"/>
  <testcase name="verifyCmsDetails" time="11.703" classname="com.tcs.BsiShopRedesign.cms.ViewCMSPage"/>
</testsuite> <!-- com.tcs.BsiShopRedesign.cms.ViewCMSPage -->
