<?xml version="1.0" encoding="UTF-8"?>
<!-- Generated by org.testng.reporters.JUnitReportReporter -->
<testsuite hostname="ShopRedesign04" name="com.tcs.BsiShopRedesign.sprint4_5.AddInvoiceToBasketFromMemTab" tests="2" failures="0" timestamp="22 Jan 2019 17:54:39 GMT" time="36.686" errors="0">
  <testcase name="signInMember" time="9.178" classname="com.tcs.BsiShopRedesign.sprint4_5.AddInvoiceToBasketFromMemTab"/>
  <testcase name="AddInvoiceToBasket" time="27.508" classname="com.tcs.BsiShopRedesign.sprint4_5.AddInvoiceToBasketFromMemTab"/>
</testsuite> <!-- com.tcs.BsiShopRedesign.sprint4_5.AddInvoiceToBasketFromMemTab -->
