<?xml version="1.0" encoding="UTF-8"?>
<!-- Generated by org.testng.reporters.JUnitReportReporter -->
<testsuite hostname="ShopRedesign04" name="com.tcs.BsiShopRedesign.sprint9.VerifyDifferentProductType" tests="3" failures="0" timestamp="5 Dec 2018 20:56:37 GMT" time="41.013" errors="0">
  <testcase name="verifyPAS2030ProductDetails" time="8.790" classname="com.tcs.BsiShopRedesign.sprint9.VerifyDifferentProductType"/>
  <testcase name="verifyNewsFeed" time="19.580" classname="com.tcs.BsiShopRedesign.sprint9.VerifyDifferentProductType"/>
  <testcase name="verifyDCProduct" time="12.643" classname="com.tcs.BsiShopRedesign.sprint9.VerifyDifferentProductType"/>
</testsuite> <!-- com.tcs.BsiShopRedesign.sprint9.VerifyDifferentProductType -->
