<?xml version="1.0" encoding="UTF-8"?>
<!-- Generated by org.testng.reporters.JUnitReportReporter -->
<testsuite hostname="ShopRedesign04" name="com.tcs.BsiShopRedesign.sprint8.VerifyPDFPreviewing" tests="1" failures="0" timestamp="24 Oct 2018 16:29:59 GMT" time="45.046" errors="0">
  <testcase name="verifyMemberLink" time="45.046" classname="com.tcs.BsiShopRedesign.sprint8.VerifyPDFPreviewing"/>
</testsuite> <!-- com.tcs.BsiShopRedesign.sprint8.VerifyPDFPreviewing -->
