<?xml version="1.0" encoding="UTF-8"?>
<!-- Generated by org.testng.reporters.JUnitReportReporter -->
<testsuite hostname="ShopRedesign04" name="com.tcs.BsiShopRedesign.sprint4_5.RegistrationsWithDiffProfile" tests="6" failures="0" timestamp="13 Nov 2018 17:09:44 GMT" time="104.314" errors="0">
  <testcase name="createRegUserNonUKProfile" time="25.127" classname="com.tcs.BsiShopRedesign.sprint4_5.RegistrationsWithDiffProfile"/>
  <testcase name="createRegUserUKProfile" time="14.365" classname="com.tcs.BsiShopRedesign.sprint4_5.RegistrationsWithDiffProfile"/>
  <testcase name="loginThroughAlreadyRegistered" time="25.201" classname="com.tcs.BsiShopRedesign.sprint4_5.RegistrationsWithDiffProfile"/>
  <testcase name="verifyTooltip" time="17.369" classname="com.tcs.BsiShopRedesign.sprint4_5.RegistrationsWithDiffProfile"/>
  <testcase name="verifyLoginForRegisteredUser" time="13.839" classname="com.tcs.BsiShopRedesign.sprint4_5.RegistrationsWithDiffProfile"/>
  <testcase name="verifyContactInformation" time="8.413" classname="com.tcs.BsiShopRedesign.sprint4_5.RegistrationsWithDiffProfile"/>
</testsuite> <!-- com.tcs.BsiShopRedesign.sprint4_5.RegistrationsWithDiffProfile -->
