<?xml version="1.0" encoding="UTF-8"?>
<!-- Generated by org.testng.reporters.JUnitReportReporter -->
<testsuite hostname="ShopRedesign04" name="com.tcs.BsiShopRedesign.sprint3.CheckProductFeatures" tests="3" failures="0" timestamp="7 Dec 2018 17:55:50 GMT" time="50.122" errors="0">
  <testcase name="checkPASProduct" time="14.225" classname="com.tcs.BsiShopRedesign.sprint3.CheckProductFeatures"/>
  <testcase name="checkPaidEvent" time="24.022" classname="com.tcs.BsiShopRedesign.sprint3.CheckProductFeatures"/>
  <testcase name="checkFreeEvent" time="11.875" classname="com.tcs.BsiShopRedesign.sprint3.CheckProductFeatures"/>
</testsuite> <!-- com.tcs.BsiShopRedesign.sprint3.CheckProductFeatures -->
