<?xml version="1.0" encoding="UTF-8"?>
<!-- Generated by org.testng.reporters.JUnitReportReporter -->
<testsuite hostname="ShopRedesign04" name="com.tcs.BsiShopRedesign.sprint1.SCRProductsUpdateBasket" tests="3" failures="0" timestamp="14 Nov 2018 16:57:36 GMT" time="307.935" errors="0">
  <testcase name="productUpdateBasket" time="130.060" classname="com.tcs.BsiShopRedesign.sprint1.SCRProductsUpdateBasket"/>
  <testcase name="productUpdateBasket" time="96.156" classname="com.tcs.BsiShopRedesign.sprint1.SCRProductsUpdateBasket"/>
  <testcase name="productUpdateBasket" time="81.719" classname="com.tcs.BsiShopRedesign.sprint1.SCRProductsUpdateBasket"/>
</testsuite> <!-- com.tcs.BsiShopRedesign.sprint1.SCRProductsUpdateBasket -->
