<?xml version="1.0" encoding="UTF-8"?>
<!-- Generated by org.testng.reporters.JUnitReportReporter -->
<testsuite hostname="ShopRedesign04" name="com.tcs.BsiShopRedesign.sprint1.MyProfile" tests="10" failures="0" timestamp="7 Dec 2018 17:55:50 GMT" time="166.543" errors="0">
  <testcase name="resetPassword" time="27.162" classname="com.tcs.BsiShopRedesign.sprint1.MyProfile"/>
  <testcase name="editDeliveryAddress" time="22.318" classname="com.tcs.BsiShopRedesign.sprint1.MyProfile"/>
  <testcase name="makeDefaultBillingAddress" time="5.398" classname="com.tcs.BsiShopRedesign.sprint1.MyProfile"/>
  <testcase name="signIn" time="16.452" classname="com.tcs.BsiShopRedesign.sprint1.MyProfile"/>
  <testcase name="editBillingAddress" time="23.958" classname="com.tcs.BsiShopRedesign.sprint1.MyProfile"/>
  <testcase name="makeDefaultDeliveryAddress" time="5.853" classname="com.tcs.BsiShopRedesign.sprint1.MyProfile"/>
  <testcase name="deleteDeliveryAddress" time="10.511" classname="com.tcs.BsiShopRedesign.sprint1.MyProfile"/>
  <testcase name="addDeliveryAddress" time="19.130" classname="com.tcs.BsiShopRedesign.sprint1.MyProfile"/>
  <testcase name="deleteBillingAddress" time="9.846" classname="com.tcs.BsiShopRedesign.sprint1.MyProfile"/>
  <testcase name="addNewBillingAddress" time="25.915" classname="com.tcs.BsiShopRedesign.sprint1.MyProfile"/>
</testsuite> <!-- com.tcs.BsiShopRedesign.sprint1.MyProfile -->
