<?xml version="1.0" encoding="UTF-8"?>
<!-- Generated by org.testng.reporters.JUnitReportReporter -->
<testsuite hostname="ShopRedesign04" name="com.tcs.BsiShopRedesign.sprint7.VerifyMemberDiscount" tests="2" failures="0" timestamp="7 Dec 2018 17:55:50 GMT" time="160.929" errors="0">
  <testcase name="verifyMemberPrice" time="150.924" classname="com.tcs.BsiShopRedesign.sprint7.VerifyMemberDiscount"/>
  <testcase name="signInMember" time="10.005" classname="com.tcs.BsiShopRedesign.sprint7.VerifyMemberDiscount"/>
</testsuite> <!-- com.tcs.BsiShopRedesign.sprint7.VerifyMemberDiscount -->
