<?xml version="1.0" encoding="UTF-8"?>
<!-- Generated by org.testng.reporters.JUnitReportReporter -->
<testsuite hostname="ShopRedesign04" name="com.tcs.BsiShopRedesign.sprint4_5.VerifyMemberProfile" tests="2" failures="0" timestamp="29 Oct 2018 17:24:46 GMT" time="15.789" errors="0">
  <testcase name="verifyMemberTab" time="4.999" classname="com.tcs.BsiShopRedesign.sprint4_5.VerifyMemberProfile"/>
  <testcase name="signInMember" time="10.790" classname="com.tcs.BsiShopRedesign.sprint4_5.VerifyMemberProfile"/>
</testsuite> <!-- com.tcs.BsiShopRedesign.sprint4_5.VerifyMemberProfile -->
