<?xml version="1.0" encoding="UTF-8"?>
<!-- Generated by org.testng.reporters.JUnitReportReporter -->
<testsuite hostname="ShopRedesign04" name="com.tcs.BsiShopRedesign.sprint3.CheckSearchCount" tests="1" failures="0" timestamp="3 Sep 2018 16:43:37 GMT" time="156.439" errors="0">
  <testcase name="searchPASCount" time="156.439" classname="com.tcs.BsiShopRedesign.sprint3.CheckSearchCount"/>
</testsuite> <!-- com.tcs.BsiShopRedesign.sprint3.CheckSearchCount -->
