<?xml version="1.0" encoding="UTF-8"?>
<!-- Generated by org.testng.reporters.JUnitReportReporter -->
<testsuite hostname="ShopRedesign04" name="com.tcs.BsiShopRedesign.cms.VerifyPromoCodeList" tests="2" failures="0" timestamp="15 Nov 2018 16:13:58 GMT" time="43.709" errors="0">
  <testcase name="signInCms" time="9.513" classname="com.tcs.BsiShopRedesign.cms.VerifyPromoCodeList"/>
  <testcase name="verifyCmsDetails" time="34.196" classname="com.tcs.BsiShopRedesign.cms.VerifyPromoCodeList"/>
</testsuite> <!-- com.tcs.BsiShopRedesign.cms.VerifyPromoCodeList -->
