<?xml version="1.0" encoding="UTF-8"?>
<!-- Generated by org.testng.reporters.JUnitReportReporter -->
<testsuite hostname="ShopRedesign04" name="com.tcs.BsiShopRedesign.sprint8.ValidateCountryCheckoutDetails" tests="3" failures="0" timestamp="28 Jan 2019 18:33:18 GMT" time="430.799" errors="0">
  <testcase name="validateCheckoutNonUKDetailsHardCopy" time="217.960" classname="com.tcs.BsiShopRedesign.sprint8.ValidateCountryCheckoutDetails"/>
  <testcase name="signIn" time="16.337" classname="com.tcs.BsiShopRedesign.sprint8.ValidateCountryCheckoutDetails"/>
  <testcase name="validateCheckoutNonUKDetailsSoftCopy" time="196.502" classname="com.tcs.BsiShopRedesign.sprint8.ValidateCountryCheckoutDetails"/>
</testsuite> <!-- com.tcs.BsiShopRedesign.sprint8.ValidateCountryCheckoutDetails -->
