<?xml version="1.0" encoding="UTF-8"?>
<!-- Generated by org.testng.reporters.JUnitReportReporter -->
<testsuite hostname="ShopRedesign04" name="com.tcs.BsiShopRedesign.sprint3.SearchSortOrderByPublishedDate" tests="1" failures="0" timestamp="13 Nov 2018 13:18:27 GMT" time="122.089" errors="0">
  <testcase name="checkSortingOrderQuality" time="122.089" classname="com.tcs.BsiShopRedesign.sprint3.SearchSortOrderByPublishedDate"/>
</testsuite> <!-- com.tcs.BsiShopRedesign.sprint3.SearchSortOrderByPublishedDate -->
