<?xml version="1.0" encoding="UTF-8"?>
<!-- Generated by org.testng.reporters.JUnitReportReporter -->
<testsuite hostname="ShopRedesign04" name="com.tcs.BsiShopRedesign.sprint9.VerifyDifferentProductType" tests="3" failures="0" timestamp="7 Dec 2018 17:55:50 GMT" time="55.377" errors="0">
  <testcase name="verifyDCProduct" time="18.735" classname="com.tcs.BsiShopRedesign.sprint9.VerifyDifferentProductType"/>
  <testcase name="verifyPAS2030ProductDetails" time="12.684" classname="com.tcs.BsiShopRedesign.sprint9.VerifyDifferentProductType"/>
  <testcase name="verifyNewsFeed" time="23.958" classname="com.tcs.BsiShopRedesign.sprint9.VerifyDifferentProductType"/>
</testsuite> <!-- com.tcs.BsiShopRedesign.sprint9.VerifyDifferentProductType -->
