<?xml version="1.0" encoding="UTF-8"?>
<!-- Generated by org.testng.reporters.JUnitReportReporter -->
<testsuite hostname="ShopRedesign04" name="com.tcs.BsiShopRedesign.sprint1.MyProfile" tests="10" failures="0" timestamp="13 Nov 2018 10:15:52 GMT" time="193.555" errors="0">
  <testcase name="resetPassword" time="26.348" classname="com.tcs.BsiShopRedesign.sprint1.MyProfile"/>
  <testcase name="editDeliveryAddress" time="16.297" classname="com.tcs.BsiShopRedesign.sprint1.MyProfile"/>
  <testcase name="makeDefaultDeliveryAddress" time="3.206" classname="com.tcs.BsiShopRedesign.sprint1.MyProfile"/>
  <testcase name="deleteDeliveryAddress" time="8.578" classname="com.tcs.BsiShopRedesign.sprint1.MyProfile"/>
  <testcase name="makeDefaultBillingAddress" time="3.242" classname="com.tcs.BsiShopRedesign.sprint1.MyProfile"/>
  <testcase name="addNewBillingAddress" time="22.224" classname="com.tcs.BsiShopRedesign.sprint1.MyProfile"/>
  <testcase name="editBillingAddress" time="19.110" classname="com.tcs.BsiShopRedesign.sprint1.MyProfile"/>
  <testcase name="deleteBillingAddress" time="8.805" classname="com.tcs.BsiShopRedesign.sprint1.MyProfile"/>
  <testcase name="signIn" time="68.468" classname="com.tcs.BsiShopRedesign.sprint1.MyProfile"/>
  <testcase name="addDeliveryAddress" time="17.277" classname="com.tcs.BsiShopRedesign.sprint1.MyProfile"/>
</testsuite> <!-- com.tcs.BsiShopRedesign.sprint1.MyProfile -->
