<?xml version="1.0" encoding="UTF-8"?>
<!-- Generated by org.testng.reporters.JUnitReportReporter -->
<testsuite hostname="ShopRedesign04" name="com.tcs.BsiShopRedesign.sprint8.ValidateCountryCheckoutDetails" tests="3" failures="0" timestamp="22 Jan 2019 17:54:39 GMT" time="429.503" errors="0">
  <testcase name="validateCheckoutNonUKDetailsSoftCopy" time="195.253" classname="com.tcs.BsiShopRedesign.sprint8.ValidateCountryCheckoutDetails"/>
  <testcase name="signIn" time="16.336" classname="com.tcs.BsiShopRedesign.sprint8.ValidateCountryCheckoutDetails"/>
  <testcase name="validateCheckoutNonUKDetailsHardCopy" time="217.914" classname="com.tcs.BsiShopRedesign.sprint8.ValidateCountryCheckoutDetails"/>
</testsuite> <!-- com.tcs.BsiShopRedesign.sprint8.ValidateCountryCheckoutDetails -->
