<?xml version="1.0" encoding="UTF-8"?>
<!-- Generated by org.testng.reporters.JUnitReportReporter -->
<testsuite hostname="ShopRedesign04" name="com.tcs.BsiShopRedesign.cms.ResetPassword" tests="2" failures="0" timestamp="22 Jan 2019 17:54:39 GMT" time="39.864" errors="0">
  <testcase name="verifyCmsDetails" time="33.191" classname="com.tcs.BsiShopRedesign.cms.ResetPassword"/>
  <testcase name="signInCms" time="6.673" classname="com.tcs.BsiShopRedesign.cms.ResetPassword"/>
</testsuite> <!-- com.tcs.BsiShopRedesign.cms.ResetPassword -->
