<?xml version="1.0" encoding="UTF-8"?>
<!-- Generated by org.testng.reporters.JUnitReportReporter -->
<testsuite hostname="ShopRedesign04" name="com.tcs.BsiShopRedesign.sprint2.RegisterMUNLCode" tests="1" failures="0" timestamp="24 Oct 2018 16:29:59 GMT" time="108.448" errors="0">
  <testcase name="registerMUNL" time="108.448" classname="com.tcs.BsiShopRedesign.sprint2.RegisterMUNLCode"/>
</testsuite> <!-- com.tcs.BsiShopRedesign.sprint2.RegisterMUNLCode -->
