<?xml version="1.0" encoding="UTF-8"?>
<!-- Generated by org.testng.reporters.JUnitReportReporter -->
<testsuite hostname="ShopRedesign04" name="com.tcs.BsiShopRedesign.sprint9.VerifyForgotPassword" tests="1" failures="0" timestamp="10 Dec 2018 16:37:48 GMT" time="9.628" errors="0">
  <testcase name="validateCheckoutNonUKDetailsHardCopy" time="9.628" classname="com.tcs.BsiShopRedesign.sprint9.VerifyForgotPassword"/>
</testsuite> <!-- com.tcs.BsiShopRedesign.sprint9.VerifyForgotPassword -->
