<?xml version="1.0" encoding="UTF-8"?>
<!-- Generated by org.testng.reporters.JUnitReportReporter -->
<testsuite hostname="ShopRedesign04" name="com.tcs.BsiShopRedesign.sprint7.VerifyMemberDiscount" tests="2" failures="0" timestamp="13 Nov 2018 17:09:44 GMT" time="142.473" errors="0">
  <testcase name="verifyMemberPrice" time="133.798" classname="com.tcs.BsiShopRedesign.sprint7.VerifyMemberDiscount"/>
  <testcase name="signInMember" time="8.675" classname="com.tcs.BsiShopRedesign.sprint7.VerifyMemberDiscount"/>
</testsuite> <!-- com.tcs.BsiShopRedesign.sprint7.VerifyMemberDiscount -->
