<?xml version="1.0" encoding="UTF-8"?>
<!-- Generated by org.testng.reporters.JUnitReportReporter -->
<testsuite hostname="ShopRedesign04" name="com.tcs.BsiShopRedesign.sprint9.VerifyRecentlyViewedProducts" tests="1" failures="0" timestamp="14 Nov 2018 16:57:36 GMT" time="82.962" errors="0">
  <testcase name="blankSearch" time="82.962" classname="com.tcs.BsiShopRedesign.sprint9.VerifyRecentlyViewedProducts"/>
</testsuite> <!-- com.tcs.BsiShopRedesign.sprint9.VerifyRecentlyViewedProducts -->
