<?xml version="1.0" encoding="UTF-8"?>
<!-- Generated by org.testng.reporters.JUnitReportReporter -->
<testsuite hostname="ShopRedesign04" name="com.tcs.BsiShopRedesign.sprint2.VerifyMemberTab" tests="2" failures="0" timestamp="24 Oct 2018 16:29:59 GMT" time="11.876" errors="0">
  <testcase name="signInMember" time="7.693" classname="com.tcs.BsiShopRedesign.sprint2.VerifyMemberTab"/>
  <testcase name="verifyStatus" time="4.183" classname="com.tcs.BsiShopRedesign.sprint2.VerifyMemberTab"/>
</testsuite> <!-- com.tcs.BsiShopRedesign.sprint2.VerifyMemberTab -->
