<?xml version="1.0" encoding="UTF-8"?>
<!-- Generated by org.testng.reporters.JUnitReportReporter -->
<testsuite hostname="ShopRedesign04" name="com.tcs.BsiShopRedesign.sprint1.MyProfile" tests="10" failures="0" timestamp="27 Oct 2018 14:40:45 GMT" time="176.184" errors="0">
  <testcase name="makeDefaultDeliveryAddress" time="7.175" classname="com.tcs.BsiShopRedesign.sprint1.MyProfile"/>
  <testcase name="editDeliveryAddress" time="23.217" classname="com.tcs.BsiShopRedesign.sprint1.MyProfile"/>
  <testcase name="editBillingAddress" time="23.844" classname="com.tcs.BsiShopRedesign.sprint1.MyProfile"/>
  <testcase name="addDeliveryAddress" time="20.637" classname="com.tcs.BsiShopRedesign.sprint1.MyProfile"/>
  <testcase name="addNewBillingAddress" time="25.978" classname="com.tcs.BsiShopRedesign.sprint1.MyProfile"/>
  <testcase name="resetPassword" time="29.820" classname="com.tcs.BsiShopRedesign.sprint1.MyProfile"/>
  <testcase name="signIn" time="17.207" classname="com.tcs.BsiShopRedesign.sprint1.MyProfile"/>
  <testcase name="makeDefaultBillingAddress" time="6.566" classname="com.tcs.BsiShopRedesign.sprint1.MyProfile"/>
  <testcase name="deleteDeliveryAddress" time="10.335" classname="com.tcs.BsiShopRedesign.sprint1.MyProfile"/>
  <testcase name="deleteBillingAddress" time="11.405" classname="com.tcs.BsiShopRedesign.sprint1.MyProfile"/>
</testsuite> <!-- com.tcs.BsiShopRedesign.sprint1.MyProfile -->
