<?xml version="1.0" encoding="UTF-8"?>
<!-- Generated by org.testng.reporters.JUnitReportReporter -->
<testsuite hostname="ShopRedesign04" name="com.tcs.BsiShopRedesign.sprint8.RenewMembership" tests="2" failures="0" timestamp="7 Dec 2018 17:55:50 GMT" time="87.941" errors="0">
  <testcase name="addRenewMembershipToBasket" time="77.719" classname="com.tcs.BsiShopRedesign.sprint8.RenewMembership"/>
  <testcase name="signInMember" time="10.222" classname="com.tcs.BsiShopRedesign.sprint8.RenewMembership"/>
</testsuite> <!-- com.tcs.BsiShopRedesign.sprint8.RenewMembership -->
