<?xml version="1.0" encoding="UTF-8"?>
<!-- Generated by org.testng.reporters.JUnitReportReporter -->
<testsuite hostname="ShopRedesign04" name="com.tcs.BsiShopRedesign.sprint3.SearchSortOrderByPublishedDate" tests="1" failures="0" timestamp="13 Nov 2018 17:09:44 GMT" time="135.618" errors="0">
  <testcase name="checkSortingOrderQuality" time="135.618" classname="com.tcs.BsiShopRedesign.sprint3.SearchSortOrderByPublishedDate"/>
</testsuite> <!-- com.tcs.BsiShopRedesign.sprint3.SearchSortOrderByPublishedDate -->
