<?xml version="1.0" encoding="UTF-8"?>
<!-- Generated by org.testng.reporters.JUnitReportReporter -->
<testsuite hostname="ShopRedesign04" name="com.tcs.BsiShopRedesign.sprint3.AddPDFToBasketTwiceFromSearchList" tests="1" failures="0" timestamp="5 Dec 2018 20:56:36 GMT" time="58.874" errors="0">
  <testcase name="addToBasketSearchList" time="58.874" classname="com.tcs.BsiShopRedesign.sprint3.AddPDFToBasketTwiceFromSearchList"/>
</testsuite> <!-- com.tcs.BsiShopRedesign.sprint3.AddPDFToBasketTwiceFromSearchList -->
