<?xml version="1.0" encoding="UTF-8"?>
<!-- Generated by org.testng.reporters.JUnitReportReporter -->
<testsuite hostname="ShopRedesign04" name="com.tcs.BsiShopRedesign.cms.CreatePromoCode" tests="2" failures="0" timestamp="10 Dec 2018 16:37:48 GMT" time="41.592" errors="0">
  <testcase name="verifyCmsDetails" time="33.315" classname="com.tcs.BsiShopRedesign.cms.CreatePromoCode"/>
  <testcase name="signInCms" time="8.277" classname="com.tcs.BsiShopRedesign.cms.CreatePromoCode"/>
</testsuite> <!-- com.tcs.BsiShopRedesign.cms.CreatePromoCode -->
