<?xml version="1.0" encoding="UTF-8"?>
<!-- Generated by org.testng.reporters.JUnitReportReporter -->
<testsuite hostname="ShopRedesign04" name="com.tcs.BsiShopRedesign.sprint9.ViewPDFInvoice" tests="2" failures="0" timestamp="14 Nov 2018 13:50:13 GMT" time="136.103" errors="0">
  <testcase name="signIn" time="17.526" classname="com.tcs.BsiShopRedesign.sprint9.ViewPDFInvoice"/>
  <testcase name="applyPromoCode" time="118.577" classname="com.tcs.BsiShopRedesign.sprint9.ViewPDFInvoice"/>
</testsuite> <!-- com.tcs.BsiShopRedesign.sprint9.ViewPDFInvoice -->
