<?xml version="1.0" encoding="UTF-8"?>
<!-- Generated by org.testng.reporters.JUnitReportReporter -->
<testsuite hostname="ShopRedesign04" name="com.tcs.BsiShopRedesign.sprint8.ValidateCountryCheckoutDetails" tests="3" failures="0" timestamp="15 Nov 2018 16:13:58 GMT" time="298.833" errors="0">
  <testcase name="validateCheckoutNonUKDetailsSoftCopy" time="122.500" classname="com.tcs.BsiShopRedesign.sprint8.ValidateCountryCheckoutDetails"/>
  <testcase name="validateCheckoutNonUKDetailsHardCopy" time="155.861" classname="com.tcs.BsiShopRedesign.sprint8.ValidateCountryCheckoutDetails"/>
  <testcase name="signIn" time="20.472" classname="com.tcs.BsiShopRedesign.sprint8.ValidateCountryCheckoutDetails"/>
</testsuite> <!-- com.tcs.BsiShopRedesign.sprint8.ValidateCountryCheckoutDetails -->
