<?xml version="1.0" encoding="UTF-8"?>
<!-- Generated by org.testng.reporters.JUnitReportReporter -->
<testsuite hostname="ShopRedesign04" name="com.tcs.BsiShopRedesign.sprint3.SearchSortOrderByProductType" tests="1" failures="0" timestamp="12 Nov 2018 16:06:49 GMT" time="310.533" errors="0">
  <testcase name="checkSortingOrderQuality" time="310.533" classname="com.tcs.BsiShopRedesign.sprint3.SearchSortOrderByProductType"/>
</testsuite> <!-- com.tcs.BsiShopRedesign.sprint3.SearchSortOrderByProductType -->
