<?xml version="1.0" encoding="UTF-8"?>
<!-- Generated by org.testng.reporters.JUnitReportReporter -->
<testsuite hostname="ShopRedesign04" name="com.tcs.BsiShopRedesign.sprint4_5.VerifyMemberProfile" tests="2" failures="0" timestamp="11 Oct 2018 16:48:35 GMT" time="14.486" errors="0">
  <testcase name="signInMember" time="9.550" classname="com.tcs.BsiShopRedesign.sprint4_5.VerifyMemberProfile"/>
  <testcase name="verifyMemberTab" time="4.936" classname="com.tcs.BsiShopRedesign.sprint4_5.VerifyMemberProfile"/>
</testsuite> <!-- com.tcs.BsiShopRedesign.sprint4_5.VerifyMemberProfile -->
