<?xml version="1.0" encoding="UTF-8"?>
<!-- Generated by org.testng.reporters.JUnitReportReporter -->
<testsuite hostname="ShopRedesign04" name="com.tcs.BsiShopRedesign.sprint2.DownloadMarketingMaterial" tests="2" failures="0" timestamp="16 Aug 2018 16:59:27 GMT" time="397.988" errors="0">
  <testcase name="downloadPASMM" time="375.269" classname="com.tcs.BsiShopRedesign.sprint2.DownloadMarketingMaterial"/>
  <testcase name="signIn" time="22.719" classname="com.tcs.BsiShopRedesign.sprint2.DownloadMarketingMaterial"/>
</testsuite> <!-- com.tcs.BsiShopRedesign.sprint2.DownloadMarketingMaterial -->
