<?xml version="1.0" encoding="UTF-8"?>
<!-- Generated by org.testng.reporters.JUnitReportReporter -->
<testsuite hostname="ShopRedesign04" name="com.tcs.BsiShopRedesign.sprint4_5.VerifyProductStatusWithColorCode" tests="5" failures="0" timestamp="22 Jan 2019 17:54:39 GMT" time="672.920" errors="0">
  <testcase name="currentUnderReviewStatusColorCode" time="168.315" classname="com.tcs.BsiShopRedesign.sprint4_5.VerifyProductStatusWithColorCode"/>
  <testcase name="currentStatusColorCode" time="66.950" classname="com.tcs.BsiShopRedesign.sprint4_5.VerifyProductStatusWithColorCode"/>
  <testcase name="withdrawnStatusColorCode" time="97.818" classname="com.tcs.BsiShopRedesign.sprint4_5.VerifyProductStatusWithColorCode"/>
  <testcase name="currentDraftStatusColorCode" time="168.291" classname="com.tcs.BsiShopRedesign.sprint4_5.VerifyProductStatusWithColorCode"/>
  <testcase name="currentRevisionUnderwayStatusColorCode" time="171.546" classname="com.tcs.BsiShopRedesign.sprint4_5.VerifyProductStatusWithColorCode"/>
</testsuite> <!-- com.tcs.BsiShopRedesign.sprint4_5.VerifyProductStatusWithColorCode -->
