<?xml version="1.0" encoding="UTF-8"?>
<!-- Generated by org.testng.reporters.JUnitReportReporter -->
<testsuite hostname="ShopRedesign04" name="com.tcs.BsiShopRedesign.sprint7.UnregisteredUserCheckout" tests="1" failures="0" timestamp="16 Oct 2018 18:13:12 GMT" time="104.944" errors="0">
  <testcase name="CheckLoginAlertOnChekout" time="104.944" classname="com.tcs.BsiShopRedesign.sprint7.UnregisteredUserCheckout"/>
</testsuite> <!-- com.tcs.BsiShopRedesign.sprint7.UnregisteredUserCheckout -->
