<?xml version="1.0" encoding="UTF-8"?>
<!-- Generated by org.testng.reporters.JUnitReportReporter -->
<testsuite hostname="ShopRedesign04" name="com.tcs.BsiShopRedesign.sprint3.CheckSearchCount" tests="1" failures="0" timestamp="22 Jan 2019 17:54:39 GMT" time="82.971" errors="0">
  <testcase name="searchPASCount" time="82.971" classname="com.tcs.BsiShopRedesign.sprint3.CheckSearchCount"/>
</testsuite> <!-- com.tcs.BsiShopRedesign.sprint3.CheckSearchCount -->
