<?xml version="1.0" encoding="UTF-8"?>
<!-- Generated by org.testng.reporters.JUnitReportReporter -->
<testsuite hostname="ShopRedesign04" name="com.tcs.BsiShopRedesign.sprint4_5.RegistrationsWithDiffProfile" tests="6" failures="0" timestamp="26 Oct 2018 09:37:35 GMT" time="143.230" errors="0">
  <testcase name="createRegUserNonUKProfile" time="51.889" classname="com.tcs.BsiShopRedesign.sprint4_5.RegistrationsWithDiffProfile"/>
  <testcase name="verifyContactInformation" time="8.757" classname="com.tcs.BsiShopRedesign.sprint4_5.RegistrationsWithDiffProfile"/>
  <testcase name="verifyLoginForRegisteredUser" time="18.459" classname="com.tcs.BsiShopRedesign.sprint4_5.RegistrationsWithDiffProfile"/>
  <testcase name="verifyTooltip" time="18.751" classname="com.tcs.BsiShopRedesign.sprint4_5.RegistrationsWithDiffProfile"/>
  <testcase name="loginThroughAlreadyRegistered" time="26.952" classname="com.tcs.BsiShopRedesign.sprint4_5.RegistrationsWithDiffProfile"/>
  <testcase name="createRegUserUKProfile" time="18.422" classname="com.tcs.BsiShopRedesign.sprint4_5.RegistrationsWithDiffProfile"/>
</testsuite> <!-- com.tcs.BsiShopRedesign.sprint4_5.RegistrationsWithDiffProfile -->
