<?xml version="1.0" encoding="UTF-8"?>
<!-- Generated by org.testng.reporters.JUnitReportReporter -->
<testsuite hostname="ShopRedesign04" name="com.tcs.BsiShopRedesign.sprint8.RenewMembership" tests="2" failures="0" timestamp="5 Dec 2018 20:56:36 GMT" time="83.902" errors="0">
  <testcase name="addRenewMembershipToBasket" time="74.647" classname="com.tcs.BsiShopRedesign.sprint8.RenewMembership"/>
  <testcase name="signInMember" time="9.255" classname="com.tcs.BsiShopRedesign.sprint8.RenewMembership"/>
</testsuite> <!-- com.tcs.BsiShopRedesign.sprint8.RenewMembership -->
