<?xml version="1.0" encoding="UTF-8"?>
<!-- Generated by org.testng.reporters.JUnitReportReporter -->
<testsuite hostname="ShopRedesign04" name="com.tcs.BsiShopRedesign.sprint8.SoftCopyDownloads" tests="3" failures="0" timestamp="10 Dec 2018 13:25:51 GMT" time="211.590" errors="0">
  <testcase name="signIn" time="18.545" classname="com.tcs.BsiShopRedesign.sprint8.SoftCopyDownloads"/>
  <testcase name="downloadSoftCopyfromOrderHistoryPage" time="42.377" classname="com.tcs.BsiShopRedesign.sprint8.SoftCopyDownloads"/>
  <testcase name="downloadSoftCopyfromOrderCofirmationPage" time="150.668" classname="com.tcs.BsiShopRedesign.sprint8.SoftCopyDownloads"/>
</testsuite> <!-- com.tcs.BsiShopRedesign.sprint8.SoftCopyDownloads -->
