<?xml version="1.0" encoding="UTF-8"?>
<!-- Generated by org.testng.reporters.JUnitReportReporter -->
<testsuite hostname="ShopRedesign04" name="com.tcs.BsiShopRedesign.sprint4_5.RegistrationsWithDiffProfile" tests="6" failures="0" timestamp="12 Nov 2018 16:06:49 GMT" time="97.017" errors="0">
  <testcase name="verifyLoginForRegisteredUser" time="13.031" classname="com.tcs.BsiShopRedesign.sprint4_5.RegistrationsWithDiffProfile"/>
  <testcase name="createRegUserNonUKProfile" time="23.631" classname="com.tcs.BsiShopRedesign.sprint4_5.RegistrationsWithDiffProfile"/>
  <testcase name="verifyTooltip" time="16.570" classname="com.tcs.BsiShopRedesign.sprint4_5.RegistrationsWithDiffProfile"/>
  <testcase name="verifyContactInformation" time="7.197" classname="com.tcs.BsiShopRedesign.sprint4_5.RegistrationsWithDiffProfile"/>
  <testcase name="createRegUserUKProfile" time="12.813" classname="com.tcs.BsiShopRedesign.sprint4_5.RegistrationsWithDiffProfile"/>
  <testcase name="loginThroughAlreadyRegistered" time="23.775" classname="com.tcs.BsiShopRedesign.sprint4_5.RegistrationsWithDiffProfile"/>
</testsuite> <!-- com.tcs.BsiShopRedesign.sprint4_5.RegistrationsWithDiffProfile -->
