<?xml version="1.0" encoding="UTF-8"?>
<!-- Generated by org.testng.reporters.JUnitReportReporter -->
<testsuite hostname="ShopRedesign04" name="com.tcs.BsiShopRedesign.sprint7.UnregisteredUserCheckout" tests="1" failures="0" timestamp="24 Oct 2018 16:29:59 GMT" time="73.689" errors="0">
  <testcase name="CheckLoginAlertOnChekout" time="73.689" classname="com.tcs.BsiShopRedesign.sprint7.UnregisteredUserCheckout"/>
</testsuite> <!-- com.tcs.BsiShopRedesign.sprint7.UnregisteredUserCheckout -->
