<?xml version="1.0" encoding="UTF-8"?>
<!-- Generated by org.testng.reporters.JUnitReportReporter -->
<testsuite hostname="ShopRedesign04" name="com.tcs.BsiShopRedesign.sprint9.VerifyContactUs" tests="1" failures="0" timestamp="22 Jan 2019 17:54:39 GMT" time="19.302" errors="0">
  <testcase name="contactUs" time="19.302" classname="com.tcs.BsiShopRedesign.sprint9.VerifyContactUs"/>
</testsuite> <!-- com.tcs.BsiShopRedesign.sprint9.VerifyContactUs -->
