<?xml version="1.0" encoding="UTF-8"?>
<!-- Generated by org.testng.reporters.JUnitReportReporter -->
<testsuite hostname="ShopRedesign04" name="com.tcs.BsiShopRedesign.sprint3.CheckBlankSearchResult" tests="1" failures="0" timestamp="18 Sep 2018 16:33:31 GMT" time="16.744" errors="0">
  <testcase name="blankSearch" time="16.744" classname="com.tcs.BsiShopRedesign.sprint3.CheckBlankSearchResult"/>
</testsuite> <!-- com.tcs.BsiShopRedesign.sprint3.CheckBlankSearchResult -->
