<?xml version="1.0" encoding="UTF-8"?>
<!-- Generated by org.testng.reporters.JUnitReportReporter -->
<testsuite hostname="ShopRedesign04" name="com.tcs.BsiShopRedesign.sprint9.VerifyForgotPassword" tests="1" failures="0" timestamp="22 Jan 2019 17:54:39 GMT" time="13.042" errors="0">
  <testcase name="validateCheckoutNonUKDetailsHardCopy" time="13.042" classname="com.tcs.BsiShopRedesign.sprint9.VerifyForgotPassword"/>
</testsuite> <!-- com.tcs.BsiShopRedesign.sprint9.VerifyForgotPassword -->
