<?xml version="1.0" encoding="UTF-8"?>
<!-- Generated by org.testng.reporters.JUnitReportReporter -->
<testsuite hostname="ShopRedesign04" name="com.tcs.BsiShopRedesign.cms.CreatePromoCode" tests="2" failures="0" timestamp="14 Nov 2018 16:57:36 GMT" time="33.485" errors="0">
  <testcase name="verifyCmsDetails" time="25.302" classname="com.tcs.BsiShopRedesign.cms.CreatePromoCode"/>
  <testcase name="signInCms" time="8.183" classname="com.tcs.BsiShopRedesign.cms.CreatePromoCode"/>
</testsuite> <!-- com.tcs.BsiShopRedesign.cms.CreatePromoCode -->
