<?xml version="1.0" encoding="UTF-8"?>
<!-- Generated by org.testng.reporters.JUnitReportReporter -->
<testsuite hostname="ShopRedesign02" name="com.tcs.BsiShopRedesign.sprint3.SearchSortOrderByPublishedDate" tests="1" failures="0" timestamp="25 May 2018 15:46:44 GMT" time="178.340" errors="0">
  <testcase name="checkSortingOrderQuality" time="178.340" classname="com.tcs.BsiShopRedesign.sprint3.SearchSortOrderByPublishedDate"/>
</testsuite> <!-- com.tcs.BsiShopRedesign.sprint3.SearchSortOrderByPublishedDate -->
