<?xml version="1.0" encoding="UTF-8"?>
<!-- Generated by org.testng.reporters.JUnitReportReporter -->
<testsuite hostname="ShopRedesign04" name="com.tcs.BsiShopRedesign.sprint1.SCRProductsUpdateBasket" tests="3" failures="0" timestamp="16 Oct 2018 18:13:12 GMT" time="347.151" errors="0">
  <testcase name="productUpdateBasket" time="149.750" classname="com.tcs.BsiShopRedesign.sprint1.SCRProductsUpdateBasket"/>
  <testcase name="productUpdateBasket" time="90.355" classname="com.tcs.BsiShopRedesign.sprint1.SCRProductsUpdateBasket"/>
  <testcase name="productUpdateBasket" time="107.046" classname="com.tcs.BsiShopRedesign.sprint1.SCRProductsUpdateBasket"/>
</testsuite> <!-- com.tcs.BsiShopRedesign.sprint1.SCRProductsUpdateBasket -->
