<?xml version="1.0" encoding="UTF-8"?>
<!-- Generated by org.testng.reporters.JUnitReportReporter -->
<testsuite hostname="ShopRedesign02" name="com.tcs.BsiShopRedesign.sprint1.MyProfileAddTenAddresses" tests="5" failures="0" timestamp="24 May 2018 16:47:08 GMT" time="500.240" errors="0">
  <testcase name="addTenDeliveryAddress" time="183.778" classname="com.tcs.BsiShopRedesign.sprint1.MyProfileAddTenAddresses"/>
  <testcase name="deleteTenBillingAddress" time="53.723" classname="com.tcs.BsiShopRedesign.sprint1.MyProfileAddTenAddresses"/>
  <testcase name="deleteTenDeliveryAddress" time="53.165" classname="com.tcs.BsiShopRedesign.sprint1.MyProfileAddTenAddresses"/>
  <testcase name="signIn" time="8.026" classname="com.tcs.BsiShopRedesign.sprint1.MyProfileAddTenAddresses"/>
  <testcase name="addTenBillingAddress" time="201.548" classname="com.tcs.BsiShopRedesign.sprint1.MyProfileAddTenAddresses"/>
</testsuite> <!-- com.tcs.BsiShopRedesign.sprint1.MyProfileAddTenAddresses -->
