<?xml version="1.0" encoding="UTF-8"?>
<!-- Generated by org.testng.reporters.JUnitReportReporter -->
<testsuite hostname="ShopRedesign04" name="com.tcs.BsiShopRedesign.sprint9.VerifyPaymentDetails" tests="2" failures="0" timestamp="13 Nov 2018 17:09:44 GMT" time="165.377" errors="0">
  <testcase name="verifyIncorrectCardPayment" time="156.809" classname="com.tcs.BsiShopRedesign.sprint9.VerifyPaymentDetails"/>
  <testcase name="signInMember" time="8.568" classname="com.tcs.BsiShopRedesign.sprint9.VerifyPaymentDetails"/>
</testsuite> <!-- com.tcs.BsiShopRedesign.sprint9.VerifyPaymentDetails -->
