<?xml version="1.0" encoding="UTF-8"?>
<!-- Generated by org.testng.reporters.JUnitReportReporter -->
<testsuite hostname="ShopRedesign04" name="com.tcs.BsiShopRedesign.cms.VerifyCmsDetails" tests="2" failures="0" timestamp="13 Nov 2018 17:09:44 GMT" time="31.674" errors="0">
  <testcase name="signInCms" time="8.881" classname="com.tcs.BsiShopRedesign.cms.VerifyCmsDetails"/>
  <testcase name="verifyCmsDetails" time="22.793" classname="com.tcs.BsiShopRedesign.cms.VerifyCmsDetails"/>
</testsuite> <!-- com.tcs.BsiShopRedesign.cms.VerifyCmsDetails -->
