<?xml version="1.0" encoding="UTF-8"?>
<!-- Generated by org.testng.reporters.JUnitReportReporter -->
<testsuite hostname="ShopRedesign04" name="com.tcs.BsiShopRedesign.sprint1.SCRProductsUpdateBasket" tests="3" failures="0" timestamp="3 Sep 2018 16:43:37 GMT" time="389.184" errors="0">
  <testcase name="productUpdateBasket" time="146.106" classname="com.tcs.BsiShopRedesign.sprint1.SCRProductsUpdateBasket"/>
  <testcase name="productUpdateBasket" time="124.081" classname="com.tcs.BsiShopRedesign.sprint1.SCRProductsUpdateBasket"/>
  <testcase name="productUpdateBasket" time="118.997" classname="com.tcs.BsiShopRedesign.sprint1.SCRProductsUpdateBasket"/>
</testsuite> <!-- com.tcs.BsiShopRedesign.sprint1.SCRProductsUpdateBasket -->
