<?xml version="1.0" encoding="UTF-8"?>
<!-- Generated by org.testng.reporters.JUnitReportReporter -->
<testsuite hostname="ShopRedesign04" name="com.tcs.BsiShopRedesign.sprint9.CheckoutDeliveryAddress" tests="2" failures="0" timestamp="26 Oct 2018 09:37:35 GMT" time="123.652" errors="0">
  <testcase name="signIn" time="16.271" classname="com.tcs.BsiShopRedesign.sprint9.CheckoutDeliveryAddress"/>
  <testcase name="verifyHardCopyDeliveryDetails" time="107.381" classname="com.tcs.BsiShopRedesign.sprint9.CheckoutDeliveryAddress"/>
</testsuite> <!-- com.tcs.BsiShopRedesign.sprint9.CheckoutDeliveryAddress -->
