<?xml version="1.0" encoding="UTF-8"?>
<!-- Generated by org.testng.reporters.JUnitReportReporter -->
<testsuite hostname="ShopRedesign04" name="com.tcs.BsiShopRedesign.cms.ViewCMSPage" tests="2" failures="0" timestamp="20 Dec 2018 18:44:51 GMT" time="48.000" errors="0">
  <testcase name="signInCms" time="36.938" classname="com.tcs.BsiShopRedesign.cms.ViewCMSPage"/>
  <testcase name="verifyCmsDetails" time="11.062" classname="com.tcs.BsiShopRedesign.cms.ViewCMSPage"/>
</testsuite> <!-- com.tcs.BsiShopRedesign.cms.ViewCMSPage -->
