<?xml version="1.0" encoding="UTF-8"?>
<!-- Generated by org.testng.reporters.JUnitReportReporter -->
<testsuite hostname="ShopRedesign04" name="com.tcs.BsiShopRedesign.sprint2.DownloadMarketingMaterial" tests="2" failures="0" timestamp="5 Dec 2018 20:56:36 GMT" time="36.012" errors="0">
  <testcase name="signIn" time="17.300" classname="com.tcs.BsiShopRedesign.sprint2.DownloadMarketingMaterial"/>
  <testcase name="downloadPASMM" time="18.712" classname="com.tcs.BsiShopRedesign.sprint2.DownloadMarketingMaterial"/>
</testsuite> <!-- com.tcs.BsiShopRedesign.sprint2.DownloadMarketingMaterial -->
