<?xml version="1.0" encoding="UTF-8"?>
<!-- Generated by org.testng.reporters.JUnitReportReporter -->
<testsuite hostname="ShopRedesign04" name="com.tcs.BsiShopRedesign.sprint2.RegisterMUNLCode" tests="1" failures="0" timestamp="3 Sep 2018 16:43:37 GMT" time="117.424" errors="0">
  <testcase name="registerMUNL" time="117.424" classname="com.tcs.BsiShopRedesign.sprint2.RegisterMUNLCode"/>
</testsuite> <!-- com.tcs.BsiShopRedesign.sprint2.RegisterMUNLCode -->
