<?xml version="1.0" encoding="UTF-8"?>
<!-- Generated by org.testng.reporters.JUnitReportReporter -->
<testsuite hostname="ShopRedesign02" name="com.tcs.BsiShopRedesign.sprint1.MyProfileAddTenAddresses" tests="5" failures="0" timestamp="5 Jun 2018 15:19:15 GMT" time="505.202" errors="0">
  <testcase name="deleteTenBillingAddress" time="54.933" classname="com.tcs.BsiShopRedesign.sprint1.MyProfileAddTenAddresses"/>
  <testcase name="addTenBillingAddress" time="203.535" classname="com.tcs.BsiShopRedesign.sprint1.MyProfileAddTenAddresses"/>
  <testcase name="addTenDeliveryAddress" time="184.142" classname="com.tcs.BsiShopRedesign.sprint1.MyProfileAddTenAddresses"/>
  <testcase name="deleteTenDeliveryAddress" time="54.637" classname="com.tcs.BsiShopRedesign.sprint1.MyProfileAddTenAddresses"/>
  <testcase name="signIn" time="7.955" classname="com.tcs.BsiShopRedesign.sprint1.MyProfileAddTenAddresses"/>
</testsuite> <!-- com.tcs.BsiShopRedesign.sprint1.MyProfileAddTenAddresses -->
