<?xml version="1.0" encoding="UTF-8"?>
<!-- Generated by org.testng.reporters.JUnitReportReporter -->
<testsuite hostname="ShopRedesign04" name="com.tcs.BsiShopRedesign.sprint3.SearchSortOrderByProductType" tests="1" failures="0" timestamp="4 Sep 2018 16:43:17 GMT" time="466.628" errors="0">
  <testcase name="checkSortingOrderQuality" time="466.628" classname="com.tcs.BsiShopRedesign.sprint3.SearchSortOrderByProductType"/>
</testsuite> <!-- com.tcs.BsiShopRedesign.sprint3.SearchSortOrderByProductType -->
