<?xml version="1.0" encoding="UTF-8"?>
<!-- Generated by org.testng.reporters.JUnitReportReporter -->
<testsuite hostname="ShopRedesign04" name="com.tcs.BsiShopRedesign.sprint2.EssentialsProductAndEventRemoveBasket" tests="2" failures="0" timestamp="31 Oct 2018 22:03:10 GMT" time="117.479" errors="0">
  <testcase name="BookPaidEventAndStandardProduct" time="100.406" classname="com.tcs.BsiShopRedesign.sprint2.EssentialsProductAndEventRemoveBasket"/>
  <testcase name="signIn" time="17.073" classname="com.tcs.BsiShopRedesign.sprint2.EssentialsProductAndEventRemoveBasket"/>
</testsuite> <!-- com.tcs.BsiShopRedesign.sprint2.EssentialsProductAndEventRemoveBasket -->
