<?xml version="1.0" encoding="UTF-8"?>
<!-- Generated by org.testng.reporters.JUnitReportReporter -->
<testsuite hostname="ShopRedesign04" name="com.tcs.BsiShopRedesign.sprint3.CheckProductFeatures" tests="3" failures="0" timestamp="27 Oct 2018 14:40:45 GMT" time="49.094" errors="0">
  <testcase name="checkPASProduct" time="13.005" classname="com.tcs.BsiShopRedesign.sprint3.CheckProductFeatures"/>
  <testcase name="checkFreeEvent" time="13.040" classname="com.tcs.BsiShopRedesign.sprint3.CheckProductFeatures"/>
  <testcase name="checkPaidEvent" time="23.049" classname="com.tcs.BsiShopRedesign.sprint3.CheckProductFeatures"/>
</testsuite> <!-- com.tcs.BsiShopRedesign.sprint3.CheckProductFeatures -->
