<?xml version="1.0" encoding="UTF-8"?>
<!-- Generated by org.testng.reporters.JUnitReportReporter -->
<testsuite hostname="ShopRedesign04" name="com.tcs.BsiShopRedesign.sprint7.VerifyMemberDiscount" tests="2" failures="0" timestamp="10 Dec 2018 16:37:48 GMT" time="155.392" errors="0">
  <testcase name="signInMember" time="9.190" classname="com.tcs.BsiShopRedesign.sprint7.VerifyMemberDiscount"/>
  <testcase name="verifyMemberPrice" time="146.202" classname="com.tcs.BsiShopRedesign.sprint7.VerifyMemberDiscount"/>
</testsuite> <!-- com.tcs.BsiShopRedesign.sprint7.VerifyMemberDiscount -->
