<?xml version="1.0" encoding="UTF-8"?>
<!-- Generated by org.testng.reporters.JUnitReportReporter -->
<testsuite hostname="ShopRedesign04" name="com.tcs.BsiShopRedesign.sprint3.SearchSortOrderByProductType" tests="1" failures="0" timestamp="16 Oct 2018 18:13:12 GMT" time="433.066" errors="0">
  <testcase name="checkSortingOrderQuality" time="433.066" classname="com.tcs.BsiShopRedesign.sprint3.SearchSortOrderByProductType"/>
</testsuite> <!-- com.tcs.BsiShopRedesign.sprint3.SearchSortOrderByProductType -->
