<?xml version="1.0" encoding="UTF-8"?>
<!-- Generated by org.testng.reporters.JUnitReportReporter -->
<testsuite hostname="ShopRedesign04" name="com.tcs.BsiShopRedesign.sprint7.VerifyMemberDiscount" tests="2" failures="0" timestamp="15 Nov 2018 16:13:58 GMT" time="176.612" errors="0">
  <testcase name="verifyMemberPrice" time="163.300" classname="com.tcs.BsiShopRedesign.sprint7.VerifyMemberDiscount"/>
  <testcase name="signInMember" time="13.312" classname="com.tcs.BsiShopRedesign.sprint7.VerifyMemberDiscount"/>
</testsuite> <!-- com.tcs.BsiShopRedesign.sprint7.VerifyMemberDiscount -->
