<?xml version="1.0" encoding="UTF-8"?>
<!-- Generated by org.testng.reporters.JUnitReportReporter -->
<testsuite hostname="ShopRedesign04" name="com.tcs.BsiShopRedesign.sprint1.MyProfileAddTenAddresses" tests="5" failures="0" timestamp="3 Sep 2018 16:43:37 GMT" time="697.838" errors="0">
  <testcase name="deleteTenBillingAddress" time="92.534" classname="com.tcs.BsiShopRedesign.sprint1.MyProfileAddTenAddresses"/>
  <testcase name="addTenDeliveryAddress" time="246.454" classname="com.tcs.BsiShopRedesign.sprint1.MyProfileAddTenAddresses"/>
  <testcase name="deleteTenDeliveryAddress" time="98.536" classname="com.tcs.BsiShopRedesign.sprint1.MyProfileAddTenAddresses"/>
  <testcase name="addTenBillingAddress" time="249.212" classname="com.tcs.BsiShopRedesign.sprint1.MyProfileAddTenAddresses"/>
  <testcase name="signIn" time="11.102" classname="com.tcs.BsiShopRedesign.sprint1.MyProfileAddTenAddresses"/>
</testsuite> <!-- com.tcs.BsiShopRedesign.sprint1.MyProfileAddTenAddresses -->
