<?xml version="1.0" encoding="UTF-8"?>
<!-- Generated by org.testng.reporters.JUnitReportReporter -->
<testsuite hostname="ShopRedesign04" name="com.tcs.BsiShopRedesign.sprint8.RenewMembership" tests="2" failures="0" timestamp="15 Nov 2018 16:13:58 GMT" time="106.903" errors="0">
  <testcase name="signInMember" time="13.457" classname="com.tcs.BsiShopRedesign.sprint8.RenewMembership"/>
  <testcase name="addRenewMembershipToBasket" time="93.446" classname="com.tcs.BsiShopRedesign.sprint8.RenewMembership"/>
</testsuite> <!-- com.tcs.BsiShopRedesign.sprint8.RenewMembership -->
