<?xml version="1.0" encoding="UTF-8"?>
<!-- Generated by org.testng.reporters.JUnitReportReporter -->
<testsuite hostname="ShopRedesign04" name="com.tcs.BsiShopRedesign.sprint9.VerifyIncorrectPaymentDetails" tests="2" failures="0" timestamp="5 Dec 2018 20:56:36 GMT" time="156.433" errors="0">
  <testcase name="signInMember" time="8.673" classname="com.tcs.BsiShopRedesign.sprint9.VerifyIncorrectPaymentDetails"/>
  <testcase name="verifyIncorrectCardPayment" time="147.760" classname="com.tcs.BsiShopRedesign.sprint9.VerifyIncorrectPaymentDetails"/>
</testsuite> <!-- com.tcs.BsiShopRedesign.sprint9.VerifyIncorrectPaymentDetails -->
