<?xml version="1.0" encoding="UTF-8"?>
<!-- Generated by org.testng.reporters.JUnitReportReporter -->
<testsuite hostname="ShopRedesign04" name="com.tcs.BsiShopRedesign.sprint1.SCRProductsUpdateBasket" tests="1" failures="0" timestamp="1 Nov 2018 10:48:45 GMT" time="96.140" errors="0">
  <testcase name="productUpdateBasket" time="96.140" classname="com.tcs.BsiShopRedesign.sprint1.SCRProductsUpdateBasket"/>
</testsuite> <!-- com.tcs.BsiShopRedesign.sprint1.SCRProductsUpdateBasket -->
