<?xml version="1.0" encoding="UTF-8"?>
<!-- Generated by org.testng.reporters.JUnitReportReporter -->
<testsuite hostname="ShopRedesign04" name="com.tcs.BsiShopRedesign.cms.ViewCMSPage" tests="2" failures="0" timestamp="28 Jan 2019 18:33:18 GMT" time="18.728" errors="0">
  <testcase name="verifyCmsDetails" time="11.992" classname="com.tcs.BsiShopRedesign.cms.ViewCMSPage"/>
  <testcase name="signInCms" time="6.736" classname="com.tcs.BsiShopRedesign.cms.ViewCMSPage"/>
</testsuite> <!-- com.tcs.BsiShopRedesign.cms.ViewCMSPage -->
