<?xml version="1.0" encoding="UTF-8"?>
<!-- Generated by org.testng.reporters.JUnitReportReporter -->
<testsuite hostname="ShopRedesign04" name="com.tcs.BsiShopRedesign.sprint2.DownloadMarketingMaterial" tests="2" failures="0" timestamp="7 Dec 2018 17:55:50 GMT" time="35.857" errors="0">
  <testcase name="signIn" time="16.568" classname="com.tcs.BsiShopRedesign.sprint2.DownloadMarketingMaterial"/>
  <testcase name="downloadPASMM" time="19.289" classname="com.tcs.BsiShopRedesign.sprint2.DownloadMarketingMaterial"/>
</testsuite> <!-- com.tcs.BsiShopRedesign.sprint2.DownloadMarketingMaterial -->
