<?xml version="1.0" encoding="UTF-8"?>
<!-- Generated by org.testng.reporters.JUnitReportReporter -->
<testsuite hostname="ShopRedesign04" name="com.tcs.BsiShopRedesign.sprint2.BookEvent" tests="2" failures="0" timestamp="7 Dec 2018 17:55:50 GMT" time="68.478" errors="0">
  <testcase name="signIn" time="16.469" classname="com.tcs.BsiShopRedesign.sprint2.BookEvent"/>
  <testcase name="BookPaidEvent" time="52.009" classname="com.tcs.BsiShopRedesign.sprint2.BookEvent"/>
</testsuite> <!-- com.tcs.BsiShopRedesign.sprint2.BookEvent -->
