<?xml version="1.0" encoding="UTF-8"?>
<!-- Generated by org.testng.reporters.JUnitReportReporter -->
<testsuite hostname="ShopRedesign04" name="com.tcs.BsiShopRedesign.sprint3.CheckProductFeatures" tests="3" failures="0" timestamp="11 Sep 2018 17:21:26 GMT" time="40.014" errors="0">
  <testcase name="checkPASProduct" time="13.230" classname="com.tcs.BsiShopRedesign.sprint3.CheckProductFeatures"/>
  <testcase name="checkFreeEvent" time="5.966" classname="com.tcs.BsiShopRedesign.sprint3.CheckProductFeatures"/>
  <testcase name="checkPaidEvent" time="20.818" classname="com.tcs.BsiShopRedesign.sprint3.CheckProductFeatures"/>
</testsuite> <!-- com.tcs.BsiShopRedesign.sprint3.CheckProductFeatures -->
