<?xml version="1.0" encoding="UTF-8"?>
<!-- Generated by org.testng.reporters.JUnitReportReporter -->
<testsuite hostname="ShopRedesign04" name="com.tcs.BsiShopRedesign.cms.CreateUpdateDeleteCMSPage" tests="2" failures="0" timestamp="28 Jan 2019 18:33:18 GMT" time="118.181" errors="0">
  <testcase name="createUpdateDeletePage" time="111.379" classname="com.tcs.BsiShopRedesign.cms.CreateUpdateDeleteCMSPage"/>
  <testcase name="signInCms" time="6.802" classname="com.tcs.BsiShopRedesign.cms.CreateUpdateDeleteCMSPage"/>
</testsuite> <!-- com.tcs.BsiShopRedesign.cms.CreateUpdateDeleteCMSPage -->
