<?xml version="1.0" encoding="UTF-8"?>
<!-- Generated by org.testng.reporters.JUnitReportReporter -->
<testsuite hostname="ShopRedesign04" name="com.tcs.BsiShopRedesign.sprint8.VerifyMemberDetails" tests="3" failures="0" timestamp="28 Jan 2019 18:33:18 GMT" time="62.851" errors="0">
  <testcase name="enterEmailID" time="12.902" classname="com.tcs.BsiShopRedesign.sprint8.VerifyMemberDetails"/>
  <testcase name="signInMember" time="9.649" classname="com.tcs.BsiShopRedesign.sprint8.VerifyMemberDetails"/>
  <testcase name="verifyMemberLink" time="40.300" classname="com.tcs.BsiShopRedesign.sprint8.VerifyMemberDetails"/>
</testsuite> <!-- com.tcs.BsiShopRedesign.sprint8.VerifyMemberDetails -->
