<?xml version="1.0" encoding="UTF-8"?>
<!-- Generated by org.testng.reporters.JUnitReportReporter -->
<testsuite hostname="ShopRedesign04" name="com.tcs.BsiShopRedesign.sprint9.VerifyForgotPassword" tests="1" failures="0" timestamp="28 Jan 2019 18:33:18 GMT" time="12.237" errors="0">
  <testcase name="validateCheckoutNonUKDetailsHardCopy" time="12.237" classname="com.tcs.BsiShopRedesign.sprint9.VerifyForgotPassword"/>
</testsuite> <!-- com.tcs.BsiShopRedesign.sprint9.VerifyForgotPassword -->
