<?xml version="1.0" encoding="UTF-8"?>
<!-- Generated by org.testng.reporters.JUnitReportReporter -->
<testsuite hostname="ShopRedesign04" name="com.tcs.BsiShopRedesign.sprint8.VerifyMemberDetails" tests="3" failures="0" timestamp="14 Nov 2018 16:57:36 GMT" time="63.718" errors="0">
  <testcase name="signInMember" time="12.038" classname="com.tcs.BsiShopRedesign.sprint8.VerifyMemberDetails"/>
  <testcase name="enterEmailID" time="11.337" classname="com.tcs.BsiShopRedesign.sprint8.VerifyMemberDetails"/>
  <testcase name="verifyMemberLink" time="40.343" classname="com.tcs.BsiShopRedesign.sprint8.VerifyMemberDetails"/>
</testsuite> <!-- com.tcs.BsiShopRedesign.sprint8.VerifyMemberDetails -->
