<?xml version="1.0" encoding="UTF-8"?>
<!-- Generated by org.testng.reporters.JUnitReportReporter -->
<testsuite hostname="ShopRedesign04" name="com.tcs.BsiShopRedesign.cms.ViewCMSPage" tests="2" failures="0" timestamp="7 Dec 2018 17:55:50 GMT" time="18.743" errors="0">
  <testcase name="signInCms" time="6.807" classname="com.tcs.BsiShopRedesign.cms.ViewCMSPage"/>
  <testcase name="verifyCmsDetails" time="11.936" classname="com.tcs.BsiShopRedesign.cms.ViewCMSPage"/>
</testsuite> <!-- com.tcs.BsiShopRedesign.cms.ViewCMSPage -->
