<?xml version="1.0" encoding="UTF-8"?>
<!-- Generated by org.testng.reporters.JUnitReportReporter -->
<testsuite hostname="ShopRedesign04" name="com.tcs.BsiShopRedesign.sprint7.VerifyMemberDiscount" tests="2" failures="0" timestamp="10 Jan 2019 19:44:20 GMT" time="238.953" errors="0">
  <testcase name="verifyMemberPrice" time="228.911" classname="com.tcs.BsiShopRedesign.sprint7.VerifyMemberDiscount"/>
  <testcase name="signInMember" time="10.042" classname="com.tcs.BsiShopRedesign.sprint7.VerifyMemberDiscount"/>
</testsuite> <!-- com.tcs.BsiShopRedesign.sprint7.VerifyMemberDiscount -->
