<?xml version="1.0" encoding="UTF-8"?>
<!-- Generated by org.testng.reporters.JUnitReportReporter -->
<testsuite hostname="ShopRedesign04" name="com.tcs.BsiShopRedesign.cms.VerifyPromoCodeList" tests="2" failures="0" timestamp="20 Dec 2018 18:44:51 GMT" time="64.509" errors="0">
  <testcase name="signInCms" time="36.810" classname="com.tcs.BsiShopRedesign.cms.VerifyPromoCodeList"/>
  <testcase name="verifyCmsDetails" time="27.699" classname="com.tcs.BsiShopRedesign.cms.VerifyPromoCodeList"/>
</testsuite> <!-- com.tcs.BsiShopRedesign.cms.VerifyPromoCodeList -->
