<?xml version="1.0" encoding="UTF-8"?>
<!-- Generated by org.testng.reporters.JUnitReportReporter -->
<testsuite hostname="ShopRedesign04" name="com.tcs.BsiShopRedesign.sprint4_5.VerifyMemberProfile" tests="2" failures="0" timestamp="16 Oct 2018 18:13:12 GMT" time="18.537" errors="0">
  <testcase name="signInMember" time="13.555" classname="com.tcs.BsiShopRedesign.sprint4_5.VerifyMemberProfile"/>
  <testcase name="verifyMemberTab" time="4.982" classname="com.tcs.BsiShopRedesign.sprint4_5.VerifyMemberProfile"/>
</testsuite> <!-- com.tcs.BsiShopRedesign.sprint4_5.VerifyMemberProfile -->
