<?xml version="1.0" encoding="UTF-8"?>
<!-- Generated by org.testng.reporters.JUnitReportReporter -->
<testsuite hostname="ShopRedesign04" name="com.tcs.BsiShopRedesign.sprint1.MyProfileTenAddresses" tests="5" failures="1" timestamp="14 Nov 2018 16:57:36 GMT" time="568.671" errors="0">
  <testcase name="signIn" time="8.080" classname="com.tcs.BsiShopRedesign.sprint1.MyProfileTenAddresses"/>
  <testcase name="deleteTenDeliveryAddress" time="122.385" classname="com.tcs.BsiShopRedesign.sprint1.MyProfileTenAddresses"/>
  <testcase name="addTenDeliveryAddress" time="196.599" classname="com.tcs.BsiShopRedesign.sprint1.MyProfileTenAddresses"/>
  <testcase name="addTenBillingAddress" time="174.027" classname="com.tcs.BsiShopRedesign.sprint1.MyProfileTenAddresses">
    <failure type="java.lang.AssertionError" message="Expected condition failed: waiting for visibility of element located by By.linkText: &gt; Add New Billing Address (tried for 15 second(s) with 500 MILLISECONDS interval)">
      <![CDATA[java.lang.AssertionError: Expected condition failed: waiting for visibility of element located by By.linkText: > Add New Billing Address (tried for 15 second(s) with 500 MILLISECONDS interval)
	at org.testng.Assert.fail(Assert.java:94)
	at com.tcs.BsiShopRedesign.pages.BillingAddressPage.addNewBillingAddress(BillingAddressPage.java:121)
	at com.tcs.BsiShopRedesign.pages.BillingAddressPage.addTenNewBillingAddress(BillingAddressPage.java:435)
	at com.tcs.BsiShopRedesign.sprint1.MyProfileTenAddresses.addTenBillingAddress(MyProfileTenAddresses.java:46)
	at sun.reflect.NativeMethodAccessorImpl.invoke0(Native Method)
	at sun.reflect.NativeMethodAccessorImpl.invoke(NativeMethodAccessorImpl.java:62)
	at sun.reflect.DelegatingMethodAccessorImpl.invoke(DelegatingMethodAccessorImpl.java:43)
	at java.lang.reflect.Method.invoke(Method.java:498)
	at org.testng.internal.MethodInvocationHelper.invokeMethod(MethodInvocationHelper.java:85)
	at org.testng.internal.Invoker.invokeMethod(Invoker.java:639)
	at org.testng.internal.Invoker.invokeTestMethod(Invoker.java:821)
	at org.testng.internal.Invoker.invokeTestMethods(Invoker.java:1131)
	at org.testng.internal.TestMethodWorker.invokeTestMethods(TestMethodWorker.java:124)
	at org.testng.internal.TestMethodWorker.run(TestMethodWorker.java:108)
	at org.testng.TestRunner.privateRun(TestRunner.java:773)
	at org.testng.TestRunner.run(TestRunner.java:623)
	at org.testng.SuiteRunner.runTest(SuiteRunner.java:357)
	at org.testng.SuiteRunner.runSequentially(SuiteRunner.java:352)
	at org.testng.SuiteRunner.privateRun(SuiteRunner.java:310)
	at org.testng.SuiteRunner.run(SuiteRunner.java:259)
	at org.testng.SuiteRunnerWorker.runSuite(SuiteRunnerWorker.java:52)
	at org.testng.SuiteRunnerWorker.run(SuiteRunnerWorker.java:86)
	at org.testng.TestNG.runSuitesSequentially(TestNG.java:1185)
	at org.testng.TestNG.runSuitesLocally(TestNG.java:1110)
	at org.testng.TestNG.run(TestNG.java:1018)
	at org.testng.remote.AbstractRemoteTestNG.run(AbstractRemoteTestNG.java:114)
	at org.testng.remote.RemoteTestNG.initAndRun(RemoteTestNG.java:251)
	at org.testng.remote.RemoteTestNG.main(RemoteTestNG.java:77)
]]>
    </failure>
  </testcase> <!-- addTenBillingAddress -->
  <testcase name="deleteTenBillingAddress" time="67.580" classname="com.tcs.BsiShopRedesign.sprint1.MyProfileTenAddresses"/>
</testsuite> <!-- com.tcs.BsiShopRedesign.sprint1.MyProfileTenAddresses -->
