<?xml version="1.0" encoding="UTF-8"?>
<!-- Generated by org.testng.reporters.JUnitReportReporter -->
<testsuite hostname="ShopRedesign04" name="com.tcs.BsiShopRedesign.sprint2.VerifyMemberTab" tests="2" failures="0" timestamp="3 Sep 2018 16:43:37 GMT" time="13.647" errors="0">
  <testcase name="signInMember" time="9.577" classname="com.tcs.BsiShopRedesign.sprint2.VerifyMemberTab"/>
  <testcase name="verifyStatus" time="4.070" classname="com.tcs.BsiShopRedesign.sprint2.VerifyMemberTab"/>
</testsuite> <!-- com.tcs.BsiShopRedesign.sprint2.VerifyMemberTab -->
