<?xml version="1.0" encoding="UTF-8"?>
<!-- Generated by org.testng.reporters.JUnitReportReporter -->
<testsuite hostname="ShopRedesign04" name="com.tcs.BsiShopRedesign.sprint8.VerifyMemberDetails" tests="3" failures="0" timestamp="27 Oct 2018 14:40:45 GMT" time="80.335" errors="0">
  <testcase name="verifyMemberLink" time="54.813" classname="com.tcs.BsiShopRedesign.sprint8.VerifyMemberDetails"/>
  <testcase name="signInMember" time="10.282" classname="com.tcs.BsiShopRedesign.sprint8.VerifyMemberDetails"/>
  <testcase name="enterEmailID" time="15.240" classname="com.tcs.BsiShopRedesign.sprint8.VerifyMemberDetails"/>
</testsuite> <!-- com.tcs.BsiShopRedesign.sprint8.VerifyMemberDetails -->
