<?xml version="1.0" encoding="UTF-8"?>
<!-- Generated by org.testng.reporters.JUnitReportReporter -->
<testsuite hostname="ShopRedesign04" name="com.tcs.BsiShopRedesign.sprint3.CheckProductFeatures" tests="3" failures="0" timestamp="5 Sep 2018 10:21:59 GMT" time="36.793" errors="0">
  <testcase name="checkPaidEvent" time="17.778" classname="com.tcs.BsiShopRedesign.sprint3.CheckProductFeatures"/>
  <testcase name="checkFreeEvent" time="8.702" classname="com.tcs.BsiShopRedesign.sprint3.CheckProductFeatures"/>
  <testcase name="checkPASProduct" time="10.313" classname="com.tcs.BsiShopRedesign.sprint3.CheckProductFeatures"/>
</testsuite> <!-- com.tcs.BsiShopRedesign.sprint3.CheckProductFeatures -->
