<?xml version="1.0" encoding="UTF-8"?>
<!-- Generated by org.testng.reporters.JUnitReportReporter -->
<testsuite hostname="ShopRedesign04" name="com.tcs.BsiShopRedesign.sprint1.MyProfileTenAddresses" tests="5" failures="0" timestamp="12 Nov 2018 16:06:49 GMT" time="644.452" errors="0">
  <testcase name="signIn" time="11.412" classname="com.tcs.BsiShopRedesign.sprint1.MyProfileTenAddresses"/>
  <testcase name="addTenBillingAddress" time="242.500" classname="com.tcs.BsiShopRedesign.sprint1.MyProfileTenAddresses"/>
  <testcase name="deleteTenBillingAddress" time="73.488" classname="com.tcs.BsiShopRedesign.sprint1.MyProfileTenAddresses"/>
  <testcase name="deleteTenDeliveryAddress" time="119.128" classname="com.tcs.BsiShopRedesign.sprint1.MyProfileTenAddresses"/>
  <testcase name="addTenDeliveryAddress" time="197.924" classname="com.tcs.BsiShopRedesign.sprint1.MyProfileTenAddresses"/>
</testsuite> <!-- com.tcs.BsiShopRedesign.sprint1.MyProfileTenAddresses -->
