<?xml version="1.0" encoding="UTF-8"?>
<!-- Generated by org.testng.reporters.JUnitReportReporter -->
<testsuite hostname="ShopRedesign04" name="com.tcs.BsiShopRedesign.sprint7.CreateCheckoutBillingAddress" tests="2" failures="0" timestamp="22 Jan 2019 17:54:39 GMT" time="123.816" errors="0">
  <testcase name="signIn" time="16.384" classname="com.tcs.BsiShopRedesign.sprint7.CreateCheckoutBillingAddress"/>
  <testcase name="createBillingAddress" time="107.432" classname="com.tcs.BsiShopRedesign.sprint7.CreateCheckoutBillingAddress"/>
</testsuite> <!-- com.tcs.BsiShopRedesign.sprint7.CreateCheckoutBillingAddress -->
