<?xml version="1.0" encoding="UTF-8"?>
<!-- Generated by org.testng.reporters.JUnitReportReporter -->
<testsuite hostname="ShopRedesign04" name="com.tcs.BsiShopRedesign.sprint9.VerifyRecentlyViewedProducts" tests="1" failures="0" timestamp="22 Jan 2019 17:54:39 GMT" time="75.625" errors="0">
  <testcase name="blankSearch" time="75.625" classname="com.tcs.BsiShopRedesign.sprint9.VerifyRecentlyViewedProducts"/>
</testsuite> <!-- com.tcs.BsiShopRedesign.sprint9.VerifyRecentlyViewedProducts -->
