<?xml version="1.0" encoding="UTF-8"?>
<!-- Generated by org.testng.reporters.JUnitReportReporter -->
<testsuite hostname="ShopRedesign04" name="com.tcs.BsiShopRedesign.sprint8.VerifyHardCopyDetails" tests="2" failures="0" timestamp="15 Nov 2018 16:13:58 GMT" time="161.187" errors="0">
  <testcase name="verifyHardCopyDeliveryDetails" time="140.736" classname="com.tcs.BsiShopRedesign.sprint8.VerifyHardCopyDetails"/>
  <testcase name="signIn" time="20.451" classname="com.tcs.BsiShopRedesign.sprint8.VerifyHardCopyDetails"/>
</testsuite> <!-- com.tcs.BsiShopRedesign.sprint8.VerifyHardCopyDetails -->
