<?xml version="1.0" encoding="UTF-8"?>
<!-- Generated by org.testng.reporters.JUnitReportReporter -->
<testsuite hostname="ShopRedesign04" name="com.tcs.BsiShopRedesign.sprint3.CheckSearchCount" tests="1" failures="0" timestamp="25 Oct 2018 17:35:12 GMT" time="191.678" errors="0">
  <testcase name="searchPASCount" time="191.678" classname="com.tcs.BsiShopRedesign.sprint3.CheckSearchCount"/>
</testsuite> <!-- com.tcs.BsiShopRedesign.sprint3.CheckSearchCount -->
