<?xml version="1.0" encoding="UTF-8"?>
<!-- Generated by org.testng.reporters.JUnitReportReporter -->
<testsuite hostname="ShopRedesign04" name="com.tcs.BsiShopRedesign.cms.CreateCMSPageWithBlocks" tests="3" failures="0" timestamp="29 Jan 2019 13:39:37 GMT" time="165.630" errors="0">
  <testcase name="insertBlocksToCmsPage" time="120.168" classname="com.tcs.BsiShopRedesign.cms.CreateCMSPageWithBlocks"/>
  <testcase name="signInCms" time="6.792" classname="com.tcs.BsiShopRedesign.cms.CreateCMSPageWithBlocks"/>
  <testcase name="createDeleteBlocks" time="38.670" classname="com.tcs.BsiShopRedesign.cms.CreateCMSPageWithBlocks"/>
</testsuite> <!-- com.tcs.BsiShopRedesign.cms.CreateCMSPageWithBlocks -->
