<?xml version="1.0" encoding="UTF-8"?>
<!-- Generated by org.testng.reporters.JUnitReportReporter -->
<testsuite hostname="ShopRedesign04" name="com.tcs.BsiShopRedesign.sprint3.AddPDFToBasketTwiceFromSearchList" tests="1" failures="0" timestamp="28 Jan 2019 18:33:18 GMT" time="126.919" errors="0">
  <testcase name="addToBasketSearchList" time="126.919" classname="com.tcs.BsiShopRedesign.sprint3.AddPDFToBasketTwiceFromSearchList"/>
</testsuite> <!-- com.tcs.BsiShopRedesign.sprint3.AddPDFToBasketTwiceFromSearchList -->
