<?xml version="1.0" encoding="UTF-8"?>
<!-- Generated by org.testng.reporters.JUnitReportReporter -->
<testsuite hostname="ShopRedesign04" name="com.tcs.BsiShopRedesign.cms.ResetPassword" tests="2" failures="0" timestamp="5 Dec 2018 20:56:36 GMT" time="34.174" errors="0">
  <testcase name="verifyCmsDetails" time="26.143" classname="com.tcs.BsiShopRedesign.cms.ResetPassword"/>
  <testcase name="signInCms" time="8.031" classname="com.tcs.BsiShopRedesign.cms.ResetPassword"/>
</testsuite> <!-- com.tcs.BsiShopRedesign.cms.ResetPassword -->
