<?xml version="1.0" encoding="UTF-8"?>
<!-- Generated by org.testng.reporters.JUnitReportReporter -->
<testsuite hostname="ShopRedesign04" name="com.tcs.BsiShopRedesign.sprint9.VerifyDifferentProductType" tests="3" failures="0" timestamp="14 Nov 2018 16:57:36 GMT" time="41.010" errors="0">
  <testcase name="verifyDCProduct" time="15.591" classname="com.tcs.BsiShopRedesign.sprint9.VerifyDifferentProductType"/>
  <testcase name="verifyPAS2030ProductDetails" time="8.283" classname="com.tcs.BsiShopRedesign.sprint9.VerifyDifferentProductType"/>
  <testcase name="verifyNewsFeed" time="17.136" classname="com.tcs.BsiShopRedesign.sprint9.VerifyDifferentProductType"/>
</testsuite> <!-- com.tcs.BsiShopRedesign.sprint9.VerifyDifferentProductType -->
