<?xml version="1.0" encoding="UTF-8"?>
<!-- Generated by org.testng.reporters.JUnitReportReporter -->
<testsuite hostname="ShopRedesign04" name="com.tcs.BsiShopRedesign.sprint4_5.AddInvoiceToBasketFromMemTab" tests="2" failures="0" timestamp="20 Dec 2018 18:44:51 GMT" time="37.982" errors="0">
  <testcase name="AddInvoiceToBasket" time="28.261" classname="com.tcs.BsiShopRedesign.sprint4_5.AddInvoiceToBasketFromMemTab"/>
  <testcase name="signInMember" time="9.721" classname="com.tcs.BsiShopRedesign.sprint4_5.AddInvoiceToBasketFromMemTab"/>
</testsuite> <!-- com.tcs.BsiShopRedesign.sprint4_5.AddInvoiceToBasketFromMemTab -->
