<?xml version="1.0" encoding="UTF-8"?>
<!-- Generated by org.testng.reporters.JUnitReportReporter -->
<testsuite hostname="ShopRedesign04" name="com.tcs.BsiShopRedesign.sprint1.SCRProductsUpdateBasket" tests="3" failures="0" timestamp="18 Sep 2018 16:33:31 GMT" time="346.585" errors="0">
  <testcase name="productUpdateBasket" time="118.762" classname="com.tcs.BsiShopRedesign.sprint1.SCRProductsUpdateBasket"/>
  <testcase name="productUpdateBasket" time="112.961" classname="com.tcs.BsiShopRedesign.sprint1.SCRProductsUpdateBasket"/>
  <testcase name="productUpdateBasket" time="114.862" classname="com.tcs.BsiShopRedesign.sprint1.SCRProductsUpdateBasket"/>
</testsuite> <!-- com.tcs.BsiShopRedesign.sprint1.SCRProductsUpdateBasket -->
