<?xml version="1.0" encoding="UTF-8"?>
<!-- Generated by org.testng.reporters.JUnitReportReporter -->
<testsuite hostname="ShopRedesign04" name="com.tcs.BsiShopRedesign.sprint9.VerifyRecentlyViewedProducts" tests="1" failures="0" timestamp="13 Nov 2018 17:09:44 GMT" time="84.112" errors="0">
  <testcase name="blankSearch" time="84.112" classname="com.tcs.BsiShopRedesign.sprint9.VerifyRecentlyViewedProducts"/>
</testsuite> <!-- com.tcs.BsiShopRedesign.sprint9.VerifyRecentlyViewedProducts -->
