<?xml version="1.0" encoding="UTF-8"?>
<!-- Generated by org.testng.reporters.JUnitReportReporter -->
<testsuite hostname="ShopRedesign04" name="com.tcs.BsiShopRedesign.sprint2.MultipleEventUpdateBasket" tests="2" failures="0" timestamp="25 Oct 2018 17:35:12 GMT" time="181.758" errors="0">
  <testcase name="signIn" time="10.124" classname="com.tcs.BsiShopRedesign.sprint2.MultipleEventUpdateBasket"/>
  <testcase name="addAndUpdateMultipleEvents" time="171.634" classname="com.tcs.BsiShopRedesign.sprint2.MultipleEventUpdateBasket"/>
</testsuite> <!-- com.tcs.BsiShopRedesign.sprint2.MultipleEventUpdateBasket -->
