<?xml version="1.0" encoding="UTF-8"?>
<!-- Generated by org.testng.reporters.JUnitReportReporter -->
<testsuite hostname="ShopRedesign04" name="com.tcs.BsiShopRedesign.sprint9.VerifyFooterHyperlinks" tests="2" failures="0" timestamp="28 Jan 2019 18:33:18 GMT" time="158.037" errors="0">
  <testcase name="otherBSIWebsites" time="100.844" classname="com.tcs.BsiShopRedesign.sprint9.VerifyFooterHyperlinks"/>
  <testcase name="otherServices" time="57.193" classname="com.tcs.BsiShopRedesign.sprint9.VerifyFooterHyperlinks"/>
</testsuite> <!-- com.tcs.BsiShopRedesign.sprint9.VerifyFooterHyperlinks -->
