<?xml version="1.0" encoding="UTF-8"?>
<!-- Generated by org.testng.reporters.JUnitReportReporter -->
<testsuite hostname="ShopRedesign04" name="com.tcs.BsiShopRedesign.sprint9.VerifyOrderDetailsWithCMS" tests="2" failures="0" timestamp="22 Jan 2019 17:54:39 GMT" time="74.019" errors="0">
  <testcase name="applyPromoCode" time="56.266" classname="com.tcs.BsiShopRedesign.sprint9.VerifyOrderDetailsWithCMS"/>
  <testcase name="signIn" time="17.753" classname="com.tcs.BsiShopRedesign.sprint9.VerifyOrderDetailsWithCMS"/>
</testsuite> <!-- com.tcs.BsiShopRedesign.sprint9.VerifyOrderDetailsWithCMS -->
