<?xml version="1.0" encoding="UTF-8"?>
<!-- Generated by org.testng.reporters.JUnitReportReporter -->
<testsuite hostname="ShopRedesign04" name="com.tcs.BsiShopRedesign.sprint9.VerifyContactUs" tests="1" failures="0" timestamp="7 Dec 2018 17:55:50 GMT" time="18.924" errors="0">
  <testcase name="contactUs" time="18.924" classname="com.tcs.BsiShopRedesign.sprint9.VerifyContactUs"/>
</testsuite> <!-- com.tcs.BsiShopRedesign.sprint9.VerifyContactUs -->
