<?xml version="1.0" encoding="UTF-8"?>
<!-- Generated by org.testng.reporters.JUnitReportReporter -->
<testsuite hostname="ShopRedesign04" name="com.tcs.BsiShopRedesign.sprint2.VerifyMemberTab" tests="2" failures="0" timestamp="25 Oct 2018 17:35:12 GMT" time="14.661" errors="0">
  <testcase name="signInMember" time="10.071" classname="com.tcs.BsiShopRedesign.sprint2.VerifyMemberTab"/>
  <testcase name="verifyStatus" time="4.590" classname="com.tcs.BsiShopRedesign.sprint2.VerifyMemberTab"/>
</testsuite> <!-- com.tcs.BsiShopRedesign.sprint2.VerifyMemberTab -->
