<?xml version="1.0" encoding="UTF-8"?>
<!-- Generated by org.testng.reporters.JUnitReportReporter -->
<testsuite hostname="ShopRedesign04" name="com.tcs.BsiShopRedesign.sprint2.RegisterSubscriptions" tests="3" failures="0" timestamp="31 Oct 2018 22:03:10 GMT" time="125.121" errors="0">
  <testcase name="regCNQuote" time="35.661" classname="com.tcs.BsiShopRedesign.sprint2.RegisterSubscriptions"/>
  <testcase name="regBSOLQuote" time="60.285" classname="com.tcs.BsiShopRedesign.sprint2.RegisterSubscriptions"/>
  <testcase name="regEurocodes" time="29.175" classname="com.tcs.BsiShopRedesign.sprint2.RegisterSubscriptions"/>
</testsuite> <!-- com.tcs.BsiShopRedesign.sprint2.RegisterSubscriptions -->
