<?xml version="1.0" encoding="UTF-8"?>
<!-- Generated by org.testng.reporters.JUnitReportReporter -->
<testsuite hostname="ShopRedesign04" name="com.tcs.BsiShopRedesign.sprint9.VerifyFooterHyperlinks" tests="2" failures="0" timestamp="5 Dec 2018 20:56:36 GMT" time="148.679" errors="0">
  <testcase name="otherBSIWebsites" time="95.174" classname="com.tcs.BsiShopRedesign.sprint9.VerifyFooterHyperlinks"/>
  <testcase name="otherServices" time="53.505" classname="com.tcs.BsiShopRedesign.sprint9.VerifyFooterHyperlinks"/>
</testsuite> <!-- com.tcs.BsiShopRedesign.sprint9.VerifyFooterHyperlinks -->
