<?xml version="1.0" encoding="UTF-8"?>
<!-- Generated by org.testng.reporters.JUnitReportReporter -->
<testsuite hostname="ShopRedesign04" name="com.tcs.BsiShopRedesign.sprint8.VerifyHardCopyDetails" tests="2" failures="0" timestamp="28 Jan 2019 18:33:18 GMT" time="206.810" errors="0">
  <testcase name="verifyHardCopyDeliveryDetails" time="190.508" classname="com.tcs.BsiShopRedesign.sprint8.VerifyHardCopyDetails"/>
  <testcase name="signIn" time="16.302" classname="com.tcs.BsiShopRedesign.sprint8.VerifyHardCopyDetails"/>
</testsuite> <!-- com.tcs.BsiShopRedesign.sprint8.VerifyHardCopyDetails -->
