<?xml version="1.0" encoding="UTF-8"?>
<!-- Generated by org.testng.reporters.JUnitReportReporter -->
<testsuite hostname="ShopRedesign04" name="com.tcs.BsiShopRedesign.sprint2.RegisterSubscriptions" tests="3" failures="0" timestamp="11 Oct 2018 16:48:34 GMT" time="157.409" errors="0">
  <testcase name="regBSOLQuote" time="69.757" classname="com.tcs.BsiShopRedesign.sprint2.RegisterSubscriptions"/>
  <testcase name="regCNQuote" time="48.841" classname="com.tcs.BsiShopRedesign.sprint2.RegisterSubscriptions"/>
  <testcase name="regEurocodes" time="38.811" classname="com.tcs.BsiShopRedesign.sprint2.RegisterSubscriptions"/>
</testsuite> <!-- com.tcs.BsiShopRedesign.sprint2.RegisterSubscriptions -->
