<?xml version="1.0" encoding="UTF-8"?>
<!-- Generated by org.testng.reporters.JUnitReportReporter -->
<testsuite hostname="ShopRedesign04" name="com.tcs.BsiShopRedesign.sprint9.VerifyDraftCurrentProduct" tests="1" failures="0" timestamp="17 Oct 2018 10:11:15 GMT" time="13.142" errors="0">
  <testcase name="verifyAdavanceAccessProduct" time="13.142" classname="com.tcs.BsiShopRedesign.sprint9.VerifyDraftCurrentProduct"/>
</testsuite> <!-- com.tcs.BsiShopRedesign.sprint9.VerifyDraftCurrentProduct -->
