<?xml version="1.0" encoding="UTF-8"?>
<!-- Generated by org.testng.reporters.JUnitReportReporter -->
<testsuite hostname="ShopRedesign04" name="com.tcs.BsiShopRedesign.sprint9.VerifyDifferentProductType" tests="2" failures="0" timestamp="17 Oct 2018 11:02:31 GMT" time="35.881" errors="0">
  <testcase name="verifyDCProduct" time="16.877" classname="com.tcs.BsiShopRedesign.sprint9.VerifyDifferentProductType"/>
  <testcase name="verifyNewsFeed" time="19.004" classname="com.tcs.BsiShopRedesign.sprint9.VerifyDifferentProductType"/>
</testsuite> <!-- com.tcs.BsiShopRedesign.sprint9.VerifyDifferentProductType -->
