<?xml version="1.0" encoding="UTF-8"?>
<!-- Generated by org.testng.reporters.JUnitReportReporter -->
<testsuite hostname="ShopRedesign04" name="com.tcs.BsiShopRedesign.cms.CMSPagePreview" tests="2" failures="0" timestamp="28 Jan 2019 18:33:18 GMT" time="74.274" errors="0">
  <testcase name="signInCms" time="6.849" classname="com.tcs.BsiShopRedesign.cms.CMSPagePreview"/>
  <testcase name="verifyCmsDetails" time="67.425" classname="com.tcs.BsiShopRedesign.cms.CMSPagePreview"/>
</testsuite> <!-- com.tcs.BsiShopRedesign.cms.CMSPagePreview -->
