<?xml version="1.0" encoding="UTF-8"?>
<!-- Generated by org.testng.reporters.JUnitReportReporter -->
<testsuite hostname="ShopRedesign04" name="com.tcs.BsiShopRedesign.sprint9.PayByInvoice" tests="3" failures="0" timestamp="11 Dec 2018 15:33:49 GMT" time="284.394" errors="0">
  <testcase name="signInMember" time="10.130" classname="com.tcs.BsiShopRedesign.sprint9.PayByInvoice"/>
  <testcase name="payByInvoiceOrder" time="131.635" classname="com.tcs.BsiShopRedesign.sprint9.PayByInvoice"/>
  <testcase name="verifyPayByInvoiceErrorMsg" time="142.629" classname="com.tcs.BsiShopRedesign.sprint9.PayByInvoice"/>
</testsuite> <!-- com.tcs.BsiShopRedesign.sprint9.PayByInvoice -->
