<?xml version="1.0" encoding="UTF-8"?>
<!-- Generated by org.testng.reporters.JUnitReportReporter -->
<testsuite hostname="ShopRedesign04" name="com.tcs.BsiShopRedesign.sprint8.ApplyMemberAccount" tests="3" failures="0" timestamp="7 Dec 2018 17:55:50 GMT" time="131.218" errors="0">
  <testcase name="signIn" time="16.365" classname="com.tcs.BsiShopRedesign.sprint8.ApplyMemberAccount"/>
  <testcase name="applyMemberAccountBelowBandNine" time="86.091" classname="com.tcs.BsiShopRedesign.sprint8.ApplyMemberAccount"/>
  <testcase name="applyMemberAccountBandNineAbove" time="28.762" classname="com.tcs.BsiShopRedesign.sprint8.ApplyMemberAccount"/>
</testsuite> <!-- com.tcs.BsiShopRedesign.sprint8.ApplyMemberAccount -->
