<?xml version="1.0" encoding="UTF-8"?>
<!-- Generated by org.testng.reporters.JUnitReportReporter -->
<testsuite hostname="ShopRedesign04" name="com.tcs.BsiShopRedesign.cms.VerifyCmsDetails" tests="2" failures="0" timestamp="31 Oct 2018 22:03:10 GMT" time="40.339" errors="0">
  <testcase name="verifyCmsDetails" time="26.825" classname="com.tcs.BsiShopRedesign.cms.VerifyCmsDetails"/>
  <testcase name="signInCms" time="13.514" classname="com.tcs.BsiShopRedesign.cms.VerifyCmsDetails"/>
</testsuite> <!-- com.tcs.BsiShopRedesign.cms.VerifyCmsDetails -->
