<?xml version="1.0" encoding="UTF-8"?>
<!-- Generated by org.testng.reporters.JUnitReportReporter -->
<testsuite hostname="ShopRedesign04" name="com.tcs.BsiShopRedesign.cms.CreatePromoCode" tests="2" failures="0" timestamp="13 Nov 2018 10:15:52 GMT" time="32.953" errors="0">
  <testcase name="signInCms" time="8.127" classname="com.tcs.BsiShopRedesign.cms.CreatePromoCode"/>
  <testcase name="verifyCmsDetails" time="24.826" classname="com.tcs.BsiShopRedesign.cms.CreatePromoCode"/>
</testsuite> <!-- com.tcs.BsiShopRedesign.cms.CreatePromoCode -->
