<?xml version="1.0" encoding="UTF-8"?>
<!-- Generated by org.testng.reporters.JUnitReportReporter -->
<testsuite hostname="ShopRedesign04" name="com.tcs.BsiShopRedesign.sprint1.MyProfile" tests="10" failures="0" timestamp="25 Oct 2018 17:35:12 GMT" time="168.167" errors="0">
  <testcase name="makeDefaultDeliveryAddress" time="5.675" classname="com.tcs.BsiShopRedesign.sprint1.MyProfile"/>
  <testcase name="deleteDeliveryAddress" time="10.862" classname="com.tcs.BsiShopRedesign.sprint1.MyProfile"/>
  <testcase name="signIn" time="16.532" classname="com.tcs.BsiShopRedesign.sprint1.MyProfile"/>
  <testcase name="addNewBillingAddress" time="25.694" classname="com.tcs.BsiShopRedesign.sprint1.MyProfile"/>
  <testcase name="resetPassword" time="27.223" classname="com.tcs.BsiShopRedesign.sprint1.MyProfile"/>
  <testcase name="deleteBillingAddress" time="10.300" classname="com.tcs.BsiShopRedesign.sprint1.MyProfile"/>
  <testcase name="addDeliveryAddress" time="19.150" classname="com.tcs.BsiShopRedesign.sprint1.MyProfile"/>
  <testcase name="makeDefaultBillingAddress" time="7.047" classname="com.tcs.BsiShopRedesign.sprint1.MyProfile"/>
  <testcase name="editBillingAddress" time="24.253" classname="com.tcs.BsiShopRedesign.sprint1.MyProfile"/>
  <testcase name="editDeliveryAddress" time="21.431" classname="com.tcs.BsiShopRedesign.sprint1.MyProfile"/>
</testsuite> <!-- com.tcs.BsiShopRedesign.sprint1.MyProfile -->
