<?xml version="1.0" encoding="UTF-8"?>
<!-- Generated by org.testng.reporters.JUnitReportReporter -->
<testsuite hostname="ShopRedesign04" name="com.tcs.BsiShopRedesign.sprint8.VerifyHardCopyDetails" tests="2" failures="0" timestamp="16 Oct 2018 18:13:12 GMT" time="143.449" errors="0">
  <testcase name="verifyHardCopyDeliveryDetails" time="127.146" classname="com.tcs.BsiShopRedesign.sprint8.VerifyHardCopyDetails"/>
  <testcase name="signIn" time="16.303" classname="com.tcs.BsiShopRedesign.sprint8.VerifyHardCopyDetails"/>
</testsuite> <!-- com.tcs.BsiShopRedesign.sprint8.VerifyHardCopyDetails -->
