<?xml version="1.0" encoding="UTF-8"?>
<!-- Generated by org.testng.reporters.JUnitReportReporter -->
<testsuite hostname="ShopRedesign04" name="com.tcs.BsiShopRedesign.sprint8.ValidateCountryCheckoutDetails" tests="3" failures="0" timestamp="13 Nov 2018 17:09:44 GMT" time="224.346" errors="0">
  <testcase name="validateCheckoutNonUKDetailsHardCopy" time="110.948" classname="com.tcs.BsiShopRedesign.sprint8.ValidateCountryCheckoutDetails"/>
  <testcase name="signIn" time="17.042" classname="com.tcs.BsiShopRedesign.sprint8.ValidateCountryCheckoutDetails"/>
  <testcase name="validateCheckoutNonUKDetailsSoftCopy" time="96.356" classname="com.tcs.BsiShopRedesign.sprint8.ValidateCountryCheckoutDetails"/>
</testsuite> <!-- com.tcs.BsiShopRedesign.sprint8.ValidateCountryCheckoutDetails -->
