<?xml version="1.0" encoding="UTF-8"?>
<!-- Generated by org.testng.reporters.JUnitReportReporter -->
<testsuite hostname="ShopRedesign04" name="com.tcs.BsiShopRedesign.cms.CreatePromoCode" tests="2" failures="0" timestamp="13 Nov 2018 17:09:44 GMT" time="33.980" errors="0">
  <testcase name="signInCms" time="7.787" classname="com.tcs.BsiShopRedesign.cms.CreatePromoCode"/>
  <testcase name="verifyCmsDetails" time="26.193" classname="com.tcs.BsiShopRedesign.cms.CreatePromoCode"/>
</testsuite> <!-- com.tcs.BsiShopRedesign.cms.CreatePromoCode -->
