<?xml version="1.0" encoding="UTF-8"?>
<!-- Generated by org.testng.reporters.JUnitReportReporter -->
<testsuite hostname="ShopRedesign04" name="com.tcs.BsiShopRedesign.sprint2.MultipleEventUpdateBasket" tests="2" failures="0" timestamp="2 Aug 2018 07:51:34 GMT" time="276.118" errors="0">
  <testcase name="addAndUpdateMultipleEvents" time="263.149" classname="com.tcs.BsiShopRedesign.sprint2.MultipleEventUpdateBasket"/>
  <testcase name="signIn" time="12.969" classname="com.tcs.BsiShopRedesign.sprint2.MultipleEventUpdateBasket"/>
</testsuite> <!-- com.tcs.BsiShopRedesign.sprint2.MultipleEventUpdateBasket -->
