<?xml version="1.0" encoding="UTF-8"?>
<!-- Generated by org.testng.reporters.JUnitReportReporter -->
<testsuite hostname="ShopRedesign04" name="com.tcs.BsiShopRedesign.cms.VerifyPromoCodeList" tests="2" failures="0" timestamp="5 Dec 2018 20:56:36 GMT" time="30.780" errors="0">
  <testcase name="signInCms" time="7.882" classname="com.tcs.BsiShopRedesign.cms.VerifyPromoCodeList"/>
  <testcase name="verifyCmsDetails" time="22.898" classname="com.tcs.BsiShopRedesign.cms.VerifyPromoCodeList"/>
</testsuite> <!-- com.tcs.BsiShopRedesign.cms.VerifyPromoCodeList -->
