<?xml version="1.0" encoding="UTF-8"?>
<!-- Generated by org.testng.reporters.JUnitReportReporter -->
<testsuite hostname="ShopRedesign04" name="com.tcs.BsiShopRedesign.sprint8.EditOrderDetailsFromCheckout" tests="2" failures="0" timestamp="22 Jan 2019 17:54:39 GMT" time="260.369" errors="0">
  <testcase name="signIn" time="16.328" classname="com.tcs.BsiShopRedesign.sprint8.EditOrderDetailsFromCheckout"/>
  <testcase name="verifyHardCopyDeliveryDetails" time="244.041" classname="com.tcs.BsiShopRedesign.sprint8.EditOrderDetailsFromCheckout"/>
</testsuite> <!-- com.tcs.BsiShopRedesign.sprint8.EditOrderDetailsFromCheckout -->
