<?xml version="1.0" encoding="UTF-8"?>
<!-- Generated by org.testng.reporters.JUnitReportReporter -->
<testsuite hostname="ShopRedesign04" name="com.tcs.BsiShopRedesign.sprint9.VerifyOrderDetailsWithCMS" tests="2" failures="0" timestamp="10 Jan 2019 19:44:20 GMT" time="102.603" errors="0">
  <testcase name="applyPromoCode" time="85.282" classname="com.tcs.BsiShopRedesign.sprint9.VerifyOrderDetailsWithCMS"/>
  <testcase name="signIn" time="17.321" classname="com.tcs.BsiShopRedesign.sprint9.VerifyOrderDetailsWithCMS"/>
</testsuite> <!-- com.tcs.BsiShopRedesign.sprint9.VerifyOrderDetailsWithCMS -->
