<?xml version="1.0" encoding="UTF-8"?>
<!-- Generated by org.testng.reporters.JUnitReportReporter -->
<testsuite hostname="ShopRedesign02" name="com.tcs.BsiShopRedesign.sprint3.CheckSearchCount" tests="1" failures="0" timestamp="22 May 2018 15:35:59 GMT" time="171.546" errors="0">
  <testcase name="searchPASCount" time="171.546" classname="com.tcs.BsiShopRedesign.sprint3.CheckSearchCount"/>
</testsuite> <!-- com.tcs.BsiShopRedesign.sprint3.CheckSearchCount -->
