<?xml version="1.0" encoding="UTF-8"?>
<!-- Generated by org.testng.reporters.JUnitReportReporter -->
<testsuite hostname="ShopRedesign04" name="com.tcs.BsiShopRedesign.sprint2.BookEvent" tests="2" failures="0" timestamp="10 Dec 2018 16:37:48 GMT" time="67.188" errors="0">
  <testcase name="BookPaidEvent" time="49.429" classname="com.tcs.BsiShopRedesign.sprint2.BookEvent"/>
  <testcase name="signIn" time="17.759" classname="com.tcs.BsiShopRedesign.sprint2.BookEvent"/>
</testsuite> <!-- com.tcs.BsiShopRedesign.sprint2.BookEvent -->
