<?xml version="1.0" encoding="UTF-8"?>
<!-- Generated by org.testng.reporters.JUnitReportReporter -->
<testsuite hostname="ShopRedesign04" name="com.tcs.BsiShopRedesign.sprint3.SearchSortOrderByProductType" tests="1" failures="0" timestamp="29 Oct 2018 17:24:46 GMT" time="422.903" errors="0">
  <testcase name="checkSortingOrderQuality" time="422.903" classname="com.tcs.BsiShopRedesign.sprint3.SearchSortOrderByProductType"/>
</testsuite> <!-- com.tcs.BsiShopRedesign.sprint3.SearchSortOrderByProductType -->
