<?xml version="1.0" encoding="UTF-8"?>
<!-- Generated by org.testng.reporters.JUnitReportReporter -->
<testsuite hostname="ShopRedesign04" name="com.tcs.BsiShopRedesign.sprint4_5.VerifyProductStatusWithColorCode" tests="5" failures="0" timestamp="20 Dec 2018 18:44:51 GMT" time="693.802" errors="0">
  <testcase name="currentRevisionUnderwayStatusColorCode" time="171.015" classname="com.tcs.BsiShopRedesign.sprint4_5.VerifyProductStatusWithColorCode"/>
  <testcase name="currentStatusColorCode" time="67.951" classname="com.tcs.BsiShopRedesign.sprint4_5.VerifyProductStatusWithColorCode"/>
  <testcase name="currentUnderReviewStatusColorCode" time="168.627" classname="com.tcs.BsiShopRedesign.sprint4_5.VerifyProductStatusWithColorCode"/>
  <testcase name="withdrawnStatusColorCode" time="119.190" classname="com.tcs.BsiShopRedesign.sprint4_5.VerifyProductStatusWithColorCode"/>
  <testcase name="currentDraftStatusColorCode" time="167.019" classname="com.tcs.BsiShopRedesign.sprint4_5.VerifyProductStatusWithColorCode"/>
</testsuite> <!-- com.tcs.BsiShopRedesign.sprint4_5.VerifyProductStatusWithColorCode -->
