<?xml version="1.0" encoding="UTF-8"?>
<!-- Generated by org.testng.reporters.JUnitReportReporter -->
<testsuite hostname="ShopRedesign04" name="com.tcs.BsiShopRedesign.sprint2.RegisterSubscriptions" tests="3" failures="0" timestamp="5 Dec 2018 20:56:36 GMT" time="128.316" errors="0">
  <testcase name="regEurocodes" time="29.450" classname="com.tcs.BsiShopRedesign.sprint2.RegisterSubscriptions"/>
  <testcase name="regBSOLQuote" time="61.174" classname="com.tcs.BsiShopRedesign.sprint2.RegisterSubscriptions"/>
  <testcase name="regCNQuote" time="37.692" classname="com.tcs.BsiShopRedesign.sprint2.RegisterSubscriptions"/>
</testsuite> <!-- com.tcs.BsiShopRedesign.sprint2.RegisterSubscriptions -->
