<?xml version="1.0" encoding="UTF-8"?>
<!-- Generated by org.testng.reporters.JUnitReportReporter -->
<testsuite hostname="ShopRedesign02" name="com.tcs.BsiShopRedesign.sprint7.EditCheckoutAddress" tests="2" failures="0" timestamp="7 Jun 2018 11:41:44 GMT" time="367.963" errors="0">
  <testcase name="signIn" time="20.426" classname="com.tcs.BsiShopRedesign.sprint7.EditCheckoutAddress"/>
  <testcase name="editBillingAddress" time="347.537" classname="com.tcs.BsiShopRedesign.sprint7.EditCheckoutAddress"/>
</testsuite> <!-- com.tcs.BsiShopRedesign.sprint7.EditCheckoutAddress -->
