<?xml version="1.0" encoding="UTF-8"?>
<!-- Generated by org.testng.reporters.JUnitReportReporter -->
<testsuite hostname="ShopRedesign04" name="com.tcs.BsiShopRedesign.cms.CreateDeleteCMSPage" tests="2" failures="0" timestamp="15 Jan 2019 14:42:14 GMT" time="105.915" errors="0">
  <testcase name="verifyCmsDetails" time="99.162" classname="com.tcs.BsiShopRedesign.cms.CreateDeleteCMSPage"/>
  <testcase name="signInCms" time="6.753" classname="com.tcs.BsiShopRedesign.cms.CreateDeleteCMSPage"/>
</testsuite> <!-- com.tcs.BsiShopRedesign.cms.CreateDeleteCMSPage -->
