<?xml version="1.0" encoding="UTF-8"?>
<!-- Generated by org.testng.reporters.JUnitReportReporter -->
<testsuite hostname="ShopRedesign04" name="com.tcs.BsiShopRedesign.sprint9.VerifyIncorrectPaymentDetails" tests="2" failures="0" timestamp="15 Nov 2018 16:13:58 GMT" time="191.557" errors="0">
  <testcase name="verifyIncorrectCardPayment" time="177.994" classname="com.tcs.BsiShopRedesign.sprint9.VerifyIncorrectPaymentDetails"/>
  <testcase name="signInMember" time="13.563" classname="com.tcs.BsiShopRedesign.sprint9.VerifyIncorrectPaymentDetails"/>
</testsuite> <!-- com.tcs.BsiShopRedesign.sprint9.VerifyIncorrectPaymentDetails -->
