<?xml version="1.0" encoding="UTF-8"?>
<!-- Generated by org.testng.reporters.JUnitReportReporter -->
<testsuite hostname="ShopRedesign04" name="com.tcs.BsiShopRedesign.sprint4_5.VerifyMemberProfile" tests="2" failures="0" timestamp="10 Dec 2018 16:37:49 GMT" time="18.836" errors="0">
  <testcase name="signInMember" time="14.177" classname="com.tcs.BsiShopRedesign.sprint4_5.VerifyMemberProfile"/>
  <testcase name="verifyMemberTab" time="4.659" classname="com.tcs.BsiShopRedesign.sprint4_5.VerifyMemberProfile"/>
</testsuite> <!-- com.tcs.BsiShopRedesign.sprint4_5.VerifyMemberProfile -->
