<?xml version="1.0" encoding="UTF-8"?>
<!-- Generated by org.testng.reporters.JUnitReportReporter -->
<testsuite hostname="ShopRedesign04" name="com.tcs.BsiShopRedesign.sprint3.AddPDFToBasketTwiceFromSearchList" tests="1" failures="0" timestamp="22 Jan 2019 17:54:39 GMT" time="127.140" errors="0">
  <testcase name="addToBasketSearchList" time="127.140" classname="com.tcs.BsiShopRedesign.sprint3.AddPDFToBasketTwiceFromSearchList"/>
</testsuite> <!-- com.tcs.BsiShopRedesign.sprint3.AddPDFToBasketTwiceFromSearchList -->
