<?xml version="1.0" encoding="UTF-8"?>
<!-- Generated by org.testng.reporters.JUnitReportReporter -->
<testsuite hostname="ShopRedesign04" name="com.tcs.BsiShopRedesign.sprint1.MyProfileAddTenAddresses" tests="5" failures="0" timestamp="1 Aug 2018 16:14:20 GMT" time="653.998" errors="0">
  <testcase name="addTenBillingAddress" time="240.850" classname="com.tcs.BsiShopRedesign.sprint1.MyProfileAddTenAddresses"/>
  <testcase name="addTenDeliveryAddress" time="233.460" classname="com.tcs.BsiShopRedesign.sprint1.MyProfileAddTenAddresses"/>
  <testcase name="signIn" time="11.631" classname="com.tcs.BsiShopRedesign.sprint1.MyProfileAddTenAddresses"/>
  <testcase name="deleteTenDeliveryAddress" time="85.363" classname="com.tcs.BsiShopRedesign.sprint1.MyProfileAddTenAddresses"/>
  <testcase name="deleteTenBillingAddress" time="82.694" classname="com.tcs.BsiShopRedesign.sprint1.MyProfileAddTenAddresses"/>
</testsuite> <!-- com.tcs.BsiShopRedesign.sprint1.MyProfileAddTenAddresses -->
