<?xml version="1.0" encoding="UTF-8"?>
<!-- Generated by org.testng.reporters.JUnitReportReporter -->
<testsuite hostname="ShopRedesign04" name="com.tcs.BsiShopRedesign.sprint2.CheckWarningMsgAddtoBasket" tests="1" failures="0" timestamp="3 Sep 2018 16:43:37 GMT" time="34.053" errors="0">
  <testcase name="checkWarningMsgPDF" time="34.053" classname="com.tcs.BsiShopRedesign.sprint2.CheckWarningMsgAddtoBasket"/>
</testsuite> <!-- com.tcs.BsiShopRedesign.sprint2.CheckWarningMsgAddtoBasket -->
