<?xml version="1.0" encoding="UTF-8"?>
<!-- Generated by org.testng.reporters.JUnitReportReporter -->
<testsuite hostname="ShopRedesign04" name="com.tcs.BsiShopRedesign.sprint3.AddPDFToBasketTwiceFromSearchList" tests="1" failures="0" timestamp="10 Jan 2019 19:44:20 GMT" time="127.840" errors="0">
  <testcase name="addToBasketSearchList" time="127.840" classname="com.tcs.BsiShopRedesign.sprint3.AddPDFToBasketTwiceFromSearchList"/>
</testsuite> <!-- com.tcs.BsiShopRedesign.sprint3.AddPDFToBasketTwiceFromSearchList -->
