<?xml version="1.0" encoding="UTF-8"?>
<!-- Generated by org.testng.reporters.JUnitReportReporter -->
<testsuite hostname="ShopRedesign04" name="com.tcs.BsiShopRedesign.sprint9.VerifyContactUs" tests="1" failures="0" timestamp="27 Oct 2018 14:40:45 GMT" time="20.505" errors="0">
  <testcase name="contactUs" time="20.505" classname="com.tcs.BsiShopRedesign.sprint9.VerifyContactUs"/>
</testsuite> <!-- com.tcs.BsiShopRedesign.sprint9.VerifyContactUs -->
