<?xml version="1.0" encoding="UTF-8"?>
<!-- Generated by org.testng.reporters.JUnitReportReporter -->
<testsuite hostname="ShopRedesign04" name="com.tcs.BsiShopRedesign.sprint8.ValidateCountryCheckoutDetails" tests="3" failures="0" timestamp="7 Dec 2018 17:55:50 GMT" time="288.379" errors="0">
  <testcase name="signIn" time="16.436" classname="com.tcs.BsiShopRedesign.sprint8.ValidateCountryCheckoutDetails"/>
  <testcase name="validateCheckoutNonUKDetailsSoftCopy" time="110.699" classname="com.tcs.BsiShopRedesign.sprint8.ValidateCountryCheckoutDetails"/>
  <testcase name="validateCheckoutNonUKDetailsHardCopy" time="161.244" classname="com.tcs.BsiShopRedesign.sprint8.ValidateCountryCheckoutDetails"/>
</testsuite> <!-- com.tcs.BsiShopRedesign.sprint8.ValidateCountryCheckoutDetails -->
