<?xml version="1.0" encoding="UTF-8"?>
<!-- Generated by org.testng.reporters.JUnitReportReporter -->
<testsuite hostname="ShopRedesign04" name="com.tcs.BsiShopRedesign.cms.VerifyPromoCodeList" tests="2" failures="0" timestamp="13 Nov 2018 10:15:52 GMT" time="23.399" errors="0">
  <testcase name="verifyCmsDetails" time="15.830" classname="com.tcs.BsiShopRedesign.cms.VerifyPromoCodeList"/>
  <testcase name="signInCms" time="7.569" classname="com.tcs.BsiShopRedesign.cms.VerifyPromoCodeList"/>
</testsuite> <!-- com.tcs.BsiShopRedesign.cms.VerifyPromoCodeList -->
