<?xml version="1.0" encoding="UTF-8"?>
<!-- Generated by org.testng.reporters.JUnitReportReporter -->
<testsuite hostname="ShopRedesign04" name="com.tcs.BsiShopRedesign.sprint2.CheckWarningMsgAddtoBasket" tests="1" failures="0" timestamp="28 Jan 2019 18:33:18 GMT" time="24.366" errors="0">
  <testcase name="checkWarningMsgPDF" time="24.366" classname="com.tcs.BsiShopRedesign.sprint2.CheckWarningMsgAddtoBasket"/>
</testsuite> <!-- com.tcs.BsiShopRedesign.sprint2.CheckWarningMsgAddtoBasket -->
