<?xml version="1.0" encoding="UTF-8"?>
<!-- Generated by org.testng.reporters.JUnitReportReporter -->
<testsuite hostname="ShopRedesign04" name="com.tcs.BsiShopRedesign.sprint2.DownloadMarketingMaterial" tests="2" failures="0" timestamp="12 Sep 2018 08:35:33 GMT" time="55.828" errors="0">
  <testcase name="downloadPASMM" time="38.409" classname="com.tcs.BsiShopRedesign.sprint2.DownloadMarketingMaterial"/>
  <testcase name="signIn" time="17.419" classname="com.tcs.BsiShopRedesign.sprint2.DownloadMarketingMaterial"/>
</testsuite> <!-- com.tcs.BsiShopRedesign.sprint2.DownloadMarketingMaterial -->
