<?xml version="1.0" encoding="UTF-8"?>
<!-- Generated by org.testng.reporters.JUnitReportReporter -->
<testsuite hostname="ShopRedesign04" name="com.tcs.BsiShopRedesign.sprint1.MyProfileAddTenAddresses" tests="5" failures="0" timestamp="11 Sep 2018 17:21:26 GMT" time="535.162" errors="0">
  <testcase name="signIn" time="9.009" classname="com.tcs.BsiShopRedesign.sprint1.MyProfileAddTenAddresses"/>
  <testcase name="deleteTenDeliveryAddress" time="73.616" classname="com.tcs.BsiShopRedesign.sprint1.MyProfileAddTenAddresses"/>
  <testcase name="deleteTenBillingAddress" time="72.724" classname="com.tcs.BsiShopRedesign.sprint1.MyProfileAddTenAddresses"/>
  <testcase name="addTenDeliveryAddress" time="182.412" classname="com.tcs.BsiShopRedesign.sprint1.MyProfileAddTenAddresses"/>
  <testcase name="addTenBillingAddress" time="197.401" classname="com.tcs.BsiShopRedesign.sprint1.MyProfileAddTenAddresses"/>
</testsuite> <!-- com.tcs.BsiShopRedesign.sprint1.MyProfileAddTenAddresses -->
