<?xml version="1.0" encoding="UTF-8"?>
<!-- Generated by org.testng.reporters.JUnitReportReporter -->
<testsuite hostname="ShopRedesign04" name="com.tcs.BsiShopRedesign.sprint2.MultipleEventUpdateBasket" tests="2" failures="0" timestamp="12 Nov 2018 16:06:49 GMT" time="135.630" errors="0">
  <testcase name="signIn" time="7.813" classname="com.tcs.BsiShopRedesign.sprint2.MultipleEventUpdateBasket"/>
  <testcase name="addAndUpdateMultipleEvents" time="127.817" classname="com.tcs.BsiShopRedesign.sprint2.MultipleEventUpdateBasket"/>
</testsuite> <!-- com.tcs.BsiShopRedesign.sprint2.MultipleEventUpdateBasket -->
