<?xml version="1.0" encoding="UTF-8"?>
<!-- Generated by org.testng.reporters.JUnitReportReporter -->
<testsuite hostname="ShopRedesign04" name="com.tcs.BsiShopRedesign.cms.CMSPagePreview" tests="2" failures="0" timestamp="22 Jan 2019 17:54:39 GMT" time="74.840" errors="0">
  <testcase name="signInCms" time="6.900" classname="com.tcs.BsiShopRedesign.cms.CMSPagePreview"/>
  <testcase name="verifyCmsDetails" time="67.940" classname="com.tcs.BsiShopRedesign.cms.CMSPagePreview"/>
</testsuite> <!-- com.tcs.BsiShopRedesign.cms.CMSPagePreview -->
