<?xml version="1.0" encoding="UTF-8"?>
<!-- Generated by org.testng.reporters.JUnitReportReporter -->
<testsuite hostname="ShopRedesign02" name="com.tcs.BsiShopRedesign.sprint2.VerifyMemberTab" tests="2" failures="0" timestamp="22 May 2018 15:35:59 GMT" time="12.225" errors="0">
  <testcase name="verifyStatus" time="4.152" classname="com.tcs.BsiShopRedesign.sprint2.VerifyMemberTab"/>
  <testcase name="signInMember" time="8.073" classname="com.tcs.BsiShopRedesign.sprint2.VerifyMemberTab"/>
</testsuite> <!-- com.tcs.BsiShopRedesign.sprint2.VerifyMemberTab -->
