<?xml version="1.0" encoding="UTF-8"?>
<!-- Generated by org.testng.reporters.JUnitReportReporter -->
<testsuite hostname="ShopRedesign04" name="com.tcs.BsiShopRedesign.sprint7.UnregisteredUserCheckout" tests="1" failures="0" timestamp="29 Oct 2018 17:24:46 GMT" time="98.040" errors="0">
  <testcase name="CheckLoginAlertOnChekout" time="98.040" classname="com.tcs.BsiShopRedesign.sprint7.UnregisteredUserCheckout"/>
</testsuite> <!-- com.tcs.BsiShopRedesign.sprint7.UnregisteredUserCheckout -->
