<?xml version="1.0" encoding="UTF-8"?>
<!-- Generated by org.testng.reporters.JUnitReportReporter -->
<testsuite hostname="ShopRedesign04" name="com.tcs.BsiShopRedesign.sprint4_5.VerifyProductStatusWithColorCode" tests="5" failures="0" timestamp="6 Dec 2018 15:25:33 GMT" time="1746.689" errors="0">
  <testcase name="currentStatusColorCode" time="97.478" classname="com.tcs.BsiShopRedesign.sprint4_5.VerifyProductStatusWithColorCode"/>
  <testcase name="currentUnderReviewStatusColorCode" time="509.053" classname="com.tcs.BsiShopRedesign.sprint4_5.VerifyProductStatusWithColorCode"/>
  <testcase name="currentDraftStatusColorCode" time="511.805" classname="com.tcs.BsiShopRedesign.sprint4_5.VerifyProductStatusWithColorCode"/>
  <testcase name="withdrawnStatusColorCode" time="122.798" classname="com.tcs.BsiShopRedesign.sprint4_5.VerifyProductStatusWithColorCode"/>
  <testcase name="currentRevisionUnderwayStatusColorCode" time="505.555" classname="com.tcs.BsiShopRedesign.sprint4_5.VerifyProductStatusWithColorCode"/>
</testsuite> <!-- com.tcs.BsiShopRedesign.sprint4_5.VerifyProductStatusWithColorCode -->
