<?xml version="1.0" encoding="UTF-8"?>
<!-- Generated by org.testng.reporters.JUnitReportReporter -->
<testsuite hostname="ShopRedesign04" name="com.tcs.BsiShopRedesign.cms.CreateUpdateDeleteCMSPage" tests="2" failures="0" timestamp="22 Jan 2019 17:54:39 GMT" time="105.786" errors="0">
  <testcase name="verifyCmsDetails" time="98.775" classname="com.tcs.BsiShopRedesign.cms.CreateUpdateDeleteCMSPage"/>
  <testcase name="signInCms" time="7.011" classname="com.tcs.BsiShopRedesign.cms.CreateUpdateDeleteCMSPage"/>
</testsuite> <!-- com.tcs.BsiShopRedesign.cms.CreateUpdateDeleteCMSPage -->
