<?xml version="1.0" encoding="UTF-8"?>
<!-- Generated by org.testng.reporters.JUnitReportReporter -->
<testsuite hostname="ShopRedesign04" name="com.tcs.BsiShopRedesign.sprint4_5.VerifyMemberProfile" tests="2" failures="0" timestamp="11 Sep 2018 17:21:26 GMT" time="12.876" errors="0">
  <testcase name="verifyMemberTab" time="4.319" classname="com.tcs.BsiShopRedesign.sprint4_5.VerifyMemberProfile"/>
  <testcase name="signInMember" time="8.557" classname="com.tcs.BsiShopRedesign.sprint4_5.VerifyMemberProfile"/>
</testsuite> <!-- com.tcs.BsiShopRedesign.sprint4_5.VerifyMemberProfile -->
