<?xml version="1.0" encoding="UTF-8"?>
<!-- Generated by org.testng.reporters.JUnitReportReporter -->
<testsuite hostname="ShopRedesign04" name="com.tcs.BsiShopRedesign.sprint2.DownloadMarketingMaterial" tests="2" failures="0" timestamp="11 Dec 2018 10:05:32 GMT" time="36.507" errors="0">
  <testcase name="signIn" time="18.126" classname="com.tcs.BsiShopRedesign.sprint2.DownloadMarketingMaterial"/>
  <testcase name="downloadPASMM" time="18.381" classname="com.tcs.BsiShopRedesign.sprint2.DownloadMarketingMaterial"/>
</testsuite> <!-- com.tcs.BsiShopRedesign.sprint2.DownloadMarketingMaterial -->
