<?xml version="1.0" encoding="UTF-8"?>
<!-- Generated by org.testng.reporters.JUnitReportReporter -->
<testsuite hostname="ShopRedesign04" name="com.tcs.BsiShopRedesign.sprint2.BookEvent" tests="2" failures="0" timestamp="5 Dec 2018 20:56:36 GMT" time="65.616" errors="0">
  <testcase name="BookPaidEvent" time="48.616" classname="com.tcs.BsiShopRedesign.sprint2.BookEvent"/>
  <testcase name="signIn" time="17.000" classname="com.tcs.BsiShopRedesign.sprint2.BookEvent"/>
</testsuite> <!-- com.tcs.BsiShopRedesign.sprint2.BookEvent -->
