<?xml version="1.0" encoding="UTF-8"?>
<!-- Generated by org.testng.reporters.JUnitReportReporter -->
<testsuite hostname="ShopRedesign04" name="com.tcs.BsiShopRedesign.cms.ResetPassword" tests="2" failures="0" timestamp="29 Oct 2018 17:24:46 GMT" time="33.051" errors="0">
  <testcase name="verifyCmsDetails" time="25.397" classname="com.tcs.BsiShopRedesign.cms.ResetPassword"/>
  <testcase name="signInCms" time="7.654" classname="com.tcs.BsiShopRedesign.cms.ResetPassword"/>
</testsuite> <!-- com.tcs.BsiShopRedesign.cms.ResetPassword -->
