<?xml version="1.0" encoding="UTF-8"?>
<!-- Generated by org.testng.reporters.JUnitReportReporter -->
<testsuite hostname="ShopRedesign04" name="com.tcs.BsiShopRedesign.sprint7.UnregisteredUserCheckout" tests="1" failures="0" timestamp="20 Dec 2018 18:44:51 GMT" time="91.097" errors="0">
  <testcase name="CheckLoginAlertOnChekout" time="91.097" classname="com.tcs.BsiShopRedesign.sprint7.UnregisteredUserCheckout"/>
</testsuite> <!-- com.tcs.BsiShopRedesign.sprint7.UnregisteredUserCheckout -->
