<?xml version="1.0" encoding="UTF-8"?>
<!-- Generated by org.testng.reporters.JUnitReportReporter -->
<testsuite hostname="ShopRedesign04" name="com.tcs.BsiShopRedesign.sprint3.CheckProductFeatures" tests="3" failures="0" timestamp="10 Dec 2018 16:37:48 GMT" time="44.356" errors="0">
  <testcase name="checkPaidEvent" time="22.436" classname="com.tcs.BsiShopRedesign.sprint3.CheckProductFeatures"/>
  <testcase name="checkPASProduct" time="13.683" classname="com.tcs.BsiShopRedesign.sprint3.CheckProductFeatures"/>
  <testcase name="checkFreeEvent" time="8.237" classname="com.tcs.BsiShopRedesign.sprint3.CheckProductFeatures"/>
</testsuite> <!-- com.tcs.BsiShopRedesign.sprint3.CheckProductFeatures -->
