<?xml version="1.0" encoding="UTF-8"?>
<!-- Generated by org.testng.reporters.JUnitReportReporter -->
<testsuite hostname="ShopRedesign02" name="com.tcs.BsiShopRedesign.sprint7.EditCheckoutAddress" tests="2" failures="0" timestamp="6 Jun 2018 14:21:55 GMT" time="47.234" errors="0">
  <testcase name="signIn" time="19.956" classname="com.tcs.BsiShopRedesign.sprint7.EditCheckoutAddress"/>
  <testcase name="editAddress" time="27.278" classname="com.tcs.BsiShopRedesign.sprint7.EditCheckoutAddress"/>
</testsuite> <!-- com.tcs.BsiShopRedesign.sprint7.EditCheckoutAddress -->
