<?xml version="1.0" encoding="UTF-8"?>
<!-- Generated by org.testng.reporters.JUnitReportReporter -->
<testsuite hostname="ShopRedesign04" name="com.tcs.BsiShopRedesign.sprint8.ApplyMemberAccount" tests="3" failures="0" timestamp="13 Nov 2018 17:09:44 GMT" time="110.101" errors="0">
  <testcase name="signIn" time="17.344" classname="com.tcs.BsiShopRedesign.sprint8.ApplyMemberAccount"/>
  <testcase name="applyMemberAccountBelowBandNine" time="71.714" classname="com.tcs.BsiShopRedesign.sprint8.ApplyMemberAccount"/>
  <testcase name="applyMemberAccountBandNineAbove" time="21.043" classname="com.tcs.BsiShopRedesign.sprint8.ApplyMemberAccount"/>
</testsuite> <!-- com.tcs.BsiShopRedesign.sprint8.ApplyMemberAccount -->
