<?xml version="1.0" encoding="UTF-8"?>
<!-- Generated by org.testng.reporters.JUnitReportReporter -->
<testsuite hostname="ShopRedesign04" name="com.tcs.BsiShopRedesign.sprint2.StandardProductAndEventRemoveBasket" tests="2" failures="0" timestamp="24 Oct 2018 16:29:59 GMT" time="108.765" errors="0">
  <testcase name="BookPaidEventAndStandardProduct" time="92.046" classname="com.tcs.BsiShopRedesign.sprint2.StandardProductAndEventRemoveBasket"/>
  <testcase name="signIn" time="16.719" classname="com.tcs.BsiShopRedesign.sprint2.StandardProductAndEventRemoveBasket"/>
</testsuite> <!-- com.tcs.BsiShopRedesign.sprint2.StandardProductAndEventRemoveBasket -->
