<?xml version="1.0" encoding="UTF-8"?>
<!-- Generated by org.testng.reporters.JUnitReportReporter -->
<testsuite hostname="ShopRedesign04" name="com.tcs.BsiShopRedesign.sprint3.SearchSortOrderByProductType" tests="1" failures="0" timestamp="11 Oct 2018 16:48:34 GMT" time="443.864" errors="0">
  <testcase name="checkSortingOrderQuality" time="443.864" classname="com.tcs.BsiShopRedesign.sprint3.SearchSortOrderByProductType"/>
</testsuite> <!-- com.tcs.BsiShopRedesign.sprint3.SearchSortOrderByProductType -->
