<?xml version="1.0" encoding="UTF-8"?>
<!-- Generated by org.testng.reporters.JUnitReportReporter -->
<testsuite hostname="ShopRedesign04" name="com.tcs.BsiShopRedesign.sprint8.ApplyMemberAccount" tests="3" failures="0" timestamp="16 Oct 2018 18:13:12 GMT" time="132.062" errors="0">
  <testcase name="applyMemberAccountBelowBandNine" time="90.032" classname="com.tcs.BsiShopRedesign.sprint8.ApplyMemberAccount"/>
  <testcase name="applyMemberAccountBandNineAbove" time="25.730" classname="com.tcs.BsiShopRedesign.sprint8.ApplyMemberAccount"/>
  <testcase name="signIn" time="16.300" classname="com.tcs.BsiShopRedesign.sprint8.ApplyMemberAccount"/>
</testsuite> <!-- com.tcs.BsiShopRedesign.sprint8.ApplyMemberAccount -->
