<?xml version="1.0" encoding="UTF-8"?>
<!-- Generated by org.testng.reporters.JUnitReportReporter -->
<testsuite hostname="ShopRedesign04" name="com.tcs.BsiShopRedesign.sprint2.VerifyMemberTab" tests="2" failures="0" timestamp="11 Sep 2018 17:21:26 GMT" time="13.219" errors="0">
  <testcase name="signInMember" time="9.223" classname="com.tcs.BsiShopRedesign.sprint2.VerifyMemberTab"/>
  <testcase name="verifyStatus" time="3.996" classname="com.tcs.BsiShopRedesign.sprint2.VerifyMemberTab"/>
</testsuite> <!-- com.tcs.BsiShopRedesign.sprint2.VerifyMemberTab -->
