<?xml version="1.0" encoding="UTF-8"?>
<!-- Generated by org.testng.reporters.JUnitReportReporter -->
<testsuite hostname="ShopRedesign04" name="com.tcs.BsiShopRedesign.sprint2.MultipleEventUpdateBasket" tests="2" failures="0" timestamp="11 Oct 2018 16:48:34 GMT" time="169.284" errors="0">
  <testcase name="addAndUpdateMultipleEvents" time="158.537" classname="com.tcs.BsiShopRedesign.sprint2.MultipleEventUpdateBasket"/>
  <testcase name="signIn" time="10.747" classname="com.tcs.BsiShopRedesign.sprint2.MultipleEventUpdateBasket"/>
</testsuite> <!-- com.tcs.BsiShopRedesign.sprint2.MultipleEventUpdateBasket -->
