<?xml version="1.0" encoding="UTF-8"?>
<!-- Generated by org.testng.reporters.JUnitReportReporter -->
<testsuite hostname="ShopRedesign04" name="com.tcs.BsiShopRedesign.sprint8.RenewMembership" tests="2" failures="0" timestamp="10 Jan 2019 19:44:20 GMT" time="92.091" errors="0">
  <testcase name="addRenewMembershipToBasket" time="82.321" classname="com.tcs.BsiShopRedesign.sprint8.RenewMembership"/>
  <testcase name="signInMember" time="9.770" classname="com.tcs.BsiShopRedesign.sprint8.RenewMembership"/>
</testsuite> <!-- com.tcs.BsiShopRedesign.sprint8.RenewMembership -->
