<?xml version="1.0" encoding="UTF-8"?>
<!-- Generated by org.testng.reporters.JUnitReportReporter -->
<testsuite hostname="ShopRedesign04" name="com.tcs.BsiShopRedesign.sprint8.VerifyMemberDetails" tests="3" failures="0" timestamp="11 Sep 2018 17:21:26 GMT" time="65.843" errors="0">
  <testcase name="signInMember" time="9.047" classname="com.tcs.BsiShopRedesign.sprint8.VerifyMemberDetails"/>
  <testcase name="enterEmailID" time="11.892" classname="com.tcs.BsiShopRedesign.sprint8.VerifyMemberDetails"/>
  <testcase name="verifyMemberLink" time="44.904" classname="com.tcs.BsiShopRedesign.sprint8.VerifyMemberDetails"/>
</testsuite> <!-- com.tcs.BsiShopRedesign.sprint8.VerifyMemberDetails -->
