<?xml version="1.0" encoding="UTF-8"?>
<!-- Generated by org.testng.reporters.JUnitReportReporter -->
<testsuite hostname="ShopRedesign02" name="com.tcs.BsiShopRedesign.sprint3.SearchSortOrderByPublishedDate" tests="1" failures="0" timestamp="24 May 2018 16:47:08 GMT" time="167.841" errors="0">
  <testcase name="checkSortingOrderQuality" time="167.841" classname="com.tcs.BsiShopRedesign.sprint3.SearchSortOrderByPublishedDate"/>
</testsuite> <!-- com.tcs.BsiShopRedesign.sprint3.SearchSortOrderByPublishedDate -->
