<?xml version="1.0" encoding="UTF-8"?>
<!-- Generated by org.testng.reporters.JUnitReportReporter -->
<testsuite hostname="ShopRedesign04" name="com.tcs.BsiShopRedesign.cms.VerifyCmsDetails" tests="2" failures="0" timestamp="10 Dec 2018 16:37:48 GMT" time="162.265" errors="0">
  <testcase name="verifyCmsDetails" time="150.938" classname="com.tcs.BsiShopRedesign.cms.VerifyCmsDetails"/>
  <testcase name="signInCms" time="11.327" classname="com.tcs.BsiShopRedesign.cms.VerifyCmsDetails"/>
</testsuite> <!-- com.tcs.BsiShopRedesign.cms.VerifyCmsDetails -->
