<?xml version="1.0" encoding="UTF-8"?>
<!-- Generated by org.testng.reporters.JUnitReportReporter -->
<testsuite hostname="ShopRedesign04" name="com.tcs.BsiShopRedesign.sprint2.EssentialsProductAndEventRemoveBasket" tests="2" failures="0" timestamp="15 Nov 2018 16:13:58 GMT" time="155.188" errors="0">
  <testcase name="signIn" time="20.437" classname="com.tcs.BsiShopRedesign.sprint2.EssentialsProductAndEventRemoveBasket"/>
  <testcase name="BookPaidEventAndStandardProduct" time="134.751" classname="com.tcs.BsiShopRedesign.sprint2.EssentialsProductAndEventRemoveBasket"/>
</testsuite> <!-- com.tcs.BsiShopRedesign.sprint2.EssentialsProductAndEventRemoveBasket -->
