<?xml version="1.0" encoding="UTF-8"?>
<!-- Generated by org.testng.reporters.JUnitReportReporter -->
<testsuite hostname="ShopRedesign04" name="com.tcs.BsiShopRedesign.cms.CreatePromoCode" tests="2" failures="0" timestamp="29 Oct 2018 11:53:02 GMT" time="56.609" errors="0">
  <testcase name="verifyCmsDetails" time="18.612" classname="com.tcs.BsiShopRedesign.cms.CreatePromoCode"/>
  <testcase name="signInCms" time="37.997" classname="com.tcs.BsiShopRedesign.cms.CreatePromoCode"/>
</testsuite> <!-- com.tcs.BsiShopRedesign.cms.CreatePromoCode -->
