<?xml version="1.0" encoding="UTF-8"?>
<!-- Generated by org.testng.reporters.JUnitReportReporter -->
<testsuite hostname="ShopRedesign04" name="com.tcs.BsiShopRedesign.sprint4_5.RegistrationsWithDiffProfile" tests="5" failures="0" timestamp="11 Sep 2018 17:21:26 GMT" time="72.392" errors="0">
  <testcase name="verifyTooltip" time="17.417" classname="com.tcs.BsiShopRedesign.sprint4_5.RegistrationsWithDiffProfile"/>
  <testcase name="verifyContactInformation" time="8.075" classname="com.tcs.BsiShopRedesign.sprint4_5.RegistrationsWithDiffProfile"/>
  <testcase name="createRegUserUKProfile" time="15.033" classname="com.tcs.BsiShopRedesign.sprint4_5.RegistrationsWithDiffProfile"/>
  <testcase name="loginThroughAlreadyRegistered" time="18.031" classname="com.tcs.BsiShopRedesign.sprint4_5.RegistrationsWithDiffProfile"/>
  <testcase name="verifyLoginForRegisteredUser" time="13.836" classname="com.tcs.BsiShopRedesign.sprint4_5.RegistrationsWithDiffProfile"/>
</testsuite> <!-- com.tcs.BsiShopRedesign.sprint4_5.RegistrationsWithDiffProfile -->
