<?xml version="1.0" encoding="UTF-8"?>
<!-- Generated by org.testng.reporters.JUnitReportReporter -->
<testsuite hostname="ShopRedesign04" name="com.tcs.BsiShopRedesign.sprint2.StandardProductAndEventRemoveBasket" tests="2" failures="0" timestamp="11 Sep 2018 17:21:26 GMT" time="128.804" errors="0">
  <testcase name="BookPaidEventAndStandardProduct" time="111.064" classname="com.tcs.BsiShopRedesign.sprint2.StandardProductAndEventRemoveBasket"/>
  <testcase name="signIn" time="17.740" classname="com.tcs.BsiShopRedesign.sprint2.StandardProductAndEventRemoveBasket"/>
</testsuite> <!-- com.tcs.BsiShopRedesign.sprint2.StandardProductAndEventRemoveBasket -->
