<?xml version="1.0" encoding="UTF-8"?>
<!-- Generated by org.testng.reporters.JUnitReportReporter -->
<testsuite hostname="ShopRedesign04" name="com.tcs.BsiShopRedesign.sprint3.CheckWithdrawnStatus" tests="3" failures="0" timestamp="12 Nov 2018 16:06:49 GMT" time="72.051" errors="0">
  <testcase name="checkEventStatus" time="22.933" classname="com.tcs.BsiShopRedesign.sprint3.CheckWithdrawnStatus"/>
  <testcase name="checkProductStatus" time="25.083" classname="com.tcs.BsiShopRedesign.sprint3.CheckWithdrawnStatus"/>
  <testcase name="checkBookStatus" time="24.035" classname="com.tcs.BsiShopRedesign.sprint3.CheckWithdrawnStatus"/>
</testsuite> <!-- com.tcs.BsiShopRedesign.sprint3.CheckWithdrawnStatus -->
