<?xml version="1.0" encoding="UTF-8"?>
<!-- Generated by org.testng.reporters.JUnitReportReporter -->
<testsuite hostname="ShopRedesign04" name="com.tcs.BsiShopRedesign.cms.ViewCMSPage" tests="2" failures="0" timestamp="5 Dec 2018 20:56:36 GMT" time="16.284" errors="0">
  <testcase name="signInCms" time="7.945" classname="com.tcs.BsiShopRedesign.cms.ViewCMSPage"/>
  <testcase name="verifyCmsDetails" time="8.339" classname="com.tcs.BsiShopRedesign.cms.ViewCMSPage"/>
</testsuite> <!-- com.tcs.BsiShopRedesign.cms.ViewCMSPage -->
