<?xml version="1.0" encoding="UTF-8"?>
<!-- Generated by org.testng.reporters.JUnitReportReporter -->
<testsuite hostname="ShopRedesign04" name="com.tcs.BsiShopRedesign.cms.CreateCMSPageWithMedia" tests="2" failures="0" timestamp="29 Jan 2019 13:29:36 GMT" time="119.583" errors="0">
  <testcase name="signInCms" time="6.607" classname="com.tcs.BsiShopRedesign.cms.CreateCMSPageWithMedia"/>
  <testcase name="createPageWithImage" time="112.976" classname="com.tcs.BsiShopRedesign.cms.CreateCMSPageWithMedia"/>
</testsuite> <!-- com.tcs.BsiShopRedesign.cms.CreateCMSPageWithMedia -->
