<?xml version="1.0" encoding="UTF-8"?>
<!-- Generated by org.testng.reporters.JUnitReportReporter -->
<testsuite hostname="ShopRedesign04" name="com.tcs.BsiShopRedesign.sprint3.CheckSearchCount" tests="1" failures="0" timestamp="31 Oct 2018 22:03:10 GMT" time="162.964" errors="0">
  <testcase name="searchPASCount" time="162.964" classname="com.tcs.BsiShopRedesign.sprint3.CheckSearchCount"/>
</testsuite> <!-- com.tcs.BsiShopRedesign.sprint3.CheckSearchCount -->
