<?xml version="1.0" encoding="UTF-8"?>
<!-- Generated by org.testng.reporters.JUnitReportReporter -->
<testsuite hostname="ShopRedesign04" name="com.tcs.BsiShopRedesign.cms.ResetPassword" tests="2" failures="0" timestamp="7 Dec 2018 17:55:50 GMT" time="43.296" errors="0">
  <testcase name="signInCms" time="6.895" classname="com.tcs.BsiShopRedesign.cms.ResetPassword"/>
  <testcase name="verifyCmsDetails" time="36.401" classname="com.tcs.BsiShopRedesign.cms.ResetPassword"/>
</testsuite> <!-- com.tcs.BsiShopRedesign.cms.ResetPassword -->
