<?xml version="1.0" encoding="UTF-8"?>
<!-- Generated by org.testng.reporters.JUnitReportReporter -->
<testsuite hostname="ShopRedesign04" name="com.tcs.BsiShopRedesign.cms.ResetPassword" tests="2" failures="0" timestamp="13 Nov 2018 10:15:52 GMT" time="24.267" errors="0">
  <testcase name="verifyCmsDetails" time="16.248" classname="com.tcs.BsiShopRedesign.cms.ResetPassword"/>
  <testcase name="signInCms" time="8.019" classname="com.tcs.BsiShopRedesign.cms.ResetPassword"/>
</testsuite> <!-- com.tcs.BsiShopRedesign.cms.ResetPassword -->
