<?xml version="1.0" encoding="UTF-8"?>
<!-- Generated by org.testng.reporters.JUnitReportReporter -->
<testsuite hostname="ShopRedesign04" name="com.tcs.BsiShopRedesign.sprint2.StandardProductAndEventRemoveBasket" tests="2" failures="0" timestamp="2 Aug 2018 08:39:08 GMT" time="264.177" errors="0">
  <testcase name="signIn" time="23.566" classname="com.tcs.BsiShopRedesign.sprint2.StandardProductAndEventRemoveBasket"/>
  <testcase name="BookPaidEventAndStandardProduct" time="240.611" classname="com.tcs.BsiShopRedesign.sprint2.StandardProductAndEventRemoveBasket"/>
</testsuite> <!-- com.tcs.BsiShopRedesign.sprint2.StandardProductAndEventRemoveBasket -->
