<?xml version="1.0" encoding="UTF-8"?>
<!-- Generated by org.testng.reporters.JUnitReportReporter -->
<testsuite hostname="ShopRedesign04" name="com.tcs.BsiShopRedesign.cms.CreatePromoCode" tests="2" failures="0" timestamp="31 Oct 2018 22:03:10 GMT" time="19.951" errors="0">
  <testcase name="signInCms" time="9.228" classname="com.tcs.BsiShopRedesign.cms.CreatePromoCode"/>
  <testcase name="verifyCmsDetails" time="10.723" classname="com.tcs.BsiShopRedesign.cms.CreatePromoCode"/>
</testsuite> <!-- com.tcs.BsiShopRedesign.cms.CreatePromoCode -->
