<?xml version="1.0" encoding="UTF-8"?>
<!-- Generated by org.testng.reporters.JUnitReportReporter -->
<testsuite hostname="ShopRedesign04" name="com.tcs.BsiShopRedesign.cms.CreatePromoCode" tests="2" failures="0" timestamp="5 Dec 2018 20:56:36 GMT" time="44.589" errors="0">
  <testcase name="verifyCmsDetails" time="36.102" classname="com.tcs.BsiShopRedesign.cms.CreatePromoCode"/>
  <testcase name="signInCms" time="8.487" classname="com.tcs.BsiShopRedesign.cms.CreatePromoCode"/>
</testsuite> <!-- com.tcs.BsiShopRedesign.cms.CreatePromoCode -->
