<?xml version="1.0" encoding="UTF-8"?>
<!-- Generated by org.testng.reporters.JUnitReportReporter -->
<testsuite hostname="ShopRedesign04" name="com.tcs.BsiShopRedesign.sprint3.CheckWithdrawnStatus" tests="3" failures="0" timestamp="11 Sep 2018 17:21:26 GMT" time="118.431" errors="0">
  <testcase name="checkEventStatus" time="30.617" classname="com.tcs.BsiShopRedesign.sprint3.CheckWithdrawnStatus"/>
  <testcase name="checkProductStatus" time="53.501" classname="com.tcs.BsiShopRedesign.sprint3.CheckWithdrawnStatus"/>
  <testcase name="checkBookStatus" time="34.313" classname="com.tcs.BsiShopRedesign.sprint3.CheckWithdrawnStatus"/>
</testsuite> <!-- com.tcs.BsiShopRedesign.sprint3.CheckWithdrawnStatus -->
