<?xml version="1.0" encoding="UTF-8"?>
<!-- Generated by org.testng.reporters.JUnitReportReporter -->
<testsuite hostname="ShopRedesign04" name="com.tcs.BsiShopRedesign.sprint8.VerifyPDFPreviewing" tests="2" failures="0" timestamp="11 Sep 2018 17:21:26 GMT" time="25.487" errors="0">
  <testcase name="verifyPDFPreviewFeatures" time="0.917" classname="com.tcs.BsiShopRedesign.sprint8.VerifyPDFPreviewing"/>
  <testcase name="verifyMemberLink" time="24.570" classname="com.tcs.BsiShopRedesign.sprint8.VerifyPDFPreviewing"/>
</testsuite> <!-- com.tcs.BsiShopRedesign.sprint8.VerifyPDFPreviewing -->
