<?xml version="1.0" encoding="UTF-8"?>
<!-- Generated by org.testng.reporters.JUnitReportReporter -->
<testsuite hostname="ShopRedesign04" name="com.tcs.BsiShopRedesign.sprint4_5.RegistrationsWithDiffProfile" tests="1" failures="0" timestamp="21 Dec 2018 12:04:34 GMT" time="31.984" errors="0">
  <testcase name="createRegUserNonUKProfile" time="31.984" classname="com.tcs.BsiShopRedesign.sprint4_5.RegistrationsWithDiffProfile"/>
</testsuite> <!-- com.tcs.BsiShopRedesign.sprint4_5.RegistrationsWithDiffProfile -->
