<?xml version="1.0" encoding="UTF-8"?>
<!-- Generated by org.testng.reporters.JUnitReportReporter -->
<testsuite hostname="ShopRedesign04" name="com.tcs.BsiShopRedesign.sprint8.VerifyPDFReviewing" tests="1" failures="0" timestamp="10 Sep 2018 17:55:26 GMT" time="29.879" errors="0">
  <testcase name="verifyMemberLink" time="29.879" classname="com.tcs.BsiShopRedesign.sprint8.VerifyPDFReviewing"/>
</testsuite> <!-- com.tcs.BsiShopRedesign.sprint8.VerifyPDFReviewing -->
