<?xml version="1.0" encoding="UTF-8"?>
<!-- Generated by org.testng.reporters.JUnitReportReporter -->
<testsuite hostname="ShopRedesign04" name="com.tcs.BsiShopRedesign.sprint8.ApplyMemberAccount" tests="3" failures="0" timestamp="22 Jan 2019 17:54:39 GMT" time="118.902" errors="0">
  <testcase name="applyMemberAccountBandNineAbove" time="21.614" classname="com.tcs.BsiShopRedesign.sprint8.ApplyMemberAccount"/>
  <testcase name="signIn" time="16.515" classname="com.tcs.BsiShopRedesign.sprint8.ApplyMemberAccount"/>
  <testcase name="applyMemberAccountBelowBandNine" time="80.773" classname="com.tcs.BsiShopRedesign.sprint8.ApplyMemberAccount"/>
</testsuite> <!-- com.tcs.BsiShopRedesign.sprint8.ApplyMemberAccount -->
