<?xml version="1.0" encoding="UTF-8"?>
<!-- Generated by org.testng.reporters.JUnitReportReporter -->
<testsuite hostname="ShopRedesign04" name="com.tcs.BsiShopRedesign.sprint7.EditCheckoutBillingAddress" tests="2" failures="0" timestamp="11 Oct 2018 16:48:34 GMT" time="115.512" errors="0">
  <testcase name="signIn" time="16.358" classname="com.tcs.BsiShopRedesign.sprint7.EditCheckoutBillingAddress"/>
  <testcase name="editBillingAddress" time="99.154" classname="com.tcs.BsiShopRedesign.sprint7.EditCheckoutBillingAddress"/>
</testsuite> <!-- com.tcs.BsiShopRedesign.sprint7.EditCheckoutBillingAddress -->
