<?xml version="1.0" encoding="UTF-8"?>
<!-- Generated by org.testng.reporters.JUnitReportReporter -->
<testsuite hostname="ShopRedesign04" name="com.tcs.BsiShopRedesign.cms.VerifyCmsDetails" tests="2" failures="0" timestamp="11 Oct 2018 16:48:34 GMT" time="40.200" errors="0">
  <testcase name="signInCms" time="10.177" classname="com.tcs.BsiShopRedesign.cms.VerifyCmsDetails"/>
  <testcase name="verifyCmsDetails" time="30.023" classname="com.tcs.BsiShopRedesign.cms.VerifyCmsDetails"/>
</testsuite> <!-- com.tcs.BsiShopRedesign.cms.VerifyCmsDetails -->
