<?xml version="1.0" encoding="UTF-8"?>
<!-- Generated by org.testng.reporters.JUnitReportReporter -->
<testsuite hostname="ShopRedesign04" name="com.tcs.BsiShopRedesign.sprint3.CheckWithdrawnStatus" tests="3" failures="0" timestamp="28 Jan 2019 18:33:18 GMT" time="73.703" errors="0">
  <testcase name="checkBookStatus" time="20.532" classname="com.tcs.BsiShopRedesign.sprint3.CheckWithdrawnStatus"/>
  <testcase name="checkProductStatus" time="21.408" classname="com.tcs.BsiShopRedesign.sprint3.CheckWithdrawnStatus"/>
  <testcase name="checkEventStatus" time="31.763" classname="com.tcs.BsiShopRedesign.sprint3.CheckWithdrawnStatus"/>
</testsuite> <!-- com.tcs.BsiShopRedesign.sprint3.CheckWithdrawnStatus -->
