<?xml version="1.0" encoding="UTF-8"?>
<!-- Generated by org.testng.reporters.JUnitReportReporter -->
<testsuite hostname="ShopRedesign04" name="com.tcs.BsiShopRedesign.sprint9.VerifyOrderDetailsWithCMS" tests="2" failures="0" timestamp="10 Dec 2018 16:37:48 GMT" time="161.072" errors="0">
  <testcase name="signIn" time="17.560" classname="com.tcs.BsiShopRedesign.sprint9.VerifyOrderDetailsWithCMS"/>
  <testcase name="applyPromoCode" time="143.512" classname="com.tcs.BsiShopRedesign.sprint9.VerifyOrderDetailsWithCMS"/>
</testsuite> <!-- com.tcs.BsiShopRedesign.sprint9.VerifyOrderDetailsWithCMS -->
