<?xml version="1.0" encoding="UTF-8"?>
<!-- Generated by org.testng.reporters.JUnitReportReporter -->
<testsuite hostname="ShopRedesign04" name="com.tcs.BsiShopRedesign.sprint8.VerifyHardCopyDetails" tests="2" failures="0" timestamp="22 Jan 2019 17:54:39 GMT" time="204.487" errors="0">
  <testcase name="signIn" time="16.278" classname="com.tcs.BsiShopRedesign.sprint8.VerifyHardCopyDetails"/>
  <testcase name="verifyHardCopyDeliveryDetails" time="188.209" classname="com.tcs.BsiShopRedesign.sprint8.VerifyHardCopyDetails"/>
</testsuite> <!-- com.tcs.BsiShopRedesign.sprint8.VerifyHardCopyDetails -->
