<?xml version="1.0" encoding="UTF-8"?>
<!-- Generated by org.testng.reporters.JUnitReportReporter -->
<testsuite hostname="ShopRedesign04" name="com.tcs.BsiShopRedesign.sprint8.EditOrderDetailsFromCheckout" tests="2" failures="0" timestamp="28 Jan 2019 18:33:18 GMT" time="261.258" errors="0">
  <testcase name="verifyHardCopyDeliveryDetails" time="244.906" classname="com.tcs.BsiShopRedesign.sprint8.EditOrderDetailsFromCheckout"/>
  <testcase name="signIn" time="16.352" classname="com.tcs.BsiShopRedesign.sprint8.EditOrderDetailsFromCheckout"/>
</testsuite> <!-- com.tcs.BsiShopRedesign.sprint8.EditOrderDetailsFromCheckout -->
