<?xml version="1.0" encoding="UTF-8"?>
<!-- Generated by org.testng.reporters.JUnitReportReporter -->
<testsuite hostname="ShopRedesign04" name="com.tcs.BsiShopRedesign.sprint3.CheckBlankSearchResult" tests="1" failures="0" timestamp="16 Aug 2018 16:59:27 GMT" time="22.333" errors="0">
  <testcase name="blankSearch" time="22.333" classname="com.tcs.BsiShopRedesign.sprint3.CheckBlankSearchResult"/>
</testsuite> <!-- com.tcs.BsiShopRedesign.sprint3.CheckBlankSearchResult -->
