<?xml version="1.0" encoding="UTF-8"?>
<!-- Generated by org.testng.reporters.JUnitReportReporter -->
<testsuite hostname="ShopRedesign04" name="com.tcs.BsiShopRedesign.sprint2.CheckWarningMsgAddtoBasket" tests="1" failures="0" timestamp="2 Aug 2018 08:53:24 GMT" time="50.000" errors="0">
  <testcase name="checkWarningMsgPDF" time="50.000" classname="com.tcs.BsiShopRedesign.sprint2.CheckWarningMsgAddtoBasket"/>
</testsuite> <!-- com.tcs.BsiShopRedesign.sprint2.CheckWarningMsgAddtoBasket -->
