<?xml version="1.0" encoding="UTF-8"?>
<!-- Generated by org.testng.reporters.JUnitReportReporter -->
<testsuite hostname="ShopRedesign04" name="com.tcs.BsiShopRedesign.sprint9.VerifyFooterHyperlinks" tests="2" failures="0" timestamp="10 Dec 2018 16:37:48 GMT" time="148.967" errors="0">
  <testcase name="otherBSIWebsites" time="94.969" classname="com.tcs.BsiShopRedesign.sprint9.VerifyFooterHyperlinks"/>
  <testcase name="otherServices" time="53.998" classname="com.tcs.BsiShopRedesign.sprint9.VerifyFooterHyperlinks"/>
</testsuite> <!-- com.tcs.BsiShopRedesign.sprint9.VerifyFooterHyperlinks -->
