<?xml version="1.0" encoding="UTF-8"?>
<!-- Generated by org.testng.reporters.JUnitReportReporter -->
<testsuite hostname="ShopRedesign04" name="com.tcs.BsiShopRedesign.sprint8.VerifyPDFPreviewing" tests="1" failures="0" timestamp="18 Sep 2018 16:33:31 GMT" time="50.845" errors="0">
  <testcase name="verifyMemberLink" time="50.845" classname="com.tcs.BsiShopRedesign.sprint8.VerifyPDFPreviewing"/>
</testsuite> <!-- com.tcs.BsiShopRedesign.sprint8.VerifyPDFPreviewing -->
