<?xml version="1.0" encoding="UTF-8"?>
<!-- Generated by org.testng.reporters.JUnitReportReporter -->
<testsuite hostname="ShopRedesign04" name="com.tcs.BsiShopRedesign.cms.VerifyCmsDetails" tests="2" failures="0" timestamp="27 Oct 2018 14:40:45 GMT" time="73.991" errors="0">
  <testcase name="verifyCmsDetails" time="62.571" classname="com.tcs.BsiShopRedesign.cms.VerifyCmsDetails"/>
  <testcase name="signInCms" time="11.420" classname="com.tcs.BsiShopRedesign.cms.VerifyCmsDetails"/>
</testsuite> <!-- com.tcs.BsiShopRedesign.cms.VerifyCmsDetails -->
