<?xml version="1.0" encoding="UTF-8"?>
<!-- Generated by org.testng.reporters.JUnitReportReporter -->
<testsuite hostname="ShopRedesign04" name="com.tcs.BsiShopRedesign.sprint2.RegisterSubscriptions" tests="3" failures="0" timestamp="11 Oct 2018 11:35:31 GMT" time="144.295" errors="0">
  <testcase name="regCNQuote" time="41.942" classname="com.tcs.BsiShopRedesign.sprint2.RegisterSubscriptions"/>
  <testcase name="regEurocodes" time="36.285" classname="com.tcs.BsiShopRedesign.sprint2.RegisterSubscriptions"/>
  <testcase name="regBSOLQuote" time="66.068" classname="com.tcs.BsiShopRedesign.sprint2.RegisterSubscriptions"/>
</testsuite> <!-- com.tcs.BsiShopRedesign.sprint2.RegisterSubscriptions -->
