<?xml version="1.0" encoding="UTF-8"?>
<!-- Generated by org.testng.reporters.JUnitReportReporter -->
<testsuite hostname="ShopRedesign04" name="com.tcs.BsiShopRedesign.sprint2.MultipleEventUpdateBasket" tests="2" failures="0" timestamp="15 Nov 2018 16:13:58 GMT" time="198.332" errors="0">
  <testcase name="addAndUpdateMultipleEvents" time="185.128" classname="com.tcs.BsiShopRedesign.sprint2.MultipleEventUpdateBasket"/>
  <testcase name="signIn" time="13.204" classname="com.tcs.BsiShopRedesign.sprint2.MultipleEventUpdateBasket"/>
</testsuite> <!-- com.tcs.BsiShopRedesign.sprint2.MultipleEventUpdateBasket -->
