<?xml version="1.0" encoding="UTF-8"?>
<!-- Generated by org.testng.reporters.JUnitReportReporter -->
<testsuite hostname="ShopRedesign04" name="com.tcs.BsiShopRedesign.cms.CreateDeleteCMSPage" tests="2" failures="0" timestamp="15 Jan 2019 19:19:34 GMT" time="105.078" errors="0">
  <testcase name="verifyCmsDetails" time="97.968" classname="com.tcs.BsiShopRedesign.cms.CreateDeleteCMSPage"/>
  <testcase name="signInCms" time="7.110" classname="com.tcs.BsiShopRedesign.cms.CreateDeleteCMSPage"/>
</testsuite> <!-- com.tcs.BsiShopRedesign.cms.CreateDeleteCMSPage -->
