<?xml version="1.0" encoding="UTF-8"?>
<!-- Generated by org.testng.reporters.JUnitReportReporter -->
<testsuite hostname="ShopRedesign04" name="com.tcs.BsiShopRedesign.sprint3.CheckWithdrawnStatus" tests="3" failures="0" timestamp="3 Sep 2018 16:43:37 GMT" time="77.150" errors="0">
  <testcase name="checkProductStatus" time="29.382" classname="com.tcs.BsiShopRedesign.sprint3.CheckWithdrawnStatus"/>
  <testcase name="checkEventStatus" time="23.864" classname="com.tcs.BsiShopRedesign.sprint3.CheckWithdrawnStatus"/>
  <testcase name="checkBookStatus" time="23.904" classname="com.tcs.BsiShopRedesign.sprint3.CheckWithdrawnStatus"/>
</testsuite> <!-- com.tcs.BsiShopRedesign.sprint3.CheckWithdrawnStatus -->
