<?xml version="1.0" encoding="UTF-8"?>
<!-- Generated by org.testng.reporters.JUnitReportReporter -->
<testsuite hostname="ShopRedesign04" name="com.tcs.BsiShopRedesign.sprint2.EssentialsProductAndEventRemoveBasket" tests="2" failures="0" timestamp="14 Nov 2018 16:57:36 GMT" time="118.167" errors="0">
  <testcase name="signIn" time="16.866" classname="com.tcs.BsiShopRedesign.sprint2.EssentialsProductAndEventRemoveBasket"/>
  <testcase name="BookPaidEventAndStandardProduct" time="101.301" classname="com.tcs.BsiShopRedesign.sprint2.EssentialsProductAndEventRemoveBasket"/>
</testsuite> <!-- com.tcs.BsiShopRedesign.sprint2.EssentialsProductAndEventRemoveBasket -->
