<?xml version="1.0" encoding="UTF-8"?>
<!-- Generated by org.testng.reporters.JUnitReportReporter -->
<testsuite hostname="ShopRedesign04" name="com.tcs.BsiShopRedesign.cms.VerifyPromoCodeList" tests="2" failures="0" timestamp="14 Nov 2018 16:57:36 GMT" time="23.736" errors="0">
  <testcase name="verifyCmsDetails" time="15.867" classname="com.tcs.BsiShopRedesign.cms.VerifyPromoCodeList"/>
  <testcase name="signInCms" time="7.869" classname="com.tcs.BsiShopRedesign.cms.VerifyPromoCodeList"/>
</testsuite> <!-- com.tcs.BsiShopRedesign.cms.VerifyPromoCodeList -->
