<?xml version="1.0" encoding="UTF-8"?>
<!-- Generated by org.testng.reporters.JUnitReportReporter -->
<testsuite hostname="ShopRedesign04" name="com.tcs.BsiShopRedesign.sprint1.MyProfileTenAddresses" tests="5" failures="0" timestamp="10 Dec 2018 16:37:48 GMT" time="666.866" errors="0">
  <testcase name="signIn" time="8.385" classname="com.tcs.BsiShopRedesign.sprint1.MyProfileTenAddresses"/>
  <testcase name="addTenDeliveryAddress" time="204.619" classname="com.tcs.BsiShopRedesign.sprint1.MyProfileTenAddresses"/>
  <testcase name="deleteTenBillingAddress" time="76.601" classname="com.tcs.BsiShopRedesign.sprint1.MyProfileTenAddresses"/>
  <testcase name="deleteTenDeliveryAddress" time="125.819" classname="com.tcs.BsiShopRedesign.sprint1.MyProfileTenAddresses"/>
  <testcase name="addTenBillingAddress" time="251.442" classname="com.tcs.BsiShopRedesign.sprint1.MyProfileTenAddresses"/>
</testsuite> <!-- com.tcs.BsiShopRedesign.sprint1.MyProfileTenAddresses -->
