<?xml version="1.0" encoding="UTF-8"?>
<!-- Generated by org.testng.reporters.JUnitReportReporter -->
<testsuite hostname="ShopRedesign04" name="com.tcs.BsiShopRedesign.sprint7.EditCheckoutBillingAddress" tests="2" failures="0" timestamp="22 Jan 2019 17:54:39 GMT" time="112.929" errors="0">
  <testcase name="editBillingAddress" time="96.480" classname="com.tcs.BsiShopRedesign.sprint7.EditCheckoutBillingAddress"/>
  <testcase name="signIn" time="16.449" classname="com.tcs.BsiShopRedesign.sprint7.EditCheckoutBillingAddress"/>
</testsuite> <!-- com.tcs.BsiShopRedesign.sprint7.EditCheckoutBillingAddress -->
