<?xml version="1.0" encoding="UTF-8"?>
<!-- Generated by org.testng.reporters.JUnitReportReporter -->
<testsuite hostname="ShopRedesign04" name="com.tcs.BsiShopRedesign.cms.ResetPassword" tests="2" failures="0" timestamp="13 Nov 2018 17:09:44 GMT" time="26.999" errors="0">
  <testcase name="signInCms" time="8.062" classname="com.tcs.BsiShopRedesign.cms.ResetPassword"/>
  <testcase name="verifyCmsDetails" time="18.937" classname="com.tcs.BsiShopRedesign.cms.ResetPassword"/>
</testsuite> <!-- com.tcs.BsiShopRedesign.cms.ResetPassword -->
