<?xml version="1.0" encoding="UTF-8"?>
<!-- Generated by org.testng.reporters.JUnitReportReporter -->
<testsuite hostname="ShopRedesign04" name="com.tcs.BsiShopRedesign.sprint9.VerifyForgotPassword" tests="1" failures="0" timestamp="5 Dec 2018 20:56:36 GMT" time="9.269" errors="0">
  <testcase name="validateCheckoutNonUKDetailsHardCopy" time="9.269" classname="com.tcs.BsiShopRedesign.sprint9.VerifyForgotPassword"/>
</testsuite> <!-- com.tcs.BsiShopRedesign.sprint9.VerifyForgotPassword -->
