<?xml version="1.0" encoding="UTF-8"?>
<!-- Generated by org.testng.reporters.JUnitReportReporter -->
<testsuite hostname="ShopRedesign04" name="com.tcs.BsiShopRedesign.sprint4_5.VerifyProductStatusWithColorCode" tests="5" failures="0" timestamp="10 Dec 2018 16:37:49 GMT" time="813.820" errors="0">
  <testcase name="currentDraftStatusColorCode" time="191.948" classname="com.tcs.BsiShopRedesign.sprint4_5.VerifyProductStatusWithColorCode"/>
  <testcase name="currentRevisionUnderwayStatusColorCode" time="190.815" classname="com.tcs.BsiShopRedesign.sprint4_5.VerifyProductStatusWithColorCode"/>
  <testcase name="currentUnderReviewStatusColorCode" time="205.650" classname="com.tcs.BsiShopRedesign.sprint4_5.VerifyProductStatusWithColorCode"/>
  <testcase name="withdrawnStatusColorCode" time="126.596" classname="com.tcs.BsiShopRedesign.sprint4_5.VerifyProductStatusWithColorCode"/>
  <testcase name="currentStatusColorCode" time="98.811" classname="com.tcs.BsiShopRedesign.sprint4_5.VerifyProductStatusWithColorCode"/>
</testsuite> <!-- com.tcs.BsiShopRedesign.sprint4_5.VerifyProductStatusWithColorCode -->
