<?xml version="1.0" encoding="UTF-8"?>
<!-- Generated by org.testng.reporters.JUnitReportReporter -->
<testsuite hostname="ShopRedesign04" name="com.tcs.BsiShopRedesign.sprint8.VerifyPDFPreviewing" tests="1" failures="0" timestamp="16 Oct 2018 18:13:12 GMT" time="57.016" errors="0">
  <testcase name="verifyMemberLink" time="57.016" classname="com.tcs.BsiShopRedesign.sprint8.VerifyPDFPreviewing"/>
</testsuite> <!-- com.tcs.BsiShopRedesign.sprint8.VerifyPDFPreviewing -->
