<?xml version="1.0" encoding="UTF-8"?>
<!-- Generated by org.testng.reporters.JUnitReportReporter -->
<testsuite hostname="ShopRedesign04" name="com.tcs.BsiShopRedesign.sprint2.EssentialsProductAndEventRemoveBasket" tests="2" failures="0" timestamp="10 Dec 2018 16:37:48 GMT" time="121.762" errors="0">
  <testcase name="signIn" time="17.758" classname="com.tcs.BsiShopRedesign.sprint2.EssentialsProductAndEventRemoveBasket"/>
  <testcase name="BookPaidEventAndStandardProduct" time="104.004" classname="com.tcs.BsiShopRedesign.sprint2.EssentialsProductAndEventRemoveBasket"/>
</testsuite> <!-- com.tcs.BsiShopRedesign.sprint2.EssentialsProductAndEventRemoveBasket -->
