<?xml version="1.0" encoding="UTF-8"?>
<!-- Generated by org.testng.reporters.JUnitReportReporter -->
<testsuite hostname="ShopRedesign04" name="com.tcs.BsiShopRedesign.cms.ViewCMSPage" tests="2" failures="0" timestamp="22 Jan 2019 17:54:39 GMT" time="18.602" errors="0">
  <testcase name="signInCms" time="6.785" classname="com.tcs.BsiShopRedesign.cms.ViewCMSPage"/>
  <testcase name="verifyCmsDetails" time="11.817" classname="com.tcs.BsiShopRedesign.cms.ViewCMSPage"/>
</testsuite> <!-- com.tcs.BsiShopRedesign.cms.ViewCMSPage -->
