<?xml version="1.0" encoding="UTF-8"?>
<!-- Generated by org.testng.reporters.JUnitReportReporter -->
<testsuite hostname="ShopRedesign04" name="com.tcs.BsiShopRedesign.sprint8.EditOrderDetailsFromCheckout" tests="2" failures="0" timestamp="10 Jan 2019 19:44:20 GMT" time="260.618" errors="0">
  <testcase name="verifyHardCopyDeliveryDetails" time="244.235" classname="com.tcs.BsiShopRedesign.sprint8.EditOrderDetailsFromCheckout"/>
  <testcase name="signIn" time="16.383" classname="com.tcs.BsiShopRedesign.sprint8.EditOrderDetailsFromCheckout"/>
</testsuite> <!-- com.tcs.BsiShopRedesign.sprint8.EditOrderDetailsFromCheckout -->
