<?xml version="1.0" encoding="UTF-8"?>
<!-- Generated by org.testng.reporters.JUnitReportReporter -->
<testsuite hostname="ShopRedesign04" name="com.tcs.BsiShopRedesign.sprint4_5.AddInvoiceToBasketFromMemTab" tests="2" failures="0" timestamp="13 Nov 2018 17:09:44 GMT" time="29.890" errors="0">
  <testcase name="signInMember" time="8.499" classname="com.tcs.BsiShopRedesign.sprint4_5.AddInvoiceToBasketFromMemTab"/>
  <testcase name="AddInvoiceToBasket" time="21.391" classname="com.tcs.BsiShopRedesign.sprint4_5.AddInvoiceToBasketFromMemTab"/>
</testsuite> <!-- com.tcs.BsiShopRedesign.sprint4_5.AddInvoiceToBasketFromMemTab -->
