<?xml version="1.0" encoding="UTF-8"?>
<!-- Generated by org.testng.reporters.JUnitReportReporter -->
<testsuite hostname="ShopRedesign02" name="com.tcs.BsiShopRedesign.sprint2.CheckWarningMsgAddtoBasket" tests="1" failures="0" timestamp="24 May 2018 16:47:08 GMT" time="93.398" errors="0">
  <testcase name="checkWarningMsgPDF" time="93.398" classname="com.tcs.BsiShopRedesign.sprint2.CheckWarningMsgAddtoBasket"/>
</testsuite> <!-- com.tcs.BsiShopRedesign.sprint2.CheckWarningMsgAddtoBasket -->
