<?xml version="1.0" encoding="UTF-8"?>
<!-- Generated by org.testng.reporters.JUnitReportReporter -->
<testsuite hostname="ShopRedesign04" name="com.tcs.BsiShopRedesign.sprint9.VerifyContactUs" tests="1" failures="0" timestamp="11 Oct 2018 14:34:51 GMT" time="19.768" errors="0">
  <testcase name="contactUs" time="19.768" classname="com.tcs.BsiShopRedesign.sprint9.VerifyContactUs"/>
</testsuite> <!-- com.tcs.BsiShopRedesign.sprint9.VerifyContactUs -->
