<?xml version="1.0" encoding="UTF-8"?>
<!-- Generated by org.testng.reporters.JUnitReportReporter -->
<testsuite hostname="ShopRedesign04" name="com.tcs.BsiShopRedesign.sprint2.RegisterMUNLCode" tests="1" failures="0" timestamp="11 Oct 2018 16:48:34 GMT" time="122.821" errors="0">
  <testcase name="registerMUNL" time="122.821" classname="com.tcs.BsiShopRedesign.sprint2.RegisterMUNLCode"/>
</testsuite> <!-- com.tcs.BsiShopRedesign.sprint2.RegisterMUNLCode -->
