<?xml version="1.0" encoding="UTF-8"?>
<!-- Generated by org.testng.reporters.JUnitReportReporter -->
<testsuite hostname="ShopRedesign04" name="com.tcs.BsiShopRedesign.sprint8.VerifyMemberDetails" tests="3" failures="0" timestamp="15 Nov 2018 16:13:58 GMT" time="77.263" errors="0">
  <testcase name="signInMember" time="12.887" classname="com.tcs.BsiShopRedesign.sprint8.VerifyMemberDetails"/>
  <testcase name="enterEmailID" time="19.889" classname="com.tcs.BsiShopRedesign.sprint8.VerifyMemberDetails"/>
  <testcase name="verifyMemberLink" time="44.487" classname="com.tcs.BsiShopRedesign.sprint8.VerifyMemberDetails"/>
</testsuite> <!-- com.tcs.BsiShopRedesign.sprint8.VerifyMemberDetails -->
