<?xml version="1.0" encoding="UTF-8"?>
<!-- Generated by org.testng.reporters.JUnitReportReporter -->
<testsuite hostname="ShopRedesign04" name="com.tcs.BsiShopRedesign.sprint3.CheckWithdrawnStatus" tests="3" failures="0" timestamp="22 Jan 2019 17:54:39 GMT" time="71.068" errors="0">
  <testcase name="checkEventStatus" time="22.111" classname="com.tcs.BsiShopRedesign.sprint3.CheckWithdrawnStatus"/>
  <testcase name="checkProductStatus" time="29.315" classname="com.tcs.BsiShopRedesign.sprint3.CheckWithdrawnStatus"/>
  <testcase name="checkBookStatus" time="19.642" classname="com.tcs.BsiShopRedesign.sprint3.CheckWithdrawnStatus"/>
</testsuite> <!-- com.tcs.BsiShopRedesign.sprint3.CheckWithdrawnStatus -->
