<?xml version="1.0" encoding="UTF-8"?>
<!-- Generated by org.testng.reporters.JUnitReportReporter -->
<testsuite hostname="ShopRedesign04" name="com.tcs.BsiShopRedesign.sprint9.VerifyContactUs" tests="1" failures="0" timestamp="28 Jan 2019 18:33:18 GMT" time="17.395" errors="0">
  <testcase name="contactUs" time="17.395" classname="com.tcs.BsiShopRedesign.sprint9.VerifyContactUs"/>
</testsuite> <!-- com.tcs.BsiShopRedesign.sprint9.VerifyContactUs -->
