<?xml version="1.0" encoding="UTF-8"?>
<!-- Generated by org.testng.reporters.JUnitReportReporter -->
<testsuite hostname="ShopRedesign04" name="com.tcs.BsiShopRedesign.cms.ResetPassword" tests="2" failures="0" timestamp="20 Dec 2018 18:44:51 GMT" time="69.421" errors="0">
  <testcase name="verifyCmsDetails" time="32.419" classname="com.tcs.BsiShopRedesign.cms.ResetPassword"/>
  <testcase name="signInCms" time="37.002" classname="com.tcs.BsiShopRedesign.cms.ResetPassword"/>
</testsuite> <!-- com.tcs.BsiShopRedesign.cms.ResetPassword -->
