<?xml version="1.0" encoding="UTF-8"?>
<!-- Generated by org.testng.reporters.JUnitReportReporter -->
<testsuite hostname="ShopRedesign04" name="com.tcs.BsiShopRedesign.cms.CreateCMSPageWithFolder" tests="2" failures="0" timestamp="22 Jan 2019 17:54:39 GMT" time="24.950" errors="0">
  <testcase name="signInCms" time="6.660" classname="com.tcs.BsiShopRedesign.cms.CreateCMSPageWithFolder"/>
  <testcase name="verifyCmsDetails" time="18.290" classname="com.tcs.BsiShopRedesign.cms.CreateCMSPageWithFolder"/>
</testsuite> <!-- com.tcs.BsiShopRedesign.cms.CreateCMSPageWithFolder -->
