<?xml version="1.0" encoding="UTF-8"?>
<!-- Generated by org.testng.reporters.JUnitReportReporter -->
<testsuite hostname="ShopRedesign04" name="com.tcs.BsiShopRedesign.cms.VerifyCmsDetails" tests="2" failures="0" timestamp="14 Nov 2018 16:57:36 GMT" time="51.698" errors="0">
  <testcase name="signInCms" time="10.254" classname="com.tcs.BsiShopRedesign.cms.VerifyCmsDetails"/>
  <testcase name="verifyCmsDetails" time="41.444" classname="com.tcs.BsiShopRedesign.cms.VerifyCmsDetails"/>
</testsuite> <!-- com.tcs.BsiShopRedesign.cms.VerifyCmsDetails -->
