<?xml version="1.0" encoding="UTF-8"?>
<!-- Generated by org.testng.reporters.JUnitReportReporter -->
<testsuite hostname="ShopRedesign04" name="com.tcs.BsiShopRedesign.sprint8.RenewMembership" tests="2" failures="0" timestamp="29 Oct 2018 17:24:46 GMT" time="96.432" errors="0">
  <testcase name="addRenewMembershipToBasket" time="85.983" classname="com.tcs.BsiShopRedesign.sprint8.RenewMembership"/>
  <testcase name="signInMember" time="10.449" classname="com.tcs.BsiShopRedesign.sprint8.RenewMembership"/>
</testsuite> <!-- com.tcs.BsiShopRedesign.sprint8.RenewMembership -->
