<?xml version="1.0" encoding="UTF-8"?>
<!-- Generated by org.testng.reporters.JUnitReportReporter -->
<testsuite hostname="ShopRedesign04" name="com.tcs.BsiShopRedesign.sprint8.VerifyHardCopyDetails" tests="2" failures="0" timestamp="11 Dec 2018 14:54:32 GMT" time="132.341" errors="0">
  <testcase name="signIn" time="17.592" classname="com.tcs.BsiShopRedesign.sprint8.VerifyHardCopyDetails"/>
  <testcase name="verifyHardCopyDeliveryDetails" time="114.749" classname="com.tcs.BsiShopRedesign.sprint8.VerifyHardCopyDetails"/>
</testsuite> <!-- com.tcs.BsiShopRedesign.sprint8.VerifyHardCopyDetails -->
