<?xml version="1.0" encoding="UTF-8"?>
<!-- Generated by org.testng.reporters.JUnitReportReporter -->
<testsuite hostname="ShopRedesign04" name="com.tcs.BsiShopRedesign.sprint9.ViewPDFInvoice" tests="2" failures="0" timestamp="15 Nov 2018 12:22:20 GMT" time="135.563" errors="0">
  <testcase name="signIn" time="19.415" classname="com.tcs.BsiShopRedesign.sprint9.ViewPDFInvoice"/>
  <testcase name="applyPromoCode" time="116.148" classname="com.tcs.BsiShopRedesign.sprint9.ViewPDFInvoice"/>
</testsuite> <!-- com.tcs.BsiShopRedesign.sprint9.ViewPDFInvoice -->
