<?xml version="1.0" encoding="UTF-8"?>
<!-- Generated by org.testng.reporters.JUnitReportReporter -->
<testsuite hostname="ShopRedesign04" name="com.tcs.BsiShopRedesign.sprint7.EditCheckoutBillingAddress" tests="2" failures="0" timestamp="25 Oct 2018 09:40:59 GMT" time="114.348" errors="0">
  <testcase name="signIn" time="37.110" classname="com.tcs.BsiShopRedesign.sprint7.EditCheckoutBillingAddress"/>
  <testcase name="editBillingAddress" time="77.238" classname="com.tcs.BsiShopRedesign.sprint7.EditCheckoutBillingAddress"/>
</testsuite> <!-- com.tcs.BsiShopRedesign.sprint7.EditCheckoutBillingAddress -->
