<?xml version="1.0" encoding="UTF-8"?>
<!-- Generated by org.testng.reporters.JUnitReportReporter -->
<testsuite hostname="ShopRedesign04" name="com.tcs.BsiShopRedesign.sprint2.RegisterMUNLCode" tests="1" failures="0" timestamp="11 Oct 2018 14:53:38 GMT" time="133.155" errors="0">
  <testcase name="registerMUNL" time="133.155" classname="com.tcs.BsiShopRedesign.sprint2.RegisterMUNLCode"/>
</testsuite> <!-- com.tcs.BsiShopRedesign.sprint2.RegisterMUNLCode -->
