<?xml version="1.0" encoding="UTF-8"?>
<!-- Generated by org.testng.reporters.JUnitReportReporter -->
<testsuite hostname="ShopRedesign04" name="com.tcs.BsiShopRedesign.cms.VerifyCmsDetails" tests="2" failures="0" timestamp="28 Jan 2019 18:33:18 GMT" time="194.349" errors="0">
  <testcase name="verifyCmsDetails" time="187.463" classname="com.tcs.BsiShopRedesign.cms.VerifyCmsDetails"/>
  <testcase name="signInCms" time="6.886" classname="com.tcs.BsiShopRedesign.cms.VerifyCmsDetails"/>
</testsuite> <!-- com.tcs.BsiShopRedesign.cms.VerifyCmsDetails -->
